#
# A fatal error has been detected by the Java Runtime Environment:
#
#  EXCEPTION_ACCESS_VIOLATION (0xc0000005) at pc=0x00000000741f34dc, pid=1184, tid=0x000000000000308c
#
# JRE version: OpenJDK Runtime Environment (8.0_242-b01) (build 1.8.0_242-release-1644-b01)
# Java VM: OpenJDK 64-Bit Server VM (25.242-b01 mixed mode windows-amd64 compressed oops)
# Problematic frame:
# V  [jvm.dll+0x534dc]
#
# Failed to write core dump. Minidumps are not enabled by default on client versions of Windows
#
# If you would like to submit a bug report, please visit:
#   
#

---------------  T H R E A D  ---------------

Current thread (0x0000000017a48800):  VMThread [stack: 0x0000000019710000,0x0000000019810000] [id=12428]

siginfo: ExceptionCode=0xc0000005, reading address 0x0000000000000000

Registers:
RAX=0x0000000000000000, RBX=0x000000001c9816a8, RCX=0x000000000000001f, RDX=0x0000000000000005
RSP=0x000000001980efe0, RBP=0x000000001980f050, RSI=0x000000001c9a54e0, RDI=0x000000001980f0c8
R8 =0x0000000000000005, R9 =0x0000000000000001, R10=0x0000000000000000, R11=0x00000000234aa8c8
R12=0x0000000000010a68, R13=0x0000000000010a68, R14=0x0000000000002cde, R15=0x000000001980f080
RIP=0x00000000741f34dc, EFLAGS=0x0000000000010246

Top of Stack: (sp=0x000000001980efe0)
0x000000001980efe0:   0000000000000000 00000000743f4fa0
0x000000001980eff0:   0000000074931630 00000000747bd5c0
0x000000001980f000:   00000000747bd5c0 0000000000000000
0x000000001980f010:   0000000074931680 0000000074931630
0x000000001980f020:   000000001980f180 00000000741f35bc
0x000000001980f030:   000000001980f0c4 0000000000000008
0x000000001980f040:   000000001980f0c8 0000000000000000
0x000000001980f050:   0000004200011f65 0000000023743ef0
0x000000001980f060:   0000000023744130 0000000000000000
0x000000001980f070:   0000000000000000 0000000074570113
0x000000001980f080:   0000000000090b20 00000000029892f0
0x000000001980f090:   0000000000000000 00000000747bd5c0
0x000000001980f0a0:   0000000074931630 000000000000000a
0x000000001980f0b0:   0000000074931630 000000000000000a
0x000000001980f0c0:   0000000000000001 0000000000000000
0x000000001980f0d0:   0000000000000000 00000000000007ac 

Instructions: (pc=0x00000000741f34dc)
0x00000000741f34bc:   00 0f 1f 00 f6 43 08 01 74 09 83 3d 0b 55 77 00
0x00000000741f34cc:   00 74 71 4c 8b 53 10 4c 63 0d 46 6d 73 00 33 c0
0x00000000741f34dc:   41 0f b7 0a 85 c9 0f 4f c1 48 63 d0 48 83 c2 0f
0x00000000741f34ec:   48 c1 ea 03 42 8d 44 0a ff 4c 63 c0 41 8d 41 ff 


Register to memory mapping:

RAX=0x0000000000000000 is an unknown value
RBX=0x000000001c9816a8 is an unknown value
RCX=0x000000000000001f is an unknown value
RDX=0x0000000000000005 is an unknown value
RSP=0x000000001980efe0 is an unknown value
RBP=0x000000001980f050 is an unknown value
RSI=0x000000001c9a54e0 is an unknown value
RDI=0x000000001980f0c8 is an unknown value
R8 =0x0000000000000005 is an unknown value
R9 =0x0000000000000001 is an unknown value
R10=0x0000000000000000 is an unknown value
R11=0x00000000234aa8c8 is an unknown value
R12=0x0000000000010a68 is an unknown value
R13=0x0000000000010a68 is an unknown value
R14=0x0000000000002cde is an unknown value
R15=0x000000001980f080 is an unknown value


Stack: [0x0000000019710000,0x0000000019810000],  sp=0x000000001980efe0,  free space=1019k
Native frames: (J=compiled Java code, j=interpreted, Vv=VM code, C=native code)
V  [jvm.dll+0x534dc]
V  [jvm.dll+0x535bc]
V  [jvm.dll+0x3d0113]
V  [jvm.dll+0x3d1444]
V  [jvm.dll+0x3d1a5b]
V  [jvm.dll+0x8ba35]
V  [jvm.dll+0x26a53c]
V  [jvm.dll+0x2275e7]
V  [jvm.dll+0x226862]
V  [jvm.dll+0x226d11]
V  [jvm.dll+0x226f40]
V  [jvm.dll+0x27276a]
C  [msvcr100.dll+0x21d9f]
C  [msvcr100.dll+0x21e3b]
C  [KERNEL32.DLL+0x17034]
C  [ntdll.dll+0x52651]

VM_Operation (0x000000002cf8c230): CollectForMetadataAllocation, mode: safepoint, requested by thread 0x000000001baff800


---------------  P R O C E S S  ---------------

Java Threads: ( => current thread )
  0x000000001baff800 JavaThread "pool-1-thread-1" [_thread_blocked, id=12236, stack(0x000000002ce90000,0x000000002cf90000)]
  0x00000000215ea000 JavaThread "jar transforms Thread 92" [_thread_blocked, id=1656, stack(0x000000002a490000,0x000000002a590000)]
  0x00000000215e6000 JavaThread "jar transforms Thread 91" [_thread_blocked, id=12804, stack(0x000000002a390000,0x000000002a490000)]
  0x00000000215e8800 JavaThread "jar transforms Thread 90" [_thread_blocked, id=1828, stack(0x000000002a290000,0x000000002a390000)]
  0x00000000215e7800 JavaThread "jar transforms Thread 89" [_thread_blocked, id=11888, stack(0x000000002a190000,0x000000002a290000)]
  0x00000000215e7000 JavaThread "jar transforms Thread 88" [_thread_blocked, id=10584, stack(0x000000002a090000,0x000000002a190000)]
  0x00000000215ea800 JavaThread "jar transforms Thread 87" [_thread_blocked, id=2112, stack(0x0000000029f90000,0x000000002a090000)]
  0x00000000215e5800 JavaThread "jar transforms Thread 86" [_thread_blocked, id=7884, stack(0x0000000029e90000,0x0000000029f90000)]
  0x00000000215e9000 JavaThread "jar transforms Thread 85" [_thread_blocked, id=1652, stack(0x0000000029d90000,0x0000000029e90000)]
  0x00000000215e2800 JavaThread "jar transforms Thread 84" [_thread_blocked, id=3004, stack(0x0000000029c90000,0x0000000029d90000)]
  0x00000000215e3000 JavaThread "jar transforms Thread 83" [_thread_blocked, id=8724, stack(0x0000000029b90000,0x0000000029c90000)]
  0x00000000215dd000 JavaThread "jar transforms Thread 82" [_thread_blocked, id=11400, stack(0x0000000029a90000,0x0000000029b90000)]
  0x00000000215de800 JavaThread "jar transforms Thread 81" [_thread_blocked, id=9664, stack(0x0000000029990000,0x0000000029a90000)]
  0x00000000215e1800 JavaThread "jar transforms Thread 80" [_thread_blocked, id=544, stack(0x0000000029890000,0x0000000029990000)]
  0x00000000215e1000 JavaThread "jar transforms Thread 79" [_thread_blocked, id=13800, stack(0x0000000029790000,0x0000000029890000)]
  0x00000000215dd800 JavaThread "jar transforms Thread 78" [_thread_blocked, id=11948, stack(0x0000000029690000,0x0000000029790000)]
  0x00000000215e4000 JavaThread "jar transforms Thread 77" [_thread_blocked, id=6248, stack(0x0000000029590000,0x0000000029690000)]
  0x00000000215e0000 JavaThread "jar transforms Thread 76" [_thread_blocked, id=14832, stack(0x0000000029490000,0x0000000029590000)]
  0x00000000215df800 JavaThread "jar transforms Thread 75" [_thread_blocked, id=5068, stack(0x0000000029390000,0x0000000029490000)]
  0x00000000215dc000 JavaThread "jar transforms Thread 74" [_thread_blocked, id=3076, stack(0x0000000029290000,0x0000000029390000)]
  0x00000000215da800 JavaThread "jar transforms Thread 73" [_thread_blocked, id=7132, stack(0x0000000029190000,0x0000000029290000)]
  0x00000000215da000 JavaThread "jar transforms Thread 72" [_thread_blocked, id=13744, stack(0x0000000029090000,0x0000000029190000)]
  0x00000000215d8800 JavaThread "jar transforms Thread 71" [_thread_blocked, id=3016, stack(0x0000000028f90000,0x0000000029090000)]
  0x00000000215d9000 JavaThread "jar transforms Thread 70" [_thread_blocked, id=3784, stack(0x0000000028e90000,0x0000000028f90000)]
  0x00000000215d7800 JavaThread "jar transforms Thread 69" [_thread_blocked, id=14768, stack(0x0000000028d90000,0x0000000028e90000)]
  0x00000000215d7000 JavaThread "jar transforms Thread 68" [_thread_blocked, id=9696, stack(0x0000000028c90000,0x0000000028d90000)]
  0x00000000215db800 JavaThread "jar transforms Thread 67" [_thread_blocked, id=572, stack(0x0000000028b90000,0x0000000028c90000)]
  0x00000000215cf800 JavaThread "jar transforms Thread 66" [_thread_blocked, id=5232, stack(0x0000000028a90000,0x0000000028b90000)]
  0x00000000215d6000 JavaThread "jar transforms Thread 65" [_thread_blocked, id=13280, stack(0x0000000028990000,0x0000000028a90000)]
  0x00000000215d5800 JavaThread "jar transforms Thread 64" [_thread_blocked, id=10228, stack(0x0000000028890000,0x0000000028990000)]
  0x00000000215d4800 JavaThread "jar transforms Thread 63" [_thread_blocked, id=7500, stack(0x0000000028790000,0x0000000028890000)]
  0x00000000215d4000 JavaThread "jar transforms Thread 62" [_thread_blocked, id=12568, stack(0x0000000028690000,0x0000000028790000)]
  0x00000000215d3000 JavaThread "jar transforms Thread 61" [_thread_blocked, id=4728, stack(0x0000000028590000,0x0000000028690000)]
  0x00000000215d2800 JavaThread "jar transforms Thread 60" [_thread_blocked, id=8356, stack(0x0000000028490000,0x0000000028590000)]
  0x00000000215cd800 JavaThread "jar transforms Thread 59" [_thread_blocked, id=12316, stack(0x0000000028390000,0x0000000028490000)]
  0x00000000215d1000 JavaThread "jar transforms Thread 58" [_thread_blocked, id=4024, stack(0x0000000028290000,0x0000000028390000)]
  0x00000000215ce800 JavaThread "jar transforms Thread 57" [_thread_blocked, id=13788, stack(0x0000000028190000,0x0000000028290000)]
  0x00000000215cd000 JavaThread "jar transforms Thread 56" [_thread_blocked, id=11404, stack(0x0000000028090000,0x0000000028190000)]
  0x00000000215d0000 JavaThread "jar transforms Thread 55" [_thread_blocked, id=2632, stack(0x0000000027f90000,0x0000000028090000)]
  0x00000000215d1800 JavaThread "jar transforms Thread 54" [_thread_blocked, id=12296, stack(0x0000000027e90000,0x0000000027f90000)]
  0x000000001fee6000 JavaThread "jar transforms Thread 53" [_thread_blocked, id=3480, stack(0x0000000027d90000,0x0000000027e90000)]
  0x000000001fee5800 JavaThread "jar transforms Thread 52" [_thread_blocked, id=1920, stack(0x0000000027c90000,0x0000000027d90000)]
  0x000000001fee8800 JavaThread "jar transforms Thread 51" [_thread_blocked, id=276, stack(0x0000000027b90000,0x0000000027c90000)]
  0x000000001fee9000 JavaThread "jar transforms Thread 50" [_thread_blocked, id=10500, stack(0x0000000027a90000,0x0000000027b90000)]
  0x000000001fee7800 JavaThread "jar transforms Thread 49" [_thread_blocked, id=2608, stack(0x0000000027990000,0x0000000027a90000)]
  0x000000001fee4800 JavaThread "jar transforms Thread 48" [_thread_blocked, id=8400, stack(0x0000000027890000,0x0000000027990000)]
  0x000000001fee7000 JavaThread "jar transforms Thread 47" [_thread_blocked, id=1636, stack(0x0000000027790000,0x0000000027890000)]
  0x000000001fedd000 JavaThread "jar transforms Thread 46" [_thread_blocked, id=4516, stack(0x0000000027690000,0x0000000027790000)]
  0x000000001fee4000 JavaThread "jar transforms Thread 45" [_thread_blocked, id=10060, stack(0x0000000027590000,0x0000000027690000)]
  0x000000001fedc800 JavaThread "jar transforms Thread 44" [_thread_blocked, id=13592, stack(0x0000000027490000,0x0000000027590000)]
  0x000000001fee3000 JavaThread "jar transforms Thread 43" [_thread_blocked, id=9260, stack(0x0000000027390000,0x0000000027490000)]
  0x000000001fedb800 JavaThread "jar transforms Thread 42" [_thread_blocked, id=6524, stack(0x0000000027290000,0x0000000027390000)]
  0x000000001fede800 JavaThread "jar transforms Thread 41" [_thread_blocked, id=10684, stack(0x0000000027190000,0x0000000027290000)]
  0x000000001fee2800 JavaThread "jar transforms Thread 40" [_thread_blocked, id=4984, stack(0x0000000027090000,0x0000000027190000)]
  0x000000001fedb000 JavaThread "jar transforms Thread 39" [_thread_blocked, id=11424, stack(0x0000000026f90000,0x0000000027090000)]
  0x000000001fede000 JavaThread "jar transforms Thread 38" [_thread_blocked, id=7668, stack(0x0000000026e90000,0x0000000026f90000)]
  0x000000001fee1800 JavaThread "jar transforms Thread 37" [_thread_blocked, id=13672, stack(0x0000000026d90000,0x0000000026e90000)]
  0x000000001feda000 JavaThread "jar transforms Thread 36" [_thread_blocked, id=2064, stack(0x0000000026c90000,0x0000000026d90000)]
  0x000000001fedf800 JavaThread "jar transforms Thread 35" [_thread_blocked, id=6828, stack(0x0000000026b90000,0x0000000026c90000)]
  0x000000001fee1000 JavaThread "jar transforms Thread 34" [_thread_blocked, id=3052, stack(0x0000000026a90000,0x0000000026b90000)]
  0x000000001fee0000 JavaThread "jar transforms Thread 33" [_thread_blocked, id=5712, stack(0x0000000026990000,0x0000000026a90000)]
  0x000000001ce0e800 JavaThread "jar transforms Thread 32" [_thread_blocked, id=6656, stack(0x0000000026890000,0x0000000026990000)]
  0x000000001ce0e000 JavaThread "jar transforms Thread 31" [_thread_blocked, id=15008, stack(0x0000000026790000,0x0000000026890000)]
  0x000000001ce0d000 JavaThread "jar transforms Thread 30" [_thread_blocked, id=3920, stack(0x0000000026690000,0x0000000026790000)]
  0x000000001ce0c800 JavaThread "jar transforms Thread 29" [_thread_blocked, id=9832, stack(0x0000000026590000,0x0000000026690000)]
  0x000000001ce11000 JavaThread "jar transforms Thread 28" [_thread_blocked, id=12132, stack(0x0000000026490000,0x0000000026590000)]
  0x000000001ce0b000 JavaThread "jar transforms Thread 27" [_thread_blocked, id=14080, stack(0x0000000026390000,0x0000000026490000)]
  0x000000001ce10000 JavaThread "jar transforms Thread 26" [_thread_blocked, id=916, stack(0x0000000026290000,0x0000000026390000)]
  0x000000001ce0f800 JavaThread "jar transforms Thread 25" [_thread_blocked, id=3136, stack(0x0000000026190000,0x0000000026290000)]
  0x000000001ce0b800 JavaThread "jar transforms Thread 24" [_thread_blocked, id=1424, stack(0x0000000026090000,0x0000000026190000)]
  0x000000001ce06800 JavaThread "jar transforms Thread 23" [_thread_blocked, id=9028, stack(0x0000000025f90000,0x0000000026090000)]
  0x000000001ce08000 JavaThread "jar transforms Thread 22" [_thread_blocked, id=15164, stack(0x0000000025e90000,0x0000000025f90000)]
  0x000000001ce03800 JavaThread "jar transforms Thread 21" [_thread_blocked, id=6452, stack(0x0000000025d90000,0x0000000025e90000)]
  0x000000001ce0a000 JavaThread "jar transforms Thread 20" [_thread_blocked, id=1556, stack(0x0000000025c90000,0x0000000025d90000)]
  0x000000001ce02800 JavaThread "jar transforms Thread 19" [_thread_blocked, id=2316, stack(0x0000000025b90000,0x0000000025c90000)]
  0x000000001ce05000 JavaThread "jar transforms Thread 18" [_thread_blocked, id=5796, stack(0x0000000025a90000,0x0000000025b90000)]
  0x000000001ce05800 JavaThread "jar transforms Thread 17" [_thread_blocked, id=7612, stack(0x0000000025990000,0x0000000025a90000)]
  0x000000001ce09800 JavaThread "jar transforms Thread 16" [_thread_blocked, id=5848, stack(0x0000000025890000,0x0000000025990000)]
  0x000000001ce08800 JavaThread "jar transforms Thread 15" [_thread_blocked, id=12640, stack(0x0000000025790000,0x0000000025890000)]
  0x000000001ce07000 JavaThread "jar transforms Thread 14" [_thread_blocked, id=7376, stack(0x0000000025690000,0x0000000025790000)]
  0x000000001ce04000 JavaThread "jar transforms Thread 13" [_thread_blocked, id=12048, stack(0x0000000025590000,0x0000000025690000)]
  0x000000001ce02000 JavaThread "jar transforms Thread 12" [_thread_blocked, id=9468, stack(0x0000000025490000,0x0000000025590000)]
  0x000000001a85e000 JavaThread "jar transforms Thread 11" [_thread_blocked, id=15204, stack(0x0000000025390000,0x0000000025490000)]
  0x000000001a85d000 JavaThread "jar transforms Thread 10" [_thread_blocked, id=8304, stack(0x0000000025290000,0x0000000025390000)]
  0x000000001a862800 JavaThread "jar transforms Thread 9" [_thread_blocked, id=9828, stack(0x0000000025190000,0x0000000025290000)]
  0x000000001a860000 JavaThread "jar transforms Thread 8" [_thread_blocked, id=5104, stack(0x0000000025090000,0x0000000025190000)]
  0x000000001a85e800 JavaThread "jar transforms Thread 7" [_thread_blocked, id=4840, stack(0x0000000024f90000,0x0000000025090000)]
  0x000000001a861800 JavaThread "jar transforms Thread 6" [_thread_blocked, id=14492, stack(0x0000000024e90000,0x0000000024f90000)]
  0x000000001a85b800 JavaThread "jar transforms Thread 5" [_thread_blocked, id=10404, stack(0x0000000024d90000,0x0000000024e90000)]
  0x000000001a85c000 JavaThread "jar transforms Thread 4" [_thread_blocked, id=5012, stack(0x0000000024c90000,0x0000000024d90000)]
  0x000000001a861000 JavaThread "jar transforms Thread 3" [_thread_blocked, id=10652, stack(0x0000000024b90000,0x0000000024c90000)]
  0x000000001a85f800 JavaThread "jar transforms Thread 2" [_thread_blocked, id=1952, stack(0x0000000024a90000,0x0000000024b90000)]
  0x000000001c809000 JavaThread "Cache worker for file content cache (C:\Users\lmsiu\.gradle\caches\6.5\fileContent)" [_thread_blocked, id=4300, stack(0x0000000022ac0000,0x0000000022bc0000)]
  0x000000001c806000 JavaThread "jar transforms" [_thread_blocked, id=14368, stack(0x0000000022240000,0x0000000022340000)]
  0x000000001c805000 JavaThread "Cache worker for execution history cache (C:\Users\lmsiu\.gradle\caches\6.5\executionHistory)" [_thread_blocked, id=11760, stack(0x0000000022140000,0x0000000022240000)]
  0x000000001c808000 JavaThread "Cache worker for file hash cache (C:\Users\lmsiu\.gradle\caches\6.5\fileHashes)" [_thread_blocked, id=1916, stack(0x000000001e740000,0x000000001e840000)]
  0x000000001c803800 JavaThread "File lock request listener" [_thread_in_native, id=8920, stack(0x000000001e640000,0x000000001e740000)]
  0x000000001a811000 JavaThread "Cache worker for journal cache (C:\Users\lmsiu\.gradle\caches\journal-1)" [_thread_blocked, id=1692, stack(0x000000001e540000,0x000000001e640000)]
  0x000000001c78c000 JavaThread "Thread-9" [_thread_blocked, id=14248, stack(0x000000001e240000,0x000000001e340000)]
  0x000000001c7a2800 JavaThread "Stdin handler" [_thread_blocked, id=13524, stack(0x000000001e140000,0x000000001e240000)]
  0x000000001c7a1800 JavaThread "Asynchronous log dispatcher for DefaultDaemonConnection: socket connection from /127.0.0.1:51496 to /127.0.0.1:51497" [_thread_blocked, id=5124, stack(0x000000001e040000,0x000000001e140000)]
  0x000000001c760000 JavaThread "Daemon worker" [_thread_blocked, id=14364, stack(0x000000001df40000,0x000000001e040000)]
  0x000000001c7a4800 JavaThread "Cancel handler" [_thread_blocked, id=3140, stack(0x000000001de40000,0x000000001df40000)]
  0x000000001af0b000 JavaThread "Handler for socket connection from /127.0.0.1:51496 to /127.0.0.1:51497" [_thread_in_native, id=13436, stack(0x000000001dd40000,0x000000001de40000)]
  0x000000001af08000 JavaThread "Daemon" [_thread_blocked, id=3372, stack(0x000000001dc40000,0x000000001dd40000)]
  0x000000001c74b000 JavaThread "Daemon periodic checks" [_thread_blocked, id=5932, stack(0x000000001d940000,0x000000001da40000)]
  0x000000001c6ee000 JavaThread "Incoming local TCP Connector on port 51496" [_thread_in_native, id=2740, stack(0x000000001d700000,0x000000001d800000)]
  0x000000001c516000 JavaThread "Daemon health stats" [_thread_blocked, id=7296, stack(0x000000001bee0000,0x000000001bfe0000)]
  0x00000000198e5800 JavaThread "Service Thread" daemon [_thread_blocked, id=8300, stack(0x000000001a510000,0x000000001a610000)]
  0x000000001984d800 JavaThread "C1 CompilerThread3" daemon [_thread_blocked, id=9276, stack(0x000000001a410000,0x000000001a510000)]
  0x0000000019849000 JavaThread "C2 CompilerThread2" daemon [_thread_blocked, id=9756, stack(0x000000001a310000,0x000000001a410000)]
  0x0000000019842800 JavaThread "C2 CompilerThread1" daemon [_thread_blocked, id=13812, stack(0x000000001a210000,0x000000001a310000)]
  0x0000000019840000 JavaThread "C2 CompilerThread0" daemon [_thread_blocked, id=3536, stack(0x000000001a110000,0x000000001a210000)]
  0x000000001983f000 JavaThread "Attach Listener" daemon [_thread_blocked, id=3980, stack(0x000000001a010000,0x000000001a110000)]
  0x000000001983e000 JavaThread "Signal Dispatcher" daemon [_thread_blocked, id=9008, stack(0x0000000019f10000,0x000000001a010000)]
  0x0000000019831800 JavaThread "Finalizer" daemon [_thread_blocked, id=6228, stack(0x0000000019d10000,0x0000000019e10000)]
  0x0000000019830800 JavaThread "Reference Handler" daemon [_thread_blocked, id=7904, stack(0x0000000019c10000,0x0000000019d10000)]
  0x0000000000ece800 JavaThread "main" [_thread_blocked, id=12208, stack(0x00000000026e0000,0x00000000027e0000)]

Other Threads:
=>0x0000000017a48800 VMThread [stack: 0x0000000019710000,0x0000000019810000] [id=12428]
  0x0000000019888800 WatcherThread [stack: 0x000000001a610000,0x000000001a710000] [id=5372]

VM state:at safepoint (normal execution)

VM Mutex/Monitor currently owned by a thread:  ([mutex/lock_event])
[0x0000000000ecd7b0] Threads_lock - owner thread: 0x0000000017a48800
[0x0000000000eccdb0] Heap_lock - owner thread: 0x000000001baff800

heap address: 0x0000000080000000, size: 2048 MB, Compressed Oops mode: 32-bit
Narrow klass base: 0x0000000000000000, Narrow klass shift: 3
Compressed class space size: 1073741824 Address: 0x0000000100000000

Heap:
 PSYoungGen      total 337920K, used 19446K [0x00000000d5580000, 0x00000000ebe80000, 0x0000000100000000)
  eden space 318464K, 0% used [0x00000000d5580000,0x00000000d5580000,0x00000000e8c80000)
  from space 19456K, 99% used [0x00000000ea480000,0x00000000eb77db40,0x00000000eb780000)
  to   space 24576K, 0% used [0x00000000e8c80000,0x00000000e8c80000,0x00000000ea480000)
 ParOldGen       total 141824K, used 24260K [0x0000000080000000, 0x0000000088a80000, 0x00000000d5580000)
  object space 141824K, 17% used [0x0000000080000000,0x00000000817b1058,0x0000000088a80000)
 Metaspace       used 56535K, capacity 58988K, committed 59160K, reserved 1099776K
  class space    used 7706K, capacity 8255K, committed 8368K, reserved 1048576K

Card table byte_map: [0x0000000011da0000,0x00000000121b0000] byte_map_base: 0x00000000119a0000

Marking Bits: (ParMarkBitMap*) 0x000000007496f030
 Begin Bits: [0x0000000012c60000, 0x0000000014c60000)
 End Bits:   [0x0000000014c60000, 0x0000000016c60000)

Polling page: 0x0000000000a20000

CodeCache: size=245760Kb used=16414Kb max_used=17513Kb free=229345Kb
 bounds [0x00000000029e0000, 0x0000000003b20000, 0x00000000119e0000]
 total_blobs=5528 nmethods=4763 adapters=678
 compilation: enabled

Compilation events (10 events):
Event: 5.400 Thread 0x000000001984d800 nmethod 5072 0x0000000002b1cd10 code [0x0000000002b1ce80, 0x0000000002b1d088]
Event: 5.402 Thread 0x000000001984d800 5073       3       org.gradle.internal.concurrent.CompositeStoppable$1::stop (1 bytes)
Event: 5.402 Thread 0x000000001984d800 nmethod 5073 0x0000000002b1d2d0 code [0x0000000002b1d420, 0x0000000002b1d570]
Event: 5.403 Thread 0x0000000019840000 nmethod 5060 0x0000000002b72e90 code [0x0000000002b73060, 0x0000000002b736b0]
Event: 5.403 Thread 0x000000001984d800 5074       3       java.util.concurrent.ConcurrentLinkedQueue$Itr::next (20 bytes)
Event: 5.403 Thread 0x000000001984d800 nmethod 5074 0x0000000002b0dcd0 code [0x0000000002b0de40, 0x0000000002b0e0b8]
Event: 5.403 Thread 0x0000000019840000 5059       4       java.io.Bits::putInt (36 bytes)
Event: 5.404 Thread 0x0000000019840000 nmethod 5059 0x0000000002b0a550 code [0x0000000002b0a680, 0x0000000002b0a758]
Event: 5.405 Thread 0x0000000019840000 4990       4       com.google.common.collect.CollectPreconditions::checkNonnegative (37 bytes)
Event: 5.405 Thread 0x0000000019840000 nmethod 4990 0x0000000002af2250 code [0x0000000002af2380, 0x0000000002af23d8]

GC Heap History (10 events):
Event: 2.900 GC heap after
Heap after GC invocations=6 (full 1):
 PSYoungGen      total 140800K, used 10727K [0x00000000d5580000, 0x00000000e4600000, 0x0000000100000000)
  eden space 130048K, 0% used [0x00000000d5580000,0x00000000d5580000,0x00000000dd480000)
  from space 10752K, 99% used [0x00000000dd480000,0x00000000ddef9c10,0x00000000ddf00000)
  to   space 15872K, 0% used [0x00000000e3680000,0x00000000e3680000,0x00000000e4600000)
 ParOldGen       total 93696K, used 10458K [0x0000000080000000, 0x0000000085b80000, 0x00000000d5580000)
  object space 93696K, 11% used [0x0000000080000000,0x0000000080a36b58,0x0000000085b80000)
 Metaspace       used 32714K, capacity 33748K, committed 33968K, reserved 1079296K
  class space    used 4470K, capacity 4718K, committed 4784K, reserved 1048576K
}
Event: 3.070 GC heap before
{Heap before GC invocations=7 (full 1):
 PSYoungGen      total 140800K, used 40325K [0x00000000d5580000, 0x00000000e4600000, 0x0000000100000000)
  eden space 130048K, 22% used [0x00000000d5580000,0x00000000d7267ae8,0x00000000dd480000)
  from space 10752K, 99% used [0x00000000dd480000,0x00000000ddef9c10,0x00000000ddf00000)
  to   space 15872K, 0% used [0x00000000e3680000,0x00000000e3680000,0x00000000e4600000)
 ParOldGen       total 93696K, used 10458K [0x0000000080000000, 0x0000000085b80000, 0x00000000d5580000)
  object space 93696K, 11% used [0x0000000080000000,0x0000000080a36b58,0x0000000085b80000)
 Metaspace       used 34259K, capacity 35398K, committed 35496K, reserved 1079296K
  class space    used 4714K, capacity 5002K, committed 5040K, reserved 1048576K
Event: 3.078 GC heap after
Heap after GC invocations=7 (full 1):
 PSYoungGen      total 230912K, used 8168K [0x00000000d5580000, 0x00000000e4b00000, 0x0000000100000000)
  eden space 215040K, 0% used [0x00000000d5580000,0x00000000d5580000,0x00000000e2780000)
  from space 15872K, 51% used [0x00000000e3680000,0x00000000e3e7a190,0x00000000e4600000)
  to   space 15360K, 0% used [0x00000000e2780000,0x00000000e2780000,0x00000000e3680000)
 ParOldGen       total 93696K, used 10466K [0x0000000080000000, 0x0000000085b80000, 0x00000000d5580000)
  object space 93696K, 11% used [0x0000000080000000,0x0000000080a38b58,0x0000000085b80000)
 Metaspace       used 34259K, capacity 35398K, committed 35496K, reserved 1079296K
  class space    used 4714K, capacity 5002K, committed 5040K, reserved 1048576K
}
Event: 3.078 GC heap before
{Heap before GC invocations=8 (full 2):
 PSYoungGen      total 230912K, used 8168K [0x00000000d5580000, 0x00000000e4b00000, 0x0000000100000000)
  eden space 215040K, 0% used [0x00000000d5580000,0x00000000d5580000,0x00000000e2780000)
  from space 15872K, 51% used [0x00000000e3680000,0x00000000e3e7a190,0x00000000e4600000)
  to   space 15360K, 0% used [0x00000000e2780000,0x00000000e2780000,0x00000000e3680000)
 ParOldGen       total 93696K, used 10466K [0x0000000080000000, 0x0000000085b80000, 0x00000000d5580000)
  object space 93696K, 11% used [0x0000000080000000,0x0000000080a38b58,0x0000000085b80000)
 Metaspace       used 34259K, capacity 35398K, committed 35496K, reserved 1079296K
  class space    used 4714K, capacity 5002K, committed 5040K, reserved 1048576K
Event: 3.119 GC heap after
Heap after GC invocations=8 (full 2):
 PSYoungGen      total 230912K, used 0K [0x00000000d5580000, 0x00000000e4b00000, 0x0000000100000000)
  eden space 215040K, 0% used [0x00000000d5580000,0x00000000d5580000,0x00000000e2780000)
  from space 15872K, 0% used [0x00000000e3680000,0x00000000e3680000,0x00000000e4600000)
  to   space 15360K, 0% used [0x00000000e2780000,0x00000000e2780000,0x00000000e3680000)
 ParOldGen       total 141824K, used 14611K [0x0000000080000000, 0x0000000088a80000, 0x00000000d5580000)
  object space 141824K, 10% used [0x0000000080000000,0x0000000080e44c58,0x0000000088a80000)
 Metaspace       used 34259K, capacity 35398K, committed 35496K, reserved 1079296K
  class space    used 4714K, capacity 5002K, committed 5040K, reserved 1048576K
}
Event: 4.274 GC heap before
{Heap before GC invocations=9 (full 2):
 PSYoungGen      total 230912K, used 215040K [0x00000000d5580000, 0x00000000e4b00000, 0x0000000100000000)
  eden space 215040K, 100% used [0x00000000d5580000,0x00000000e2780000,0x00000000e2780000)
  from space 15872K, 0% used [0x00000000e3680000,0x00000000e3680000,0x00000000e4600000)
  to   space 15360K, 0% used [0x00000000e2780000,0x00000000e2780000,0x00000000e3680000)
 ParOldGen       total 141824K, used 14611K [0x0000000080000000, 0x0000000088a80000, 0x00000000d5580000)
  object space 141824K, 10% used [0x0000000080000000,0x0000000080e44c58,0x0000000088a80000)
 Metaspace       used 45355K, capacity 47164K, committed 47528K, reserved 1089536K
  class space    used 6141K, capacity 6524K, committed 6576K, reserved 1048576K
Event: 4.288 GC heap after
Heap after GC invocations=9 (full 2):
 PSYoungGen      total 230400K, used 15329K [0x00000000d5580000, 0x00000000eb780000, 0x0000000100000000)
  eden space 215040K, 0% used [0x00000000d5580000,0x00000000d5580000,0x00000000e2780000)
  from space 15360K, 99% used [0x00000000e2780000,0x00000000e36787f8,0x00000000e3680000)
  to   space 19456K, 0% used [0x00000000ea480000,0x00000000ea480000,0x00000000eb780000)
 ParOldGen       total 141824K, used 18913K [0x0000000080000000, 0x0000000088a80000, 0x00000000d5580000)
  object space 141824K, 13% used [0x0000000080000000,0x0000000081278468,0x0000000088a80000)
 Metaspace       used 45355K, capacity 47164K, committed 47528K, reserved 1089536K
  class space    used 6141K, capacity 6524K, committed 6576K, reserved 1048576K
}
Event: 5.406 GC heap before
{Heap before GC invocations=10 (full 2):
 PSYoungGen      total 230400K, used 157849K [0x00000000d5580000, 0x00000000eb780000, 0x0000000100000000)
  eden space 215040K, 66% used [0x00000000d5580000,0x00000000de0ade68,0x00000000e2780000)
  from space 15360K, 99% used [0x00000000e2780000,0x00000000e36787f8,0x00000000e3680000)
  to   space 19456K, 0% used [0x00000000ea480000,0x00000000ea480000,0x00000000eb780000)
 ParOldGen       total 141824K, used 18913K [0x0000000080000000, 0x0000000088a80000, 0x00000000d5580000)
  object space 141824K, 13% used [0x0000000080000000,0x0000000081278468,0x0000000088a80000)
 Metaspace       used 56535K, capacity 58988K, committed 59160K, reserved 1099776K
  class space    used 7706K, capacity 8255K, committed 8368K, reserved 1048576K
Event: 5.428 GC heap after
Heap after GC invocations=10 (full 2):
 PSYoungGen      total 337920K, used 19446K [0x00000000d5580000, 0x00000000ebe80000, 0x0000000100000000)
  eden space 318464K, 0% used [0x00000000d5580000,0x00000000d5580000,0x00000000e8c80000)
  from space 19456K, 99% used [0x00000000ea480000,0x00000000eb77db40,0x00000000eb780000)
  to   space 24576K, 0% used [0x00000000e8c80000,0x00000000e8c80000,0x00000000ea480000)
 ParOldGen       total 141824K, used 24260K [0x0000000080000000, 0x0000000088a80000, 0x00000000d5580000)
  object space 141824K, 17% used [0x0000000080000000,0x00000000817b1058,0x0000000088a80000)
 Metaspace       used 56535K, capacity 58988K, committed 59160K, reserved 1099776K
  class space    used 7706K, capacity 8255K, committed 8368K, reserved 1048576K
}
Event: 5.428 GC heap before
{Heap before GC invocations=11 (full 3):
 PSYoungGen      total 337920K, used 19446K [0x00000000d5580000, 0x00000000ebe80000, 0x0000000100000000)
  eden space 318464K, 0% used [0x00000000d5580000,0x00000000d5580000,0x00000000e8c80000)
  from space 19456K, 99% used [0x00000000ea480000,0x00000000eb77db40,0x00000000eb780000)
  to   space 24576K, 0% used [0x00000000e8c80000,0x00000000e8c80000,0x00000000ea480000)
 ParOldGen       total 141824K, used 24260K [0x0000000080000000, 0x0000000088a80000, 0x00000000d5580000)
  object space 141824K, 17% used [0x0000000080000000,0x00000000817b1058,0x0000000088a80000)
 Metaspace       used 56535K, capacity 58988K, committed 59160K, reserved 1099776K
  class space    used 7706K, capacity 8255K, committed 8368K, reserved 1048576K

Deoptimization events (10 events):
Event: 5.338 Thread 0x000000001c760000 Uncommon trap: reason=unstable_if action=reinterpret pc=0x0000000002cfe0b4 method=java.util.HashMap.resize()[Ljava/util/HashMap$Node; @ 206
Event: 5.338 Thread 0x000000001c760000 Uncommon trap: reason=unstable_if action=reinterpret pc=0x0000000003743e84 method=java.util.HashMap.getNode(ILjava/lang/Object;)Ljava/util/HashMap$Node; @ 84
Event: 5.338 Thread 0x000000001c760000 Uncommon trap: reason=unstable_if action=reinterpret pc=0x0000000003a64d2c method=java.util.HashMap.getNode(ILjava/lang/Object;)Ljava/util/HashMap$Node; @ 84
Event: 5.338 Thread 0x000000001c760000 Uncommon trap: reason=unstable_if action=reinterpret pc=0x000000000384cc60 method=java.util.HashMap.getNode(ILjava/lang/Object;)Ljava/util/HashMap$Node; @ 84
Event: 5.354 Thread 0x000000001c760000 Uncommon trap: reason=unstable_if action=reinterpret pc=0x0000000003472c80 method=java.io.WinNTFileSystem.normalize(Ljava/lang/String;)Ljava/lang/String; @ 74
Event: 5.354 Thread 0x000000001c760000 Uncommon trap: reason=unstable_if action=reinterpret pc=0x0000000002fb8cec method=java.io.WinNTFileSystem.normalize(Ljava/lang/String;II)Ljava/lang/String; @ 103
Event: 5.376 Thread 0x000000001c760000 Uncommon trap: reason=class_check action=maybe_recompile pc=0x0000000002b478a0 method=java.lang.String.equals(Ljava/lang/Object;)Z @ 8
Event: 5.376 Thread 0x000000001c760000 Uncommon trap: reason=class_check action=maybe_recompile pc=0x0000000002b478a0 method=java.lang.String.equals(Ljava/lang/Object;)Z @ 8
Event: 5.376 Thread 0x000000001c760000 Uncommon trap: reason=class_check action=maybe_recompile pc=0x0000000002b478a0 method=java.lang.String.equals(Ljava/lang/Object;)Z @ 8
Event: 5.376 Thread 0x000000001c760000 Uncommon trap: reason=class_check action=maybe_recompile pc=0x0000000002b478a0 method=java.lang.String.equals(Ljava/lang/Object;)Z @ 8

Classes redefined (0 events):
No events

Internal exceptions (10 events):
Event: 5.149 Thread 0x000000001c760000 Implicit null exception at 0x000000000383cdba to 0x000000000383df35
Event: 5.150 Thread 0x000000001c760000 Implicit null exception at 0x00000000036b6e95 to 0x00000000036b717d
Event: 5.268 Thread 0x000000001c760000 Exception <a 'java/lang/ClassNotFoundException': com/android/build/gradle/internal/api/ApkVariantOutputImpl_DecoratedBeanInfo> (0x00000000dc756130) thrown at [C:\src\AOSP-openjdk-git\hotspot\src\share\vm\classfile\systemDictionary.cpp, line 210]
Event: 5.268 Thread 0x000000001c760000 Exception <a 'java/lang/ClassNotFoundException': com/android/build/gradle/internal/api/ApkVariantOutputImplBeanInfo> (0x00000000dc773360) thrown at [C:\src\AOSP-openjdk-git\hotspot\src\share\vm\classfile\systemDictionary.cpp, line 210]
Event: 5.269 Thread 0x000000001c760000 Exception <a 'java/lang/ClassNotFoundException': com/android/build/gradle/internal/api/BaseVariantOutputImplBeanInfo> (0x00000000dc791798) thrown at [C:\src\AOSP-openjdk-git\hotspot\src\share\vm\classfile\systemDictionary.cpp, line 210]
Event: 5.269 Thread 0x000000001c760000 Exception <a 'java/lang/ClassNotFoundException': com/android/build/gradle/internal/api/BaseVariantOutputImplCustomizer> (0x00000000dc7b0130) thrown at [C:\src\AOSP-openjdk-git\hotspot\src\share\vm\classfile\systemDictionary.cpp, line 210]
Event: 5.270 Thread 0x000000001c760000 Exception <a 'java/lang/ClassNotFoundException': com/android/build/gradle/internal/api/ApkVariantOutputImplCustomizer> (0x00000000dc7e88d8) thrown at [C:\src\AOSP-openjdk-git\hotspot\src\share\vm\classfile\systemDictionary.cpp, line 210]
Event: 5.270 Thread 0x000000001c760000 Exception <a 'java/lang/ClassNotFoundException': com/android/build/gradle/internal/api/ApkVariantOutputImpl_DecoratedCustomizer> (0x00000000dc81c678) thrown at [C:\src\AOSP-openjdk-git\hotspot\src\share\vm\classfile\systemDictionary.cpp, line 210]
Event: 5.355 Thread 0x000000001c760000 Exception <a 'java/lang/NoClassDefFoundError': org/gradle/internal/resources/ResourceDeadlockException> (0x00000000dd0f7c88) thrown at [C:\src\AOSP-openjdk-git\hotspot\src\share\vm\classfile\systemDictionary.cpp, line 208]
Event: 5.391 Thread 0x000000001c760000 Exception <a 'java/lang/NoSuchMethodError': java.lang.Object.lambda$static$0(Lorg/gradle/internal/snapshot/SnapshotHierarchy$DiffCapturingUpdateFunction;Lorg/gradle/internal/snapshot/SnapshotHierarchy;)Lorg/gradle/internal/snapshot/SnapshotHierarchy;> (0x

Events (10 events):
Event: 5.405 Thread 0x0000000019840000 flushing nmethod 0x0000000002fbd510
Event: 5.405 Thread 0x0000000019840000 flushing nmethod 0x0000000002fc3290
Event: 5.406 Thread 0x0000000019840000 flushing nmethod 0x0000000002fc9210
Event: 5.406 Thread 0x0000000019840000 flushing nmethod 0x0000000002fec250
Event: 5.406 Thread 0x0000000019840000 flushing nmethod 0x00000000030095d0
Event: 5.406 Executing VM operation: RevokeBias
Event: 5.406 Executing VM operation: RevokeBias done
Event: 5.406 loading class com/google/common/cache/LocalCache$WriteThroughEntry
Event: 5.406 loading class com/google/common/cache/LocalCache$WriteThroughEntry done
Event: 5.406 Executing VM operation: CollectForMetadataAllocation


Dynamic libraries:
0x00007ff640f60000 - 0x00007ff640f91000 	C:\Program Files\Android\Android Studio\jre\bin\java.exe
0x00007ffa5d810000 - 0x00007ffa5da05000 	C:\WINDOWS\SYSTEM32\ntdll.dll
0x00007ffa5d0d0000 - 0x00007ffa5d18d000 	C:\WINDOWS\System32\KERNEL32.DLL
0x00007ffa5b150000 - 0x00007ffa5b418000 	C:\WINDOWS\System32\KERNELBASE.dll
0x00007ffa5ccb0000 - 0x00007ffa5cd5c000 	C:\WINDOWS\System32\ADVAPI32.dll
0x00007ffa5bcc0000 - 0x00007ffa5bd5e000 	C:\WINDOWS\System32\msvcrt.dll
0x00007ffa5bc20000 - 0x00007ffa5bcbb000 	C:\WINDOWS\System32\sechost.dll
0x00007ffa5d5d0000 - 0x00007ffa5d6fb000 	C:\WINDOWS\System32\RPCRT4.dll
0x00007ffa5d430000 - 0x00007ffa5d5d0000 	C:\WINDOWS\System32\USER32.dll
0x00007ffa5b120000 - 0x00007ffa5b142000 	C:\WINDOWS\System32\win32u.dll
0x00007ffa5b9e0000 - 0x00007ffa5ba0a000 	C:\WINDOWS\System32\GDI32.dll
0x00007ffa5b420000 - 0x00007ffa5b52b000 	C:\WINDOWS\System32\gdi32full.dll
0x00007ffa5af50000 - 0x00007ffa5afed000 	C:\WINDOWS\System32\msvcp_win.dll
0x00007ffa5b530000 - 0x00007ffa5b630000 	C:\WINDOWS\System32\ucrtbase.dll
0x00007ffa41d80000 - 0x00007ffa4201a000 	C:\WINDOWS\WinSxS\amd64_microsoft.windows.common-controls_6595b64144ccf1df_6.0.19041.844_none_ca00b6081b84eb1d\COMCTL32.dll
0x00007ffa5d2e0000 - 0x00007ffa5d310000 	C:\WINDOWS\System32\IMM32.DLL
0x0000000073fe0000 - 0x00000000740b2000 	C:\Program Files\Android\Android Studio\jre\jre\bin\msvcr100.dll
0x00000000741a0000 - 0x00000000749eb000 	C:\Program Files\Android\Android Studio\jre\jre\bin\server\jvm.dll
0x00007ffa5d0c0000 - 0x00007ffa5d0c8000 	C:\WINDOWS\System32\PSAPI.DLL
0x00007ffa45d20000 - 0x00007ffa45d47000 	C:\WINDOWS\SYSTEM32\WINMM.dll
0x00007ffa44950000 - 0x00007ffa44959000 	C:\WINDOWS\SYSTEM32\WSOCK32.dll
0x00007ffa527a0000 - 0x00007ffa527aa000 	C:\WINDOWS\SYSTEM32\VERSION.dll
0x00007ffa5ca90000 - 0x00007ffa5cafb000 	C:\WINDOWS\System32\WS2_32.dll
0x00007ffa556c0000 - 0x00007ffa556cf000 	C:\Program Files\Android\Android Studio\jre\jre\bin\verify.dll
0x00007ffa540f0000 - 0x00007ffa54119000 	C:\Program Files\Android\Android Studio\jre\jre\bin\java.dll
0x00007ffa4e630000 - 0x00007ffa4e646000 	C:\Program Files\Android\Android Studio\jre\jre\bin\zip.dll
0x00007ffa5c2b0000 - 0x00007ffa5c9f2000 	C:\WINDOWS\System32\SHELL32.dll
0x00007ffa58cc0000 - 0x00007ffa59451000 	C:\WINDOWS\SYSTEM32\windows.storage.dll
0x00007ffa5cd60000 - 0x00007ffa5d0b5000 	C:\WINDOWS\System32\combase.dll
0x00007ffa5a9c0000 - 0x00007ffa5a9ec000 	C:\WINDOWS\SYSTEM32\Wldp.dll
0x00007ffa5b930000 - 0x00007ffa5b9de000 	C:\WINDOWS\System32\SHCORE.dll
0x00007ffa5bb40000 - 0x00007ffa5bb95000 	C:\WINDOWS\System32\shlwapi.dll
0x00007ffa5ae90000 - 0x00007ffa5aeaf000 	C:\WINDOWS\SYSTEM32\profapi.dll
0x00007ffa49110000 - 0x00007ffa4912a000 	C:\Program Files\Android\Android Studio\jre\jre\bin\net.dll
0x00007ffa5a730000 - 0x00007ffa5a79a000 	C:\WINDOWS\system32\mswsock.dll
0x00007ffa48e70000 - 0x00007ffa48e83000 	C:\Program Files\Android\Android Studio\jre\jre\bin\nio.dll
0x00007ffa48590000 - 0x00007ffa485b7000 	C:\Users\lmsiu\.gradle\native\f6784746aeab05261644944871eae4fe03e0ef1612fff0a4a95f87b438bc6780\windows-amd64\native-platform.dll
0x00007ffa50510000 - 0x00007ffa5051d000 	C:\Program Files\Android\Android Studio\jre\jre\bin\management.dll
0x00007ffa5a900000 - 0x00007ffa5a918000 	C:\WINDOWS\SYSTEM32\CRYPTSP.dll
0x00007ffa5a060000 - 0x00007ffa5a094000 	C:\WINDOWS\system32\rsaenh.dll
0x00007ffa5aff0000 - 0x00007ffa5b017000 	C:\WINDOWS\System32\bcrypt.dll
0x00007ffa5ae10000 - 0x00007ffa5ae3e000 	C:\WINDOWS\SYSTEM32\USERENV.dll
0x00007ffa5b630000 - 0x00007ffa5b6b0000 	C:\WINDOWS\System32\bcryptprimitives.dll
0x00007ffa5a920000 - 0x00007ffa5a92c000 	C:\WINDOWS\SYSTEM32\CRYPTBASE.dll
0x00007ffa5a3d0000 - 0x00007ffa5a40b000 	C:\WINDOWS\SYSTEM32\IPHLPAPI.DLL
0x00007ffa5d700000 - 0x00007ffa5d708000 	C:\WINDOWS\System32\NSI.dll
0x00007ffa526e0000 - 0x00007ffa526f7000 	C:\WINDOWS\SYSTEM32\dhcpcsvc6.DLL
0x00007ffa52260000 - 0x00007ffa5227d000 	C:\WINDOWS\SYSTEM32\dhcpcsvc.DLL
0x00007ffa5a410000 - 0x00007ffa5a4dc000 	C:\WINDOWS\SYSTEM32\DNSAPI.dll
0x00007ffa53400000 - 0x00007ffa5340b000 	C:\WINDOWS\SYSTEM32\WINNSI.DLL
0x00007ffa59530000 - 0x00007ffa59714000 	C:\WINDOWS\SYSTEM32\dbghelp.dll

VM Arguments:
jvm_args: -Xmx2048m -Dfile.encoding=UTF-8 -Duser.country=US -Duser.language=en -Duser.variant 
java_command: org.gradle.launcher.daemon.bootstrap.GradleDaemon 6.5
java_class_path (initial): C:\Users\lmsiu\.gradle\wrapper\dists\gradle-6.5-bin\6nifqtx7604sqp1q6g8wikw7p\gradle-6.5\lib\gradle-launcher-6.5.jar
Launcher Type: SUN_STANDARD

Environment Variables:
PATH=C:\Python39\Scripts\;C:\Python39\;C:\Program Files (x86)\Intel\Intel(R) Management Engine Components\iCLS\;C:\Program Files\Intel\Intel(R) Management Engine Components\iCLS\;C:\WINDOWS\system32;C:\WINDOWS;C:\WINDOWS\System32\Wbem;C:\WINDOWS\System32\WindowsPowerShell\v1.0\;C:\WINDOWS\System32\OpenSSH\;C:\Program Files (x86)\Intel\Intel(R) Management Engine Components\DAL;C:\Program Files\Intel\Intel(R) Management Engine Components\DAL;C:\Program Files (x86)\Intel\Intel(R) Management Engine Components\IPT;C:\Program Files\Intel\Intel(R) Management Engine Components\IPT;C:\Program Files\Intel\WiFi\bin\;C:\Program Files\Common Files\Intel\WirelessCommon\;C:\Program Files (x86)\PuTTY\;C:\Program Files\Git\cmd;C:\Program Files\nodejs\;C:\ProgramData\chocolatey\bin;C:\Users\lmsiu\AppData\Local\Microsoft\WindowsApps;;C:\Users\lmsiu\AppData\Local\Programs\Microsoft VS Code\bin;C:\Users\lmsiu\AppData\Roaming\npm
USERNAME=lmsiu
OS=Windows_NT
PROCESSOR_IDENTIFIER=Intel64 Family 6 Model 142 Stepping 10, GenuineIntel



---------------  S Y S T E M  ---------------

OS: Windows 10.0 , 64 bit Build 19041 (10.0.19041.928)

CPU:total 8 (initial active 8) (4 cores per cpu, 2 threads per core) family 6 model 142 stepping 10, cmov, cx8, fxsr, mmx, sse, sse2, sse3, ssse3, sse4.1, sse4.2, popcnt, avx, avx2, aes, clmul, erms, 3dnowpref, lzcnt, ht, tsc, tscinvbit, bmi1, bmi2, adx

Memory: 4k page, physical 16607352k(7504800k free), swap 19097720k(7122144k free)

vm_info: OpenJDK 64-Bit Server VM (25.242-b01) for windows-amd64 JRE (1.8.0_242-release-1644-b01), built by "builder" with MS VC++ 10.0 (VS2010)

time: Fri Apr 16 15:52:55 2021
timezone: Pacific Daylight Time
elapsed time: 5 seconds (0d 0h 0m 5s)

