#
# A fatal error has been detected by the Java Runtime Environment:
#
#  EXCEPTION_ACCESS_VIOLATION (0xc0000005) at pc=0x000000007468767b, pid=9860, tid=0x0000000000002d0c
#
# JRE version: OpenJDK Runtime Environment (8.0_242-b01) (build 1.8.0_242-release-1644-b01)
# Java VM: OpenJDK 64-Bit Server VM (25.242-b01 mixed mode windows-amd64 compressed oops)
# Problematic frame:
# V  [jvm.dll+0x4e767b]
#
# Failed to write core dump. Minidumps are not enabled by default on client versions of Windows
#
# If you would like to submit a bug report, please visit:
#   
#

---------------  T H R E A D  ---------------

Current thread (0x000000001985f800):  JavaThread "C2 CompilerThread0" daemon [_thread_in_native, id=11532, stack(0x000000001a130000,0x000000001a230000)]

siginfo: ExceptionCode=0xc0000005, reading address 0x00000001ddfa53a0

Registers:
RAX=0x000000002c6d99d0, RBX=0x0000000000000000, RCX=0x000000001ae8df00, RDX=0x000000006c632e74
RSP=0x000000001a22c400, RBP=0x000000001a22c500, RSI=0x000000000000000c, RDI=0x00000000201cfeb0
R8 =0x000000000000002b, R9 =0x000000001b00aba0, R10=0x0000000000000047, R11=0x0000000000000008
R12=0x00000000201cfec0, R13=0x000000000000002b, R14=0x000000001a22caf0, R15=0x000000001b7642c0
RIP=0x000000007468767b, EFLAGS=0x0000000000010283

Top of Stack: (sp=0x000000001a22c400)
0x000000001a22c400:   000000000000000b 000000001fd79900
0x000000001a22c410:   000000001fd79910 000000000000000b
0x000000001a22c420:   000000000000252e 000000001a22c434
0x000000001a22c430:   0000000300000000 00000000001022e0
0x000000001a22c440:   000000001a22eea0 0000000000007fe8
0x000000001a22c450:   000000000000000c 00000000201cfeb0
0x000000001a22c460:   0000000000000047 000000000000002b
0x000000001a22c470:   000000001b00aba0 0000002b00000002
0x000000001a22c480:   000024fc00000000 000000001a22c7d0
0x000000001a22c490:   000000000000000f 000000002c3582e0
0x000000001a22c4a0:   0000000000000047 000024fc00000002
0x000000001a22c4b0:   000000001a22c7d0 000000000000000f
0x000000001a22c4c0:   000000002c34eed0 000000000000071c
0x000000001a22c4d0:   000000002e868050 0000000023d42050
0x000000001a22c4e0:   000000000000000b 00000000000003d8
0x000000001a22c4f0:   0000000023d42428 0000000023d42040 

Instructions: (pc=0x000000007468767b)
0x000000007468765b:   41 8b c5 2b c1 a8 01 0f 84 74 03 00 00 49 8b 47
0x000000007468766b:   08 4a 8b 0c c0 49 8b 86 28 01 00 00 48 63 51 28
0x000000007468767b:   8b 0c 90 41 3b 8e e8 00 00 00 0f 83 4d 03 00 00
0x000000007468768b:   49 8b 46 70 8b d9 8b d1 48 8b 48 20 48 6b db 70 


Register to memory mapping:

RAX=0x000000002c6d99d0 is an unknown value
RBX=0x0000000000000000 is an unknown value
RCX=0x000000001ae8df00 is an unknown value
RDX=0x000000006c632e74 is an unknown value
RSP=0x000000001a22c400 is pointing into the stack for thread: 0x000000001985f800
RBP=0x000000001a22c500 is pointing into the stack for thread: 0x000000001985f800
RSI=0x000000000000000c is an unknown value
RDI=0x00000000201cfeb0 is an unknown value
R8 =0x000000000000002b is an unknown value
R9 =0x000000001b00aba0 is an unknown value
R10=0x0000000000000047 is an unknown value
R11=0x0000000000000008 is an unknown value
R12=0x00000000201cfec0 is an unknown value
R13=0x000000000000002b is an unknown value
R14=0x000000001a22caf0 is pointing into the stack for thread: 0x000000001985f800
R15=0x000000001b7642c0 is an unknown value


Stack: [0x000000001a130000,0x000000001a230000],  sp=0x000000001a22c400,  free space=1009k
Native frames: (J=compiled Java code, j=interpreted, Vv=VM code, C=native code)
V  [jvm.dll+0x4e767b]
V  [jvm.dll+0x43aae2]
V  [jvm.dll+0x4456ab]
V  [jvm.dll+0x447fa8]
V  [jvm.dll+0x42b072]
V  [jvm.dll+0x8230f]
V  [jvm.dll+0x82c7f]
V  [jvm.dll+0x220b7f]
V  [jvm.dll+0x27276a]
C  [msvcr100.dll+0x21d9f]
C  [msvcr100.dll+0x21e3b]
C  [KERNEL32.DLL+0x17034]
C  [ntdll.dll+0x52651]


Current CompileTask:
C2:1941281 14008       4       org.gradle.internal.operations.DefaultBuildOperationExecutor::execute (111 bytes)


---------------  P R O C E S S  ---------------

Java Threads: ( => current thread )
  0x0000000023830800 JavaThread "WorkerExecutor Queue Thread 5" [_thread_blocked, id=2888, stack(0x0000000031490000,0x0000000031590000)]
  0x000000002382f000 JavaThread "WorkerExecutor Queue Thread 4" [_thread_in_Java, id=7276, stack(0x0000000031170000,0x0000000031270000)]
  0x000000002382f800 JavaThread "WorkerExecutor Queue Thread 3" [_thread_in_Java, id=5232, stack(0x000000002fb90000,0x000000002fc90000)]
  0x0000000023827800 JavaThread "WorkerExecutor Queue Thread 2" [_thread_in_vm, id=9120, stack(0x000000002fa90000,0x000000002fb90000)]
  0x000000002382e000 JavaThread "WorkerExecutor Queue" [_thread_in_native, id=9968, stack(0x000000002df60000,0x000000002e060000)]
  0x0000000023826800 JavaThread "Cache worker for Java compile cache (C:\Users\lmsiu\AndroidStudioProjects\Wings\.gradle\6.5\javaCompile)" [_thread_blocked, id=7756, stack(0x000000002d7b0000,0x000000002d8b0000)]
  0x000000002382d800 JavaThread "Cache worker for execution history cache (C:\Users\lmsiu\AndroidStudioProjects\Wings\.gradle\6.5\executionHistory)" [_thread_blocked, id=4728, stack(0x000000002d6b0000,0x000000002d7b0000)]
  0x0000000023829800 JavaThread "Execution worker for ':' Thread 7" [_thread_blocked, id=7480, stack(0x000000002d5b0000,0x000000002d6b0000)]
  0x0000000023826000 JavaThread "Execution worker for ':' Thread 6" [_thread_blocked, id=14364, stack(0x000000002d4b0000,0x000000002d5b0000)]
  0x0000000023829000 JavaThread "Execution worker for ':' Thread 5" [_thread_blocked, id=7792, stack(0x000000002d3b0000,0x000000002d4b0000)]
  0x0000000023828000 JavaThread "Execution worker for ':' Thread 4" [_thread_blocked, id=14604, stack(0x000000002d0b0000,0x000000002d1b0000)]
  0x000000002382c800 JavaThread "Execution worker for ':' Thread 3" [_thread_blocked, id=10064, stack(0x000000002b710000,0x000000002b810000)]
  0x0000000023825000 JavaThread "Execution worker for ':' Thread 2" [_thread_blocked, id=12316, stack(0x000000002a660000,0x000000002a760000)]
  0x000000002382b000 JavaThread "Execution worker for ':'" [_thread_blocked, id=1088, stack(0x000000002a560000,0x000000002a660000)]
  0x000000002382a800 JavaThread "Cache worker for file content cache (C:\Users\lmsiu\AndroidStudioProjects\Wings\.gradle\6.5\fileContent)" [_thread_blocked, id=1940, stack(0x000000002a460000,0x000000002a560000)]
  0x0000000021af7800 JavaThread "Cache worker for Build Output Cleanup Cache (C:\Users\lmsiu\AndroidStudioProjects\Wings\.gradle\buildOutputCleanup)" [_thread_blocked, id=8860, stack(0x000000002a360000,0x000000002a460000)]
  0x0000000021af6800 JavaThread "Build operations Thread 8" [_thread_blocked, id=3500, stack(0x0000000024560000,0x0000000024660000)]
  0x0000000021af4800 JavaThread "Build operations Thread 7" [_thread_blocked, id=14248, stack(0x0000000024460000,0x0000000024560000)]
  0x0000000021af3000 JavaThread "Build operations Thread 6" [_thread_blocked, id=4056, stack(0x0000000024360000,0x0000000024460000)]
  0x0000000021af6000 JavaThread "Build operations Thread 5" [_thread_blocked, id=6708, stack(0x0000000024260000,0x0000000024360000)]
  0x0000000021af2000 JavaThread "Build operations Thread 4" [_thread_blocked, id=11524, stack(0x0000000022a90000,0x0000000022b90000)]
  0x0000000021af3800 JavaThread "Build operations Thread 3" [_thread_blocked, id=9300, stack(0x0000000022290000,0x0000000022390000)]
  0x0000000021af5000 JavaThread "Build operations Thread 2" [_thread_blocked, id=488, stack(0x00000000210e0000,0x00000000211e0000)]
  0x0000000021aea800 JavaThread "Build operations" [_thread_blocked, id=5792, stack(0x0000000020d20000,0x0000000020e20000)]
  0x0000000021af1800 JavaThread "Cache worker for cache directory md-rule (C:\Users\lmsiu\.gradle\caches\6.5\md-rule)" [_thread_blocked, id=4744, stack(0x000000001e850000,0x000000001e950000)]
  0x0000000021aed800 JavaThread "Cache worker for cache directory md-supplier (C:\Users\lmsiu\.gradle\caches\6.5\md-supplier)" [_thread_blocked, id=9180, stack(0x000000001e250000,0x000000001e350000)]
  0x0000000021ae9800 JavaThread "Cache worker for checksums cache (C:\Users\lmsiu\AndroidStudioProjects\Wings\.gradle\checksums)" [_thread_blocked, id=4300, stack(0x000000001e150000,0x000000001e250000)]
  0x0000000021af0800 JavaThread "Cache worker for file hash cache (C:\Users\lmsiu\AndroidStudioProjects\Wings\.gradle\6.5\fileHashes)" [_thread_blocked, id=10844, stack(0x000000001e050000,0x000000001e150000)]
  0x0000000021af0000 JavaThread "Thread-269" [_thread_blocked, id=12860, stack(0x000000001df50000,0x000000001e050000)]
  0x0000000021ae9000 JavaThread "Stdin handler" [_thread_blocked, id=13456, stack(0x000000001dc50000,0x000000001dd50000)]
  0x0000000021aec800 JavaThread "Asynchronous log dispatcher for DefaultDaemonConnection: socket connection from /127.0.0.1:50908 to /127.0.0.1:51399" [_thread_blocked, id=13204, stack(0x000000001d610000,0x000000001d710000)]
  0x0000000021aec000 JavaThread "Cancel handler" [_thread_blocked, id=1000, stack(0x0000000000d50000,0x0000000000e50000)]
  0x0000000021aeb000 JavaThread "Handler for socket connection from /127.0.0.1:50908 to /127.0.0.1:51399" [_thread_in_native, id=3408, stack(0x0000000000c10000,0x0000000000d10000)]
  0x0000000021aee000 JavaThread "ForkJoinPool.commonPool-worker-4" daemon [_thread_blocked, id=10056, stack(0x000000002f790000,0x000000002f890000)]
  0x00000000198db000 JavaThread "jar transforms Thread 184" [_thread_blocked, id=3400, stack(0x000000002a260000,0x000000002a360000)]
  0x00000000198da800 JavaThread "jar transforms Thread 183" [_thread_blocked, id=8916, stack(0x000000002a160000,0x000000002a260000)]
  0x00000000198d6800 JavaThread "jar transforms Thread 182" [_thread_blocked, id=14004, stack(0x000000002a060000,0x000000002a160000)]
  0x00000000198cd000 JavaThread "jar transforms Thread 181" [_thread_blocked, id=7992, stack(0x0000000029f60000,0x000000002a060000)]
  0x00000000198d3800 JavaThread "jar transforms Thread 180" [_thread_blocked, id=9920, stack(0x0000000029e60000,0x0000000029f60000)]
  0x00000000198cc000 JavaThread "jar transforms Thread 179" [_thread_blocked, id=13864, stack(0x0000000029d60000,0x0000000029e60000)]
  0x00000000198d2000 JavaThread "jar transforms Thread 178" [_thread_blocked, id=7956, stack(0x0000000029c60000,0x0000000029d60000)]
  0x00000000198d3000 JavaThread "jar transforms Thread 177" [_thread_blocked, id=3120, stack(0x0000000029b60000,0x0000000029c60000)]
  0x00000000198d0800 JavaThread "jar transforms Thread 176" [_thread_blocked, id=11868, stack(0x0000000029a60000,0x0000000029b60000)]
  0x00000000198cf000 JavaThread "jar transforms Thread 175" [_thread_blocked, id=10416, stack(0x0000000029960000,0x0000000029a60000)]
  0x00000000198d1800 JavaThread "jar transforms Thread 174" [_thread_blocked, id=13564, stack(0x0000000029860000,0x0000000029960000)]
  0x00000000198d0000 JavaThread "jar transforms Thread 173" [_thread_blocked, id=13904, stack(0x0000000029760000,0x0000000029860000)]
  0x00000000198ce800 JavaThread "jar transforms Thread 172" [_thread_blocked, id=4132, stack(0x0000000029660000,0x0000000029760000)]
  0x00000000198cd800 JavaThread "jar transforms Thread 171" [_thread_blocked, id=13776, stack(0x0000000029560000,0x0000000029660000)]
  0x000000002bb16800 JavaThread "jar transforms Thread 170" [_thread_blocked, id=5712, stack(0x0000000029460000,0x0000000029560000)]
  0x000000002bb15000 JavaThread "jar transforms Thread 169" [_thread_blocked, id=11404, stack(0x0000000029360000,0x0000000029460000)]
  0x000000002bb14000 JavaThread "jar transforms Thread 168" [_thread_blocked, id=11152, stack(0x0000000029260000,0x0000000029360000)]
  0x000000002bb18800 JavaThread "jar transforms Thread 167" [_thread_blocked, id=5020, stack(0x0000000029160000,0x0000000029260000)]
  0x000000002bb17000 JavaThread "jar transforms Thread 166" [_thread_blocked, id=13324, stack(0x0000000029060000,0x0000000029160000)]
  0x000000002bb13000 JavaThread "jar transforms Thread 165" [_thread_blocked, id=7080, stack(0x0000000028f60000,0x0000000029060000)]
  0x000000002bb18000 JavaThread "jar transforms Thread 164" [_thread_blocked, id=13828, stack(0x0000000028e60000,0x0000000028f60000)]
  0x000000002bb19800 JavaThread "jar transforms Thread 163" [_thread_blocked, id=10876, stack(0x0000000028d60000,0x0000000028e60000)]
  0x000000002bb15800 JavaThread "jar transforms Thread 162" [_thread_blocked, id=2056, stack(0x0000000028c60000,0x0000000028d60000)]
  0x000000002bb0e800 JavaThread "jar transforms Thread 161" [_thread_blocked, id=14812, stack(0x0000000028b60000,0x0000000028c60000)]
  0x000000002bb0b800 JavaThread "jar transforms Thread 160" [_thread_blocked, id=3864, stack(0x0000000028a60000,0x0000000028b60000)]
  0x000000002bb10000 JavaThread "jar transforms Thread 159" [_thread_blocked, id=7828, stack(0x0000000028960000,0x0000000028a60000)]
  0x000000002bb12800 JavaThread "jar transforms Thread 158" [_thread_blocked, id=2064, stack(0x0000000028860000,0x0000000028960000)]
  0x000000002bb11800 JavaThread "jar transforms Thread 157" [_thread_blocked, id=8964, stack(0x0000000028760000,0x0000000028860000)]
  0x000000002bb0e000 JavaThread "jar transforms Thread 156" [_thread_blocked, id=12388, stack(0x0000000028660000,0x0000000028760000)]
  0x000000002bb0f800 JavaThread "jar transforms Thread 155" [_thread_blocked, id=10840, stack(0x0000000028560000,0x0000000028660000)]
  0x000000002bb0a000 JavaThread "jar transforms Thread 154" [_thread_blocked, id=2776, stack(0x0000000028460000,0x0000000028560000)]
  0x000000002bb0b000 JavaThread "jar transforms Thread 153" [_thread_blocked, id=14204, stack(0x0000000028360000,0x0000000028460000)]
  0x000000002bb0c800 JavaThread "jar transforms Thread 152" [_thread_blocked, id=5248, stack(0x0000000028260000,0x0000000028360000)]
  0x000000002bb0d000 JavaThread "jar transforms Thread 151" [_thread_blocked, id=12652, stack(0x0000000028160000,0x0000000028260000)]
  0x000000002bb11000 JavaThread "jar transforms Thread 150" [_thread_blocked, id=6672, stack(0x0000000028060000,0x0000000028160000)]
  0x0000000021a2d800 JavaThread "jar transforms Thread 149" [_thread_blocked, id=7556, stack(0x0000000027f60000,0x0000000028060000)]
  0x0000000021a2c800 JavaThread "jar transforms Thread 148" [_thread_blocked, id=11104, stack(0x0000000027e60000,0x0000000027f60000)]
  0x0000000021a2c000 JavaThread "jar transforms Thread 147" [_thread_blocked, id=3884, stack(0x0000000027d60000,0x0000000027e60000)]
  0x0000000021a2b000 JavaThread "jar transforms Thread 146" [_thread_blocked, id=1552, stack(0x0000000027c60000,0x0000000027d60000)]
  0x0000000021a2a800 JavaThread "jar transforms Thread 145" [_thread_blocked, id=2228, stack(0x0000000027b60000,0x0000000027c60000)]
  0x0000000021a29800 JavaThread "jar transforms Thread 144" [_thread_blocked, id=15204, stack(0x0000000027a60000,0x0000000027b60000)]
  0x0000000021a23000 JavaThread "jar transforms Thread 143" [_thread_blocked, id=6196, stack(0x0000000027960000,0x0000000027a60000)]
  0x0000000021a22000 JavaThread "jar transforms Thread 142" [_thread_blocked, id=8092, stack(0x0000000027860000,0x0000000027960000)]
  0x0000000021a29000 JavaThread "jar transforms Thread 141" [_thread_blocked, id=10684, stack(0x0000000027760000,0x0000000027860000)]
  0x0000000021a21800 JavaThread "jar transforms Thread 140" [_thread_blocked, id=8064, stack(0x0000000027660000,0x0000000027760000)]
  0x0000000021a28000 JavaThread "jar transforms Thread 139" [_thread_blocked, id=12788, stack(0x0000000027560000,0x0000000027660000)]
  0x0000000021a23800 JavaThread "jar transforms Thread 138" [_thread_blocked, id=2524, stack(0x0000000027460000,0x0000000027560000)]
  0x0000000021a20800 JavaThread "jar transforms Thread 137" [_thread_blocked, id=11696, stack(0x0000000027360000,0x0000000027460000)]
  0x0000000021a27800 JavaThread "jar transforms Thread 136" [_thread_blocked, id=3960, stack(0x0000000027260000,0x0000000027360000)]
  0x0000000021a20000 JavaThread "jar transforms Thread 135" [_thread_blocked, id=5208, stack(0x0000000027160000,0x0000000027260000)]
  0x0000000021a26000 JavaThread "jar transforms Thread 134" [_thread_blocked, id=14424, stack(0x0000000027060000,0x0000000027160000)]
  0x0000000021a25000 JavaThread "jar transforms Thread 133" [_thread_blocked, id=3396, stack(0x0000000026f60000,0x0000000027060000)]
  0x0000000021a24800 JavaThread "jar transforms Thread 132" [_thread_blocked, id=14284, stack(0x0000000026e60000,0x0000000026f60000)]
  0x0000000021a26800 JavaThread "jar transforms Thread 131" [_thread_blocked, id=7836, stack(0x0000000026d60000,0x0000000026e60000)]
  0x0000000021a1e000 JavaThread "jar transforms Thread 130" [_thread_blocked, id=9564, stack(0x0000000026c60000,0x0000000026d60000)]
  0x0000000021a1f000 JavaThread "jar transforms Thread 129" [_thread_blocked, id=1636, stack(0x0000000026b60000,0x0000000026c60000)]
  0x000000001c474800 JavaThread "jar transforms Thread 128" [_thread_blocked, id=8060, stack(0x0000000026a60000,0x0000000026b60000)]
  0x000000001c475000 JavaThread "jar transforms Thread 127" [_thread_blocked, id=5432, stack(0x0000000026960000,0x0000000026a60000)]
  0x000000001c470000 JavaThread "jar transforms Thread 126" [_thread_blocked, id=13844, stack(0x0000000026860000,0x0000000026960000)]
  0x000000001c471800 JavaThread "jar transforms Thread 125" [_thread_blocked, id=10632, stack(0x0000000026760000,0x0000000026860000)]
  0x000000001c46f000 JavaThread "jar transforms Thread 124" [_thread_blocked, id=2444, stack(0x0000000026660000,0x0000000026760000)]
  0x00000000232d3800 JavaThread "jar transforms Thread 123" [_thread_blocked, id=12812, stack(0x0000000026560000,0x0000000026660000)]
  0x00000000232da000 JavaThread "jar transforms Thread 122" [_thread_blocked, id=8484, stack(0x0000000026460000,0x0000000026560000)]
  0x00000000232d8800 JavaThread "jar transforms Thread 121" [_thread_blocked, id=11316, stack(0x0000000026360000,0x0000000026460000)]
  0x00000000232d5000 JavaThread "jar transforms Thread 120" [_thread_blocked, id=7712, stack(0x0000000026260000,0x0000000026360000)]
  0x00000000232d4000 JavaThread "jar transforms Thread 119" [_thread_blocked, id=5956, stack(0x0000000026160000,0x0000000026260000)]
  0x00000000232d9800 JavaThread "jar transforms Thread 118" [_thread_blocked, id=2980, stack(0x0000000026060000,0x0000000026160000)]
  0x00000000232cd800 JavaThread "jar transforms Thread 117" [_thread_blocked, id=14172, stack(0x0000000025f60000,0x0000000026060000)]
  0x00000000232cb800 JavaThread "jar transforms Thread 116" [_thread_blocked, id=4188, stack(0x0000000025e60000,0x0000000025f60000)]
  0x00000000232cf800 JavaThread "jar transforms Thread 115" [_thread_blocked, id=8632, stack(0x0000000025d60000,0x0000000025e60000)]
  0x00000000232d2800 JavaThread "jar transforms Thread 114" [_thread_blocked, id=1484, stack(0x0000000025c60000,0x0000000025d60000)]
  0x00000000232d2000 JavaThread "jar transforms Thread 113" [_thread_blocked, id=3680, stack(0x0000000025b60000,0x0000000025c60000)]
  0x00000000232d0800 JavaThread "jar transforms Thread 112" [_thread_blocked, id=10216, stack(0x0000000025a60000,0x0000000025b60000)]
  0x00000000232cc800 JavaThread "jar transforms Thread 111" [_thread_blocked, id=11776, stack(0x0000000025960000,0x0000000025a60000)]
  0x000000001cb0d800 JavaThread "jar transforms Thread 110" [_thread_blocked, id=3452, stack(0x0000000025860000,0x0000000025960000)]
  0x000000001cb0c800 JavaThread "jar transforms Thread 109" [_thread_blocked, id=464, stack(0x0000000025760000,0x0000000025860000)]
  0x000000001cb05000 JavaThread "jar transforms Thread 108" [_thread_blocked, id=3512, stack(0x0000000025660000,0x0000000025760000)]
  0x000000001cb0c000 JavaThread "jar transforms Thread 107" [_thread_blocked, id=15048, stack(0x0000000025560000,0x0000000025660000)]
  0x000000001cb0b000 JavaThread "jar transforms Thread 106" [_thread_blocked, id=11756, stack(0x0000000025460000,0x0000000025560000)]
  0x000000001cb03800 JavaThread "jar transforms Thread 105" [_thread_blocked, id=6680, stack(0x0000000025360000,0x0000000025460000)]
  0x000000001cb0a800 JavaThread "jar transforms Thread 104" [_thread_blocked, id=3636, stack(0x0000000025260000,0x0000000025360000)]
  0x000000001cb03000 JavaThread "jar transforms Thread 103" [_thread_blocked, id=10228, stack(0x0000000025160000,0x0000000025260000)]
  0x000000001cb09800 JavaThread "jar transforms Thread 102" [_thread_blocked, id=11980, stack(0x0000000025060000,0x0000000025160000)]
  0x000000001cb02000 JavaThread "jar transforms Thread 101" [_thread_blocked, id=8920, stack(0x0000000024f60000,0x0000000025060000)]
  0x000000001cb09000 JavaThread "jar transforms Thread 100" [_thread_blocked, id=13436, stack(0x0000000024e60000,0x0000000024f60000)]
  0x000000001cb01800 JavaThread "jar transforms Thread 99" [_thread_blocked, id=3972, stack(0x0000000024d60000,0x0000000024e60000)]
  0x000000001cb04800 JavaThread "jar transforms Thread 98" [_thread_blocked, id=14180, stack(0x0000000024c60000,0x0000000024d60000)]
  0x000000001cb06800 JavaThread "jar transforms Thread 97" [_thread_blocked, id=14412, stack(0x0000000024b60000,0x0000000024c60000)]
  0x000000001cb06000 JavaThread "jar transforms Thread 96" [_thread_blocked, id=9480, stack(0x0000000024960000,0x0000000024a60000)]
  0x000000001cb08000 JavaThread "jar transforms Thread 95" [_thread_blocked, id=8300, stack(0x0000000024860000,0x0000000024960000)]
  0x000000001cb07800 JavaThread "jar transforms Thread 94" [_thread_blocked, id=11296, stack(0x0000000024760000,0x0000000024860000)]
  0x0000000021a18800 JavaThread "jar transforms Thread 93" [_thread_blocked, id=6712, stack(0x0000000024660000,0x0000000024760000)]
  0x0000000021a0b800 JavaThread "Daemon worker Thread 2" [_thread_blocked, id=7252, stack(0x000000001d510000,0x000000001d610000)]
  0x0000000021a09800 JavaThread "Daemon Thread 2" [_thread_blocked, id=2092, stack(0x0000000000b10000,0x0000000000c10000)]
  0x00000000232d7000 JavaThread "Cache worker for Java compile cache (C:\Users\lmsiu\.gradle\caches\6.5\javaCompile)" [_thread_blocked, id=3016, stack(0x000000002dd60000,0x000000002de60000)]
  0x0000000021a15800 JavaThread "Memory manager" [_thread_blocked, id=11612, stack(0x000000002aff0000,0x000000002b0f0000)]
  0x000000001c470800 JavaThread "Cache worker for file content cache (C:\Users\lmsiu\.gradle\caches\6.5\fileContent)" [_thread_blocked, id=6968, stack(0x0000000022b90000,0x0000000022c90000)]
  0x000000001c476000 JavaThread "Cache worker for execution history cache (C:\Users\lmsiu\.gradle\caches\6.5\executionHistory)" [_thread_blocked, id=3088, stack(0x0000000022390000,0x0000000022490000)]
  0x000000001c473800 JavaThread "Cache worker for file hash cache (C:\Users\lmsiu\.gradle\caches\6.5\fileHashes)" [_thread_blocked, id=7904, stack(0x000000001e750000,0x000000001e850000)]
  0x000000001c473000 JavaThread "File lock request listener" [_thread_in_native, id=472, stack(0x000000001e650000,0x000000001e750000)]
  0x000000001c7a2800 JavaThread "Cache worker for journal cache (C:\Users\lmsiu\.gradle\caches\journal-1)" [_thread_blocked, id=10444, stack(0x000000001e550000,0x000000001e650000)]
  0x000000001c37d800 JavaThread "Daemon periodic checks" [_thread_blocked, id=13764, stack(0x000000001d950000,0x000000001da50000)]
  0x000000001c24a000 JavaThread "Incoming local TCP Connector on port 50908" [_thread_in_native, id=15352, stack(0x000000001d710000,0x000000001d810000)]
  0x000000001c281000 JavaThread "Daemon health stats" [_thread_blocked, id=10700, stack(0x000000001d0d0000,0x000000001d1d0000)]
  0x00000000198f1800 JavaThread "Service Thread" daemon [_thread_blocked, id=8612, stack(0x000000001a530000,0x000000001a630000)]
  0x0000000019870800 JavaThread "C1 CompilerThread3" daemon [_thread_in_vm, id=10200, stack(0x000000001a430000,0x000000001a530000)]
  0x0000000019868800 JavaThread "C2 CompilerThread2" daemon [_thread_in_native, id=12232, stack(0x000000001a330000,0x000000001a430000)]
  0x0000000019866800 JavaThread "C2 CompilerThread1" daemon [_thread_in_native, id=8172, stack(0x000000001a230000,0x000000001a330000)]
=>0x000000001985f800 JavaThread "C2 CompilerThread0" daemon [_thread_in_native, id=11532, stack(0x000000001a130000,0x000000001a230000)]
  0x000000001985f000 JavaThread "Attach Listener" daemon [_thread_blocked, id=8228, stack(0x000000001a030000,0x000000001a130000)]
  0x000000001985e000 JavaThread "Signal Dispatcher" daemon [_thread_blocked, id=11392, stack(0x0000000019f30000,0x000000001a030000)]
  0x0000000019851000 JavaThread "Finalizer" daemon [_thread_blocked, id=10544, stack(0x0000000019d30000,0x0000000019e30000)]
  0x0000000019850800 JavaThread "Reference Handler" daemon [_thread_blocked, id=12088, stack(0x0000000019c30000,0x0000000019d30000)]
  0x00000000028ee800 JavaThread "main" [_thread_blocked, id=4080, stack(0x0000000002760000,0x0000000002860000)]

Other Threads:
  0x0000000017a58000 VMThread [stack: 0x0000000019730000,0x0000000019830000] [id=6032]
  0x00000000198f2000 WatcherThread [stack: 0x000000001a630000,0x000000001a730000] [id=15160]

VM state:not at safepoint (normal execution)

VM Mutex/Monitor currently owned by a thread: None

heap address: 0x0000000080000000, size: 2048 MB, Compressed Oops mode: 32-bit
Narrow klass base: 0x0000000000000000, Narrow klass shift: 3
Compressed class space size: 1073741824 Address: 0x0000000100000000

Heap:
 PSYoungGen      total 408064K, used 319319K [0x00000000d5580000, 0x00000000f1200000, 0x0000000100000000)
  eden space 379392K, 76% used [0x00000000d5580000,0x00000000e71597e0,0x00000000ec800000)
  from space 28672K, 99% used [0x00000000eef80000,0x00000000f0b7c590,0x00000000f0b80000)
  to   space 37888K, 0% used [0x00000000ec800000,0x00000000ec800000,0x00000000eed00000)
 ParOldGen       total 211968K, used 53646K [0x0000000080000000, 0x000000008cf00000, 0x00000000d5580000)
  object space 211968K, 25% used [0x0000000080000000,0x0000000083463b38,0x000000008cf00000)
 Metaspace       used 88722K, capacity 93750K, committed 93992K, reserved 1130496K
  class space    used 11846K, capacity 12767K, committed 12848K, reserved 1048576K

Card table byte_map: [0x0000000011db0000,0x00000000121c0000] byte_map_base: 0x00000000119b0000

Marking Bits: (ParMarkBitMap*) 0x000000007496f030
 Begin Bits: [0x0000000012c70000, 0x0000000014c70000)
 End Bits:   [0x0000000014c70000, 0x0000000016c70000)

Polling page: 0x0000000002710000

CodeCache: size=245760Kb used=39577Kb max_used=39995Kb free=206183Kb
 bounds [0x00000000029f0000, 0x0000000005130000, 0x00000000119f0000]
 total_blobs=13102 nmethods=12248 adapters=766
 compilation: enabled

Compilation events (10 events):
Event: 1941.249 Thread 0x0000000019870800 14331       2       org.gradle.internal.execution.history.changes.DefaultInputFileChanges::<init> (9 bytes)
Event: 1941.249 Thread 0x0000000019870800 nmethod 14331 0x000000000512ad10 code [0x000000000512ae60, 0x000000000512aff0]
Event: 1941.251 Thread 0x0000000019870800 14332       2       org.gradle.internal.fingerprint.impl.IgnoredPathFingerprintingStrategy$1::postVisitDirectory (1 bytes)
Event: 1941.252 Thread 0x0000000019870800 nmethod 14332 0x000000000512b090 code [0x000000000512b1e0, 0x000000000512b330]
Event: 1941.255 Thread 0x0000000019870800 14334       2       com.google.common.collect.ForwardingMapEntry::getValue (10 bytes)
Event: 1941.255 Thread 0x0000000019870800 nmethod 14334 0x000000000512b3d0 code [0x000000000512b540, 0x000000000512b6d8]
Event: 1941.255 Thread 0x0000000019870800 14333       2       com.google.common.collect.ForwardingMapEntry::getKey (10 bytes)
Event: 1941.255 Thread 0x0000000019870800 nmethod 14333 0x000000000512b790 code [0x000000000512b900, 0x000000000512ba98]
Event: 1941.255 Thread 0x0000000019870800 14335       2       org.gradle.internal.operations.OperationFinishEvent::getStartTime (5 bytes)
Event: 1941.255 Thread 0x0000000019870800 nmethod 14335 0x000000000512bb50 code [0x000000000512bca0, 0x000000000512bdf0]

GC Heap History (10 events):
Event: 4.329 GC heap before
{Heap before GC invocations=9 (full 2):
 PSYoungGen      total 233984K, used 218112K [0x00000000d5580000, 0x00000000e4d80000, 0x0000000100000000)
  eden space 218112K, 100% used [0x00000000d5580000,0x00000000e2a80000,0x00000000e2a80000)
  from space 15872K, 0% used [0x00000000e3980000,0x00000000e3980000,0x00000000e4900000)
  to   space 15360K, 0% used [0x00000000e2a80000,0x00000000e2a80000,0x00000000e3980000)
 ParOldGen       total 139776K, used 14624K [0x0000000080000000, 0x0000000088880000, 0x00000000d5580000)
  object space 139776K, 10% used [0x0000000080000000,0x0000000080e48038,0x0000000088880000)
 Metaspace       used 45607K, capacity 47508K, committed 47784K, reserved 1091584K
  class space    used 6175K, capacity 6554K, committed 6576K, reserved 1048576K
Event: 4.343 GC heap after
Heap after GC invocations=9 (full 2):
 PSYoungGen      total 233472K, used 15340K [0x00000000d5580000, 0x00000000ebd00000, 0x0000000100000000)
  eden space 218112K, 0% used [0x00000000d5580000,0x00000000d5580000,0x00000000e2a80000)
  from space 15360K, 99% used [0x00000000e2a80000,0x00000000e397b170,0x00000000e3980000)
  to   space 18432K, 0% used [0x00000000eab00000,0x00000000eab00000,0x00000000ebd00000)
 ParOldGen       total 139776K, used 16601K [0x0000000080000000, 0x0000000088880000, 0x00000000d5580000)
  object space 139776K, 11% used [0x0000000080000000,0x00000000810366f8,0x0000000088880000)
 Metaspace       used 45607K, capacity 47508K, committed 47784K, reserved 1091584K
  class space    used 6175K, capacity 6554K, committed 6576K, reserved 1048576K
}
Event: 5.450 GC heap before
{Heap before GC invocations=10 (full 2):
 PSYoungGen      total 233472K, used 144821K [0x00000000d5580000, 0x00000000ebd00000, 0x0000000100000000)
  eden space 218112K, 59% used [0x00000000d5580000,0x00000000dd3f2648,0x00000000e2a80000)
  from space 15360K, 99% used [0x00000000e2a80000,0x00000000e397b170,0x00000000e3980000)
  to   space 18432K, 0% used [0x00000000eab00000,0x00000000eab00000,0x00000000ebd00000)
 ParOldGen       total 139776K, used 16601K [0x0000000080000000, 0x0000000088880000, 0x00000000d5580000)
  object space 139776K, 11% used [0x0000000080000000,0x00000000810366f8,0x0000000088880000)
 Metaspace       used 56641K, capacity 58976K, committed 59160K, reserved 1099776K
  class space    used 7755K, capacity 8245K, committed 8368K, reserved 1048576K
Event: 5.468 GC heap after
Heap after GC invocations=10 (full 2):
 PSYoungGen      total 344064K, used 18401K [0x00000000d5580000, 0x00000000ec280000, 0x0000000100000000)
  eden space 325632K, 0% used [0x00000000d5580000,0x00000000d5580000,0x00000000e9380000)
  from space 18432K, 99% used [0x00000000eab00000,0x00000000ebcf8718,0x00000000ebd00000)
  to   space 24064K, 0% used [0x00000000e9380000,0x00000000e9380000,0x00000000eab00000)
 ParOldGen       total 139776K, used 23174K [0x0000000080000000, 0x0000000088880000, 0x00000000d5580000)
  object space 139776K, 16% used [0x0000000080000000,0x00000000816a1b00,0x0000000088880000)
 Metaspace       used 56641K, capacity 58976K, committed 59160K, reserved 1099776K
  class space    used 7755K, capacity 8245K, committed 8368K, reserved 1048576K
}
Event: 5.468 GC heap before
{Heap before GC invocations=11 (full 3):
 PSYoungGen      total 344064K, used 18401K [0x00000000d5580000, 0x00000000ec280000, 0x0000000100000000)
  eden space 325632K, 0% used [0x00000000d5580000,0x00000000d5580000,0x00000000e9380000)
  from space 18432K, 99% used [0x00000000eab00000,0x00000000ebcf8718,0x00000000ebd00000)
  to   space 24064K, 0% used [0x00000000e9380000,0x00000000e9380000,0x00000000eab00000)
 ParOldGen       total 139776K, used 23174K [0x0000000080000000, 0x0000000088880000, 0x00000000d5580000)
  object space 139776K, 16% used [0x0000000080000000,0x00000000816a1b00,0x0000000088880000)
 Metaspace       used 56641K, capacity 58976K, committed 59160K, reserved 1099776K
  class space    used 7755K, capacity 8245K, committed 8368K, reserved 1048576K
Event: 5.648 GC heap after
Heap after GC invocations=11 (full 3):
 PSYoungGen      total 344064K, used 0K [0x00000000d5580000, 0x00000000ec280000, 0x0000000100000000)
  eden space 325632K, 0% used [0x00000000d5580000,0x00000000d5580000,0x00000000e9380000)
  from space 18432K, 0% used [0x00000000eab00000,0x00000000eab00000,0x00000000ebd00000)
  to   space 24064K, 0% used [0x00000000e9380000,0x00000000e9380000,0x00000000eab00000)
 ParOldGen       total 211968K, used 36773K [0x0000000080000000, 0x000000008cf00000, 0x00000000d5580000)
  object space 211968K, 17% used [0x0000000080000000,0x00000000823e9508,0x000000008cf00000)
 Metaspace       used 56605K, capacity 58856K, committed 59160K, reserved 1099776K
  class space    used 7745K, capacity 8225K, committed 8368K, reserved 1048576K
}
Event: 8.053 GC heap before
{Heap before GC invocations=12 (full 3):
 PSYoungGen      total 344064K, used 325629K [0x00000000d5580000, 0x00000000ec280000, 0x0000000100000000)
  eden space 325632K, 99% used [0x00000000d5580000,0x00000000e937f7a0,0x00000000e9380000)
  from space 18432K, 0% used [0x00000000eab00000,0x00000000eab00000,0x00000000ebd00000)
  to   space 24064K, 0% used [0x00000000e9380000,0x00000000e9380000,0x00000000eab00000)
 ParOldGen       total 211968K, used 36773K [0x0000000080000000, 0x000000008cf00000, 0x00000000d5580000)
  object space 211968K, 17% used [0x0000000080000000,0x00000000823e9508,0x000000008cf00000)
 Metaspace       used 70143K, capacity 73668K, committed 73768K, reserved 1112064K
  class space    used 9562K, capacity 10252K, committed 10288K, reserved 1048576K
Event: 8.085 GC heap after
Heap after GC invocations=12 (full 3):
 PSYoungGen      total 349696K, used 24049K [0x00000000d5580000, 0x00000000f0b80000, 0x0000000100000000)
  eden space 325632K, 0% used [0x00000000d5580000,0x00000000d5580000,0x00000000e9380000)
  from space 24064K, 99% used [0x00000000e9380000,0x00000000eaafc5a0,0x00000000eab00000)
  to   space 28672K, 0% used [0x00000000eef80000,0x00000000eef80000,0x00000000f0b80000)
 ParOldGen       total 211968K, used 40173K [0x0000000080000000, 0x000000008cf00000, 0x00000000d5580000)
  object space 211968K, 18% used [0x0000000080000000,0x000000008273b560,0x000000008cf00000)
 Metaspace       used 70143K, capacity 73668K, committed 73768K, reserved 1112064K
  class space    used 9562K, capacity 10252K, committed 10288K, reserved 1048576K
}
Event: 1895.038 GC heap before
{Heap before GC invocations=13 (full 3):
 PSYoungGen      total 349696K, used 349681K [0x00000000d5580000, 0x00000000f0b80000, 0x0000000100000000)
  eden space 325632K, 100% used [0x00000000d5580000,0x00000000e9380000,0x00000000e9380000)
  from space 24064K, 99% used [0x00000000e9380000,0x00000000eaafc5a0,0x00000000eab00000)
  to   space 28672K, 0% used [0x00000000eef80000,0x00000000eef80000,0x00000000f0b80000)
 ParOldGen       total 211968K, used 40173K [0x0000000080000000, 0x000000008cf00000, 0x00000000d5580000)
  object space 211968K, 18% used [0x0000000080000000,0x000000008273b560,0x000000008cf00000)
 Metaspace       used 87432K, capacity 92330K, committed 92712K, reserved 1128448K
  class space    used 11814K, capacity 12721K, committed 12848K, reserved 1048576K
Event: 1895.071 GC heap after
Heap after GC invocations=13 (full 3):
 PSYoungGen      total 408064K, used 28657K [0x00000000d5580000, 0x00000000f1200000, 0x0000000100000000)
  eden space 379392K, 0% used [0x00000000d5580000,0x00000000d5580000,0x00000000ec800000)
  from space 28672K, 99% used [0x00000000eef80000,0x00000000f0b7c590,0x00000000f0b80000)
  to   space 37888K, 0% used [0x00000000ec800000,0x00000000ec800000,0x00000000eed00000)
 ParOldGen       total 211968K, used 53646K [0x0000000080000000, 0x000000008cf00000, 0x00000000d5580000)
  object space 211968K, 25% used [0x0000000080000000,0x0000000083463b38,0x000000008cf00000)
 Metaspace       used 87432K, capacity 92330K, committed 92712K, reserved 1128448K
  class space    used 11814K, capacity 12721K, committed 12848K, reserved 1048576K
}

Deoptimization events (10 events):
Event: 1940.465 Thread 0x0000000021a0b800 Uncommon trap: reason=array_check action=maybe_recompile pc=0x0000000002b265f4 method=com.google.common.collect.ImmutableSet.construct(I[Ljava/lang/Object;)Lcom/google/common/collect/ImmutableSet; @ 122
Event: 1940.467 Thread 0x0000000021a0b800 Uncommon trap: reason=class_check action=maybe_recompile pc=0x000000000403fba0 method=java.util.Spliterators$ArraySpliterator.tryAdvance(Ljava/util/function/Consumer;)Z @ 49
Event: 1940.493 Thread 0x0000000021a0b800 Uncommon trap: reason=class_check action=maybe_recompile pc=0x000000000403fba0 method=java.util.Spliterators$ArraySpliterator.tryAdvance(Ljava/util/function/Consumer;)Z @ 49
Event: 1940.618 Thread 0x0000000021af5000 Uncommon trap: reason=unstable_if action=reinterpret pc=0x0000000004fa5c30 method=java.util.concurrent.ConcurrentLinkedQueue.offer(Ljava/lang/Object;)Z @ 72
Event: 1940.783 Thread 0x0000000021af3800 Uncommon trap: reason=class_check action=maybe_recompile pc=0x0000000002d9e2a8 method=com.google.common.cache.LocalCache$Segment.get(Ljava/lang/Object;I)Ljava/lang/Object; @ 49
Event: 1940.784 Thread 0x0000000021af4800 Uncommon trap: reason=class_check action=maybe_recompile pc=0x0000000002d9e2a8 method=com.google.common.cache.LocalCache$Segment.get(Ljava/lang/Object;I)Ljava/lang/Object; @ 49
Event: 1940.784 Thread 0x0000000021af4800 Uncommon trap: reason=class_check action=maybe_recompile pc=0x0000000002d9e2a8 method=com.google.common.cache.LocalCache$Segment.get(Ljava/lang/Object;I)Ljava/lang/Object; @ 49
Event: 1940.786 Thread 0x0000000021af5000 Uncommon trap: reason=class_check action=maybe_recompile pc=0x0000000002d9e2a8 method=com.google.common.cache.LocalCache$Segment.get(Ljava/lang/Object;I)Ljava/lang/Object; @ 49
Event: 1940.821 Thread 0x000000002382b000 Uncommon trap: reason=unstable_if action=reinterpret pc=0x0000000003449bb0 method=it.unimi.dsi.fastutil.ints.IntOpenHashSet.add(I)Z @ 98
Event: 1941.057 Thread 0x000000002382b000 Uncommon trap: reason=bimorphic action=maybe_recompile pc=0x00000000040f8af4 method=com.sun.tools.javac.code.Types$19.visitClassType(Lcom/sun/tools/javac/code/Type$ClassType;Ljava/lang/Void;)Lcom/sun/tools/javac/util/List; @ 46

Classes redefined (0 events):
No events

Internal exceptions (10 events):
Event: 1895.809 Thread 0x0000000021aed800 Exception <a 'sun/nio/fs/WindowsException'> (0x00000000dc5bdd60) thrown at [C:\src\AOSP-openjdk-git\hotspot\src\share\vm\prims\jni.cpp, line 710]
Event: 1940.471 Thread 0x0000000021a0b800 Exception <a 'sun/nio/fs/WindowsException'> (0x00000000df1ab080) thrown at [C:\src\AOSP-openjdk-git\hotspot\src\share\vm\prims\jni.cpp, line 710]
Event: 1940.808 Thread 0x000000002382b000 Exception <a 'sun/nio/fs/WindowsException'> (0x00000000e2c83970) thrown at [C:\src\AOSP-openjdk-git\hotspot\src\share\vm\prims\jni.cpp, line 710]
Event: 1940.808 Thread 0x000000002382b000 Exception <a 'sun/nio/fs/WindowsException'> (0x00000000e2c84660) thrown at [C:\src\AOSP-openjdk-git\hotspot\src\share\vm\prims\jni.cpp, line 710]
Event: 1940.808 Thread 0x000000002382b000 Exception <a 'sun/nio/fs/WindowsException'> (0x00000000e2c88330) thrown at [C:\src\AOSP-openjdk-git\hotspot\src\share\vm\prims\jni.cpp, line 710]
Event: 1940.808 Thread 0x000000002382b000 Exception <a 'sun/nio/fs/WindowsException'> (0x00000000e2c89060) thrown at [C:\src\AOSP-openjdk-git\hotspot\src\share\vm\prims\jni.cpp, line 710]
Event: 1940.808 Thread 0x000000002382b000 Exception <a 'sun/nio/fs/WindowsException'> (0x00000000e2c8af20) thrown at [C:\src\AOSP-openjdk-git\hotspot\src\share\vm\prims\jni.cpp, line 710]
Event: 1940.809 Thread 0x000000002382b000 Exception <a 'sun/nio/fs/WindowsException'> (0x00000000e2c8bc60) thrown at [C:\src\AOSP-openjdk-git\hotspot\src\share\vm\prims\jni.cpp, line 710]
Event: 1941.197 Thread 0x000000002382b000 Exception <a 'sun/nio/fs/WindowsException'> (0x00000000e5cb2858) thrown at [C:\src\AOSP-openjdk-git\hotspot\src\share\vm\prims\jni.cpp, line 710]
Event: 1941.197 Thread 0x000000002382b000 Exception <a 'sun/nio/fs/WindowsException'> (0x00000000e5cb3578) thrown at [C:\src\AOSP-openjdk-git\hotspot\src\share\vm\prims\jni.cpp, line 710]

Events (10 events):
Event: 1941.233 Executing VM operation: RevokeBias
Event: 1941.233 Executing VM operation: RevokeBias done
Event: 1941.233 Executing VM operation: RevokeBias
Event: 1941.234 Executing VM operation: RevokeBias done
Event: 1941.234 Executing VM operation: RevokeBias
Event: 1941.234 Executing VM operation: RevokeBias done
Event: 1941.234 Executing VM operation: RevokeBias
Event: 1941.234 Executing VM operation: RevokeBias done
Event: 1941.251 Executing VM operation: RevokeBias
Event: 1941.251 Executing VM operation: RevokeBias done


Dynamic libraries:
0x00007ff640f60000 - 0x00007ff640f91000 	C:\Program Files\Android\Android Studio\jre\bin\java.exe
0x00007ffa5d810000 - 0x00007ffa5da05000 	C:\WINDOWS\SYSTEM32\ntdll.dll
0x00007ffa5d0d0000 - 0x00007ffa5d18d000 	C:\WINDOWS\System32\KERNEL32.DLL
0x00007ffa5b150000 - 0x00007ffa5b418000 	C:\WINDOWS\System32\KERNELBASE.dll
0x00007ffa5ccb0000 - 0x00007ffa5cd5c000 	C:\WINDOWS\System32\ADVAPI32.dll
0x00007ffa5bcc0000 - 0x00007ffa5bd5e000 	C:\WINDOWS\System32\msvcrt.dll
0x00007ffa5bc20000 - 0x00007ffa5bcbb000 	C:\WINDOWS\System32\sechost.dll
0x00007ffa5d5d0000 - 0x00007ffa5d6fb000 	C:\WINDOWS\System32\RPCRT4.dll
0x00007ffa5d430000 - 0x00007ffa5d5d0000 	C:\WINDOWS\System32\USER32.dll
0x00007ffa5b120000 - 0x00007ffa5b142000 	C:\WINDOWS\System32\win32u.dll
0x00007ffa5b9e0000 - 0x00007ffa5ba0a000 	C:\WINDOWS\System32\GDI32.dll
0x00007ffa5b420000 - 0x00007ffa5b52b000 	C:\WINDOWS\System32\gdi32full.dll
0x00007ffa5af50000 - 0x00007ffa5afed000 	C:\WINDOWS\System32\msvcp_win.dll
0x00007ffa5b530000 - 0x00007ffa5b630000 	C:\WINDOWS\System32\ucrtbase.dll
0x00007ffa41d80000 - 0x00007ffa4201a000 	C:\WINDOWS\WinSxS\amd64_microsoft.windows.common-controls_6595b64144ccf1df_6.0.19041.844_none_ca00b6081b84eb1d\COMCTL32.dll
0x00007ffa5d2e0000 - 0x00007ffa5d310000 	C:\WINDOWS\System32\IMM32.DLL
0x0000000073fe0000 - 0x00000000740b2000 	C:\Program Files\Android\Android Studio\jre\jre\bin\msvcr100.dll
0x00000000741a0000 - 0x00000000749eb000 	C:\Program Files\Android\Android Studio\jre\jre\bin\server\jvm.dll
0x00007ffa5d0c0000 - 0x00007ffa5d0c8000 	C:\WINDOWS\System32\PSAPI.DLL
0x00007ffa44950000 - 0x00007ffa44959000 	C:\WINDOWS\SYSTEM32\WSOCK32.dll
0x00007ffa45d20000 - 0x00007ffa45d47000 	C:\WINDOWS\SYSTEM32\WINMM.dll
0x00007ffa527a0000 - 0x00007ffa527aa000 	C:\WINDOWS\SYSTEM32\VERSION.dll
0x00007ffa5ca90000 - 0x00007ffa5cafb000 	C:\WINDOWS\System32\WS2_32.dll
0x00007ffa556c0000 - 0x00007ffa556cf000 	C:\Program Files\Android\Android Studio\jre\jre\bin\verify.dll
0x00007ffa540f0000 - 0x00007ffa54119000 	C:\Program Files\Android\Android Studio\jre\jre\bin\java.dll
0x00007ffa4e630000 - 0x00007ffa4e646000 	C:\Program Files\Android\Android Studio\jre\jre\bin\zip.dll
0x00007ffa5c2b0000 - 0x00007ffa5c9f2000 	C:\WINDOWS\System32\SHELL32.dll
0x00007ffa58cc0000 - 0x00007ffa59451000 	C:\WINDOWS\SYSTEM32\windows.storage.dll
0x00007ffa5cd60000 - 0x00007ffa5d0b5000 	C:\WINDOWS\System32\combase.dll
0x00007ffa5a9c0000 - 0x00007ffa5a9ec000 	C:\WINDOWS\SYSTEM32\Wldp.dll
0x00007ffa5b930000 - 0x00007ffa5b9de000 	C:\WINDOWS\System32\SHCORE.dll
0x00007ffa5bb40000 - 0x00007ffa5bb95000 	C:\WINDOWS\System32\shlwapi.dll
0x00007ffa5ae90000 - 0x00007ffa5aeaf000 	C:\WINDOWS\SYSTEM32\profapi.dll
0x00007ffa49110000 - 0x00007ffa4912a000 	C:\Program Files\Android\Android Studio\jre\jre\bin\net.dll
0x00007ffa5a730000 - 0x00007ffa5a79a000 	C:\WINDOWS\system32\mswsock.dll
0x00007ffa48e70000 - 0x00007ffa48e83000 	C:\Program Files\Android\Android Studio\jre\jre\bin\nio.dll
0x00007ffa48590000 - 0x00007ffa485b7000 	C:\Users\lmsiu\.gradle\native\f6784746aeab05261644944871eae4fe03e0ef1612fff0a4a95f87b438bc6780\windows-amd64\native-platform.dll
0x00007ffa50510000 - 0x00007ffa5051d000 	C:\Program Files\Android\Android Studio\jre\jre\bin\management.dll
0x00007ffa5a900000 - 0x00007ffa5a918000 	C:\WINDOWS\SYSTEM32\CRYPTSP.dll
0x00007ffa5a060000 - 0x00007ffa5a094000 	C:\WINDOWS\system32\rsaenh.dll
0x00007ffa5aff0000 - 0x00007ffa5b017000 	C:\WINDOWS\System32\bcrypt.dll
0x00007ffa5ae10000 - 0x00007ffa5ae3e000 	C:\WINDOWS\SYSTEM32\USERENV.dll
0x00007ffa5b630000 - 0x00007ffa5b6b0000 	C:\WINDOWS\System32\bcryptprimitives.dll
0x00007ffa5a920000 - 0x00007ffa5a92c000 	C:\WINDOWS\SYSTEM32\CRYPTBASE.dll
0x00007ffa5a3d0000 - 0x00007ffa5a40b000 	C:\WINDOWS\SYSTEM32\IPHLPAPI.DLL
0x00007ffa5d700000 - 0x00007ffa5d708000 	C:\WINDOWS\System32\NSI.dll
0x00007ffa526e0000 - 0x00007ffa526f7000 	C:\WINDOWS\SYSTEM32\dhcpcsvc6.DLL
0x00007ffa52260000 - 0x00007ffa5227d000 	C:\WINDOWS\SYSTEM32\dhcpcsvc.DLL
0x00007ffa5a410000 - 0x00007ffa5a4dc000 	C:\WINDOWS\SYSTEM32\DNSAPI.dll
0x00007ffa53400000 - 0x00007ffa5340b000 	C:\WINDOWS\SYSTEM32\WINNSI.DLL
0x00007ffa59530000 - 0x00007ffa59714000 	C:\WINDOWS\SYSTEM32\dbghelp.dll

VM Arguments:
jvm_args: -Xmx2048m -Dfile.encoding=UTF-8 -Duser.country=US -Duser.language=en -Duser.variant 
java_command: org.gradle.launcher.daemon.bootstrap.GradleDaemon 6.5
java_class_path (initial): C:\Users\lmsiu\.gradle\wrapper\dists\gradle-6.5-bin\6nifqtx7604sqp1q6g8wikw7p\gradle-6.5\lib\gradle-launcher-6.5.jar
Launcher Type: SUN_STANDARD

Environment Variables:
PATH=C:\Python39\Scripts\;C:\Python39\;C:\Program Files (x86)\Intel\Intel(R) Management Engine Components\iCLS\;C:\Program Files\Intel\Intel(R) Management Engine Components\iCLS\;C:\WINDOWS\system32;C:\WINDOWS;C:\WINDOWS\System32\Wbem;C:\WINDOWS\System32\WindowsPowerShell\v1.0\;C:\WINDOWS\System32\OpenSSH\;C:\Program Files (x86)\Intel\Intel(R) Management Engine Components\DAL;C:\Program Files\Intel\Intel(R) Management Engine Components\DAL;C:\Program Files (x86)\Intel\Intel(R) Management Engine Components\IPT;C:\Program Files\Intel\Intel(R) Management Engine Components\IPT;C:\Program Files\Intel\WiFi\bin\;C:\Program Files\Common Files\Intel\WirelessCommon\;C:\Program Files (x86)\PuTTY\;C:\Program Files\Git\cmd;C:\Program Files\nodejs\;C:\ProgramData\chocolatey\bin;C:\Users\lmsiu\AppData\Local\Microsoft\WindowsApps;;C:\Users\lmsiu\AppData\Local\Programs\Microsoft VS Code\bin;C:\Users\lmsiu\AppData\Roaming\npm
USERNAME=lmsiu
OS=Windows_NT
PROCESSOR_IDENTIFIER=Intel64 Family 6 Model 142 Stepping 10, GenuineIntel



---------------  S Y S T E M  ---------------

OS: Windows 10.0 , 64 bit Build 19041 (10.0.19041.928)

CPU:total 8 (initial active 8) (4 cores per cpu, 2 threads per core) family 6 model 142 stepping 10, cmov, cx8, fxsr, mmx, sse, sse2, sse3, ssse3, sse4.1, sse4.2, popcnt, avx, avx2, aes, clmul, erms, 3dnowpref, lzcnt, ht, tsc, tscinvbit, bmi1, bmi2, adx

Memory: 4k page, physical 16607352k(7350960k free), swap 19097720k(6851680k free)

vm_info: OpenJDK 64-Bit Server VM (25.242-b01) for windows-amd64 JRE (1.8.0_242-release-1644-b01), built by "builder" with MS VC++ 10.0 (VS2010)

time: Fri Apr 16 15:48:51 2021
timezone: Pacific Daylight Time
elapsed time: 1941 seconds (0d 0h 32m 21s)

