#
# A fatal error has been detected by the Java Runtime Environment:
#
#  EXCEPTION_ACCESS_VIOLATION (0xc0000005) at pc=0x00000000742845df, pid=1324, tid=0x00000000000023a4
#
# JRE version: OpenJDK Runtime Environment (8.0_242-b01) (build 1.8.0_242-release-1644-b01)
# Java VM: OpenJDK 64-Bit Server VM (25.242-b01 mixed mode windows-amd64 compressed oops)
# Problematic frame:
# V  [jvm.dll+0xe45df]
#
# Failed to write core dump. Minidumps are not enabled by default on client versions of Windows
#
# If you would like to submit a bug report, please visit:
#   
#

---------------  T H R E A D  ---------------

Current thread (0x00000000196c3800):  JavaThread "C2 CompilerThread0" daemon [_thread_in_vm, id=9124, stack(0x0000000019f90000,0x000000001a090000)]

siginfo: ExceptionCode=0xc0000005, reading address 0x000000002c52f6c8

Registers:
RAX=0x0000000000000000, RBX=0x000000002ce3f658, RCX=0x000000002c52f6c0, RDX=0x000000001cad9ff0
RSP=0x000000001a08d678, RBP=0x0000000000000000, RSI=0x00000001009b5300, RDI=0x000000001a08db01
R8 =0x0000000000000000, R9 =0x0000000000000001, R10=0x0000000000000000, R11=0x000000001cad9ff0
R12=0x000000001ea14920, R13=0x000000001cad9ff0, R14=0x00000000196c3800, R15=0x000000001c4c3100
RIP=0x00000000742845df, EFLAGS=0x0000000000010247

Top of Stack: (sp=0x000000001a08d678)
0x000000001a08d678:   0000000074284670 000000002ce3f658
0x000000001a08d688:   0000000100972f90 000000001cad9ff0
0x000000001a08d698:   000000001ea14920 000000001a08eca0
0x000000001a08d6a8:   000000001c4c7c00 000000001a08db00
0x000000001a08d6b8:   000000007428b1c8 000000002ce3f658
0x000000001a08d6c8:   0000000000000003 00000001009b5388
0x000000001a08d6d8:   0000000074761c2c 0000000000000001
0x000000001a08d6e8:   0000000000000000 000000001a08db00
0x000000001a08d6f8:   000000007421113e 00000000196c3800
0x000000001a08d708:   0000000074238f40 000000002c9b79e8
0x000000001a08d718:   0000000000000000 0000000000000000
0x000000001a08d728:   0000000080000001 000000001ea14901
0x000000001a08d738:   0000000000000000 000000002c9b79e8
0x000000001a08d748:   0000000000000000 00000000000083b0
0x000000001a08d758:   000000001eeb5d70 000000001eeb9e88
0x000000001a08d768:   0000000000000000 0000000000000000 

Instructions: (pc=0x00000000742845df)
0x00000000742845bf:   ff c9 48 8b d9 78 4c 66 66 0f 1f 84 00 00 00 00
0x00000000742845cf:   00 47 8d 04 11 41 d1 f8 49 63 c0 48 8b 4c c3 08
0x00000000742845df:   48 8b 41 08 0f b7 48 22 48 8b 40 08 48 8b 54 c8
0x00000000742845ef:   50 49 3b d3 72 14 33 c0 49 3b d3 0f 95 c0 85 c0 


Register to memory mapping:

RAX=0x0000000000000000 is an unknown value
RBX=0x000000002ce3f658 is pointing into metadata
RCX=0x000000002c52f6c0 is pointing into the stack for thread: 0x000000001a728800
RDX=0x000000001cad9ff0 is an unknown value
RSP=0x000000001a08d678 is pointing into the stack for thread: 0x00000000196c3800
RBP=0x0000000000000000 is an unknown value
RSI=0x00000001009b5300 is pointing into metadata
RDI=0x000000001a08db01 is pointing into the stack for thread: 0x00000000196c3800
R8 =0x0000000000000000 is an unknown value
R9 =0x0000000000000001 is an unknown value
R10=0x0000000000000000 is an unknown value
R11=0x000000001cad9ff0 is an unknown value
R12=0x000000001ea14920 is an unknown value
R13=0x000000001cad9ff0 is an unknown value
R14=0x00000000196c3800 is a thread
R15=0x000000001c4c3100 is an unknown value


Stack: [0x0000000019f90000,0x000000001a090000],  sp=0x000000001a08d678,  free space=1013k
Native frames: (J=compiled Java code, j=interpreted, Vv=VM code, C=native code)


Current CompileTask:
C2:2441737 15712       4       com.sun.tools.javac.code.Symbol$TypeSymbol::formFullName (81 bytes)


---------------  P R O C E S S  ---------------

Java Threads: ( => current thread )
  0x000000001a728800 JavaThread "Cache worker for Java compile cache (C:\Users\lmsiu\AndroidStudioProjects\Wings\.gradle\6.5\javaCompile)" [_thread_blocked, id=2784, stack(0x000000002c520000,0x000000002c620000)]
  0x000000001a726800 JavaThread "Cache worker for execution history cache (C:\Users\lmsiu\AndroidStudioProjects\Wings\.gradle\6.5\executionHistory)" [_thread_blocked, id=2696, stack(0x000000002c420000,0x000000002c520000)]
  0x000000001a71d800 JavaThread "Execution worker for ':' Thread 7" [_thread_blocked, id=1484, stack(0x000000002c320000,0x000000002c420000)]
  0x000000001a723800 JavaThread "Execution worker for ':' Thread 6" [_thread_blocked, id=11392, stack(0x000000002c220000,0x000000002c320000)]
  0x000000001a71c000 JavaThread "Execution worker for ':' Thread 5" [_thread_blocked, id=13740, stack(0x000000002c120000,0x000000002c220000)]
  0x000000001a722800 JavaThread "Execution worker for ':' Thread 4" [_thread_blocked, id=12020, stack(0x000000002c020000,0x000000002c120000)]
  0x000000001a722000 JavaThread "Execution worker for ':' Thread 3" [_thread_blocked, id=3356, stack(0x000000002bf20000,0x000000002c020000)]
  0x000000001a71e000 JavaThread "Execution worker for ':' Thread 2" [_thread_blocked, id=3940, stack(0x000000002ac20000,0x000000002ad20000)]
  0x000000001a720800 JavaThread "Execution worker for ':'" [_thread_blocked, id=5476, stack(0x000000002ab20000,0x000000002ac20000)]
  0x000000001a71b000 JavaThread "Cache worker for file content cache (C:\Users\lmsiu\AndroidStudioProjects\Wings\.gradle\6.5\fileContent)" [_thread_blocked, id=8296, stack(0x00000000296d0000,0x00000000297d0000)]
  0x000000001a71f800 JavaThread "Cache worker for Build Output Cleanup Cache (C:\Users\lmsiu\AndroidStudioProjects\Wings\.gradle\buildOutputCleanup)" [_thread_blocked, id=11936, stack(0x00000000293d0000,0x00000000294d0000)]
  0x000000001a71f000 JavaThread "jar transforms Thread 460" [_thread_blocked, id=6440, stack(0x00000000292d0000,0x00000000293d0000)]
  0x000000001a71a800 JavaThread "jar transforms Thread 459" [_thread_blocked, id=13296, stack(0x00000000291d0000,0x00000000292d0000)]
  0x000000001a71c800 JavaThread "jar transforms Thread 458" [_thread_blocked, id=14364, stack(0x00000000290d0000,0x00000000291d0000)]
  0x000000002098f800 JavaThread "jar transforms Thread 457" [_thread_blocked, id=10584, stack(0x0000000028fd0000,0x00000000290d0000)]
  0x0000000020993000 JavaThread "jar transforms Thread 456" [_thread_blocked, id=3568, stack(0x0000000028ed0000,0x0000000028fd0000)]
  0x0000000020992800 JavaThread "jar transforms Thread 455" [_thread_blocked, id=2444, stack(0x0000000028dd0000,0x0000000028ed0000)]
  0x0000000020991800 JavaThread "jar transforms Thread 454" [_thread_blocked, id=8144, stack(0x0000000028cd0000,0x0000000028dd0000)]
  0x0000000020991000 JavaThread "jar transforms Thread 453" [_thread_blocked, id=14244, stack(0x0000000028bd0000,0x0000000028cd0000)]
  0x0000000020990000 JavaThread "jar transforms Thread 452" [_thread_blocked, id=3016, stack(0x0000000028ad0000,0x0000000028bd0000)]
  0x000000002098e800 JavaThread "jar transforms Thread 451" [_thread_blocked, id=8780, stack(0x00000000289d0000,0x0000000028ad0000)]
  0x0000000020987000 JavaThread "jar transforms Thread 450" [_thread_blocked, id=12036, stack(0x00000000288d0000,0x00000000289d0000)]
  0x0000000020989800 JavaThread "jar transforms Thread 449" [_thread_blocked, id=5728, stack(0x00000000287d0000,0x00000000288d0000)]
  0x000000002098a000 JavaThread "jar transforms Thread 448" [_thread_blocked, id=2704, stack(0x00000000286d0000,0x00000000287d0000)]
  0x000000002098e000 JavaThread "jar transforms Thread 447" [_thread_blocked, id=3412, stack(0x00000000285d0000,0x00000000286d0000)]
  0x000000002098d000 JavaThread "jar transforms Thread 446" [_thread_blocked, id=9088, stack(0x00000000284d0000,0x00000000285d0000)]
  0x0000000020988800 JavaThread "jar transforms Thread 445" [_thread_blocked, id=10864, stack(0x00000000283d0000,0x00000000284d0000)]
  0x0000000020988000 JavaThread "jar transforms Thread 444" [_thread_blocked, id=13360, stack(0x00000000282d0000,0x00000000283d0000)]
  0x0000000020985800 JavaThread "jar transforms Thread 443" [_thread_blocked, id=3036, stack(0x00000000281d0000,0x00000000282d0000)]
  0x0000000020986800 JavaThread "jar transforms Thread 442" [_thread_blocked, id=12272, stack(0x00000000280d0000,0x00000000281d0000)]
  0x000000002098c800 JavaThread "jar transforms Thread 441" [_thread_blocked, id=7904, stack(0x0000000027fd0000,0x00000000280d0000)]
  0x000000001fd4b800 JavaThread "jar transforms Thread 440" [_thread_blocked, id=14104, stack(0x0000000027ed0000,0x0000000027fd0000)]
  0x000000001fd4a800 JavaThread "jar transforms Thread 439" [_thread_blocked, id=15256, stack(0x0000000027dd0000,0x0000000027ed0000)]
  0x000000001fd4a000 JavaThread "jar transforms Thread 438" [_thread_blocked, id=10700, stack(0x0000000027cd0000,0x0000000027dd0000)]
  0x000000001fd4d800 JavaThread "jar transforms Thread 437" [_thread_blocked, id=11512, stack(0x0000000027bd0000,0x0000000027cd0000)]
  0x000000001fd49000 JavaThread "jar transforms Thread 436" [_thread_blocked, id=8484, stack(0x0000000027ad0000,0x0000000027bd0000)]
  0x000000001fd4c000 JavaThread "jar transforms Thread 435" [_thread_blocked, id=15352, stack(0x00000000279d0000,0x0000000027ad0000)]
  0x000000001fd4e800 JavaThread "jar transforms Thread 434" [_thread_blocked, id=292, stack(0x00000000278d0000,0x00000000279d0000)]
  0x000000001fd4d000 JavaThread "jar transforms Thread 433" [_thread_blocked, id=9616, stack(0x00000000277d0000,0x00000000278d0000)]
  0x000000001fd41000 JavaThread "jar transforms Thread 432" [_thread_blocked, id=3220, stack(0x00000000276d0000,0x00000000277d0000)]
  0x000000001fd47800 JavaThread "jar transforms Thread 431" [_thread_blocked, id=14604, stack(0x00000000275d0000,0x00000000276d0000)]
  0x000000001fd40000 JavaThread "jar transforms Thread 430" [_thread_blocked, id=3656, stack(0x00000000274d0000,0x00000000275d0000)]
  0x000000001fd45800 JavaThread "jar transforms Thread 429" [_thread_blocked, id=11532, stack(0x00000000273d0000,0x00000000274d0000)]
  0x000000001fd3f800 JavaThread "jar transforms Thread 428" [_thread_blocked, id=6032, stack(0x00000000272d0000,0x00000000273d0000)]
  0x000000001fd44000 JavaThread "jar transforms Thread 427" [_thread_blocked, id=12088, stack(0x00000000271d0000,0x00000000272d0000)]
  0x000000001fd42800 JavaThread "jar transforms Thread 426" [_thread_blocked, id=2100, stack(0x00000000270d0000,0x00000000271d0000)]
  0x000000001fd44800 JavaThread "jar transforms Thread 425" [_thread_blocked, id=10544, stack(0x0000000026fd0000,0x00000000270d0000)]
  0x000000001fd43000 JavaThread "jar transforms Thread 424" [_thread_blocked, id=5792, stack(0x0000000026ed0000,0x0000000026fd0000)]
  0x000000001ae7d800 JavaThread "jar transforms Thread 423" [_thread_blocked, id=9032, stack(0x0000000026dd0000,0x0000000026ed0000)]
  0x000000001ae82800 JavaThread "jar transforms Thread 422" [_thread_blocked, id=1660, stack(0x0000000026cd0000,0x0000000026dd0000)]
  0x000000001ae81000 JavaThread "jar transforms Thread 421" [_thread_blocked, id=14368, stack(0x0000000026bd0000,0x0000000026cd0000)]
  0x000000001ae80800 JavaThread "jar transforms Thread 420" [_thread_blocked, id=8228, stack(0x0000000026ad0000,0x0000000026bd0000)]
  0x000000001ae78000 JavaThread "jar transforms Thread 419" [_thread_blocked, id=9860, stack(0x00000000269d0000,0x0000000026ad0000)]
  0x000000001ae7c800 JavaThread "jar transforms Thread 418" [_thread_blocked, id=10220, stack(0x00000000268d0000,0x00000000269d0000)]
  0x000000001ae7f000 JavaThread "jar transforms Thread 417" [_thread_blocked, id=3396, stack(0x00000000267d0000,0x00000000268d0000)]
  0x000000001ae7e000 JavaThread "jar transforms Thread 416" [_thread_blocked, id=9008, stack(0x00000000266d0000,0x00000000267d0000)]
  0x000000001ae79800 JavaThread "jar transforms Thread 415" [_thread_blocked, id=6260, stack(0x00000000265d0000,0x00000000266d0000)]
  0x000000001ae75000 JavaThread "jar transforms Thread 414" [_thread_blocked, id=11972, stack(0x00000000264d0000,0x00000000265d0000)]
  0x000000001ae79000 JavaThread "jar transforms Thread 413" [_thread_blocked, id=8172, stack(0x00000000263d0000,0x00000000264d0000)]
  0x000000001ae7c000 JavaThread "jar transforms Thread 412" [_thread_blocked, id=14176, stack(0x00000000262d0000,0x00000000263d0000)]
  0x000000001ae7b000 JavaThread "jar transforms Thread 411" [_thread_blocked, id=5208, stack(0x00000000261d0000,0x00000000262d0000)]
  0x000000001ae7a800 JavaThread "jar transforms Thread 410" [_thread_blocked, id=10208, stack(0x00000000260d0000,0x00000000261d0000)]
  0x000000001ae77800 JavaThread "jar transforms Thread 409" [_thread_blocked, id=1376, stack(0x0000000025fd0000,0x00000000260d0000)]
  0x000000001ae74800 JavaThread "jar transforms Thread 408" [_thread_blocked, id=8612, stack(0x0000000025ed0000,0x0000000025fd0000)]
  0x000000001ae76000 JavaThread "jar transforms Thread 407" [_thread_blocked, id=13764, stack(0x0000000025dd0000,0x0000000025ed0000)]
  0x000000001ae73800 JavaThread "jar transforms Thread 406" [_thread_blocked, id=1556, stack(0x0000000025cd0000,0x0000000025dd0000)]
  0x000000001f0b5000 JavaThread "jar transforms Thread 405" [_thread_blocked, id=1696, stack(0x0000000025bd0000,0x0000000025cd0000)]
  0x000000001f0b4800 JavaThread "jar transforms Thread 404" [_thread_blocked, id=4512, stack(0x0000000025ad0000,0x0000000025bd0000)]
  0x000000001f0ac800 JavaThread "jar transforms Thread 403" [_thread_blocked, id=9296, stack(0x00000000259d0000,0x0000000025ad0000)]
  0x000000001f0b3800 JavaThread "jar transforms Thread 402" [_thread_blocked, id=8464, stack(0x00000000258d0000,0x00000000259d0000)]
  0x000000001f0ac000 JavaThread "jar transforms Thread 401" [_thread_blocked, id=11700, stack(0x00000000257d0000,0x00000000258d0000)]
  0x000000001f0b3000 JavaThread "jar transforms Thread 400" [_thread_blocked, id=13836, stack(0x00000000256d0000,0x00000000257d0000)]
  0x000000001f0b1800 JavaThread "jar transforms Thread 399" [_thread_blocked, id=9096, stack(0x00000000255d0000,0x00000000256d0000)]
  0x000000001f0b0800 JavaThread "jar transforms Thread 398" [_thread_blocked, id=10200, stack(0x00000000254d0000,0x00000000255d0000)]
  0x000000001f0b2000 JavaThread "jar transforms Thread 397" [_thread_blocked, id=5420, stack(0x00000000253d0000,0x00000000254d0000)]
  0x000000001f0a9800 JavaThread "jar transforms Thread 396" [_thread_blocked, id=472, stack(0x00000000252d0000,0x00000000253d0000)]
  0x000000001f0a9000 JavaThread "jar transforms Thread 395" [_thread_blocked, id=4080, stack(0x00000000251d0000,0x00000000252d0000)]
  0x000000001f0af800 JavaThread "jar transforms Thread 394" [_thread_blocked, id=13776, stack(0x00000000250d0000,0x00000000251d0000)]
  0x000000001f0a8000 JavaThread "jar transforms Thread 393" [_thread_blocked, id=11856, stack(0x0000000024fd0000,0x00000000250d0000)]
  0x000000001f0aa800 JavaThread "jar transforms Thread 392" [_thread_blocked, id=10964, stack(0x0000000024ed0000,0x0000000024fd0000)]
  0x000000001f0af000 JavaThread "jar transforms Thread 391" [_thread_blocked, id=3480, stack(0x0000000024dd0000,0x0000000024ed0000)]
  0x000000001f0a6800 JavaThread "jar transforms Thread 390" [_thread_blocked, id=8708, stack(0x0000000024cd0000,0x0000000024dd0000)]
  0x000000001f0ab000 JavaThread "jar transforms Thread 389" [_thread_blocked, id=13524, stack(0x0000000024bd0000,0x0000000024cd0000)]
  0x000000001f0ad800 JavaThread "jar transforms Thread 388" [_thread_blocked, id=1440, stack(0x0000000024ad0000,0x0000000024bd0000)]
  0x000000001eaaa000 JavaThread "jar transforms Thread 387" [_thread_blocked, id=10392, stack(0x00000000249d0000,0x0000000024ad0000)]
  0x000000001eaa9000 JavaThread "jar transforms Thread 386" [_thread_blocked, id=12292, stack(0x00000000248d0000,0x00000000249d0000)]
  0x000000001eaa7800 JavaThread "jar transforms Thread 385" [_thread_blocked, id=1172, stack(0x00000000247d0000,0x00000000248d0000)]
  0x000000001eaa7000 JavaThread "jar transforms Thread 384" [_thread_blocked, id=12492, stack(0x00000000246d0000,0x00000000247d0000)]
  0x000000001eaa8800 JavaThread "jar transforms Thread 383" [_thread_blocked, id=7924, stack(0x00000000245d0000,0x00000000246d0000)]
  0x000000001eaaa800 JavaThread "jar transforms Thread 382" [_thread_blocked, id=10444, stack(0x00000000244d0000,0x00000000245d0000)]
  0x000000001ea9f800 JavaThread "jar transforms Thread 381" [_thread_blocked, id=9960, stack(0x00000000243d0000,0x00000000244d0000)]
  0x000000001eaa6000 JavaThread "jar transforms Thread 380" [_thread_blocked, id=9940, stack(0x00000000242d0000,0x00000000243d0000)]
  0x000000001ea9e800 JavaThread "jar transforms Thread 379" [_thread_blocked, id=3828, stack(0x00000000241d0000,0x00000000242d0000)]
  0x000000001eaa5800 JavaThread "jar transforms Thread 378" [_thread_blocked, id=4020, stack(0x00000000240d0000,0x00000000241d0000)]
  0x000000001eaa4800 JavaThread "jar transforms Thread 377" [_thread_blocked, id=9556, stack(0x0000000023fd0000,0x00000000240d0000)]
  0x000000001eaa0000 JavaThread "jar transforms Thread 376" [_thread_blocked, id=14812, stack(0x0000000023ed0000,0x0000000023fd0000)]
  0x000000001eaa4000 JavaThread "jar transforms Thread 375" [_thread_blocked, id=1672, stack(0x0000000023dd0000,0x0000000023ed0000)]
  0x000000001ea9c800 JavaThread "jar transforms Thread 374" [_thread_blocked, id=13820, stack(0x0000000023cd0000,0x0000000023dd0000)]
  0x000000001ea9e000 JavaThread "jar transforms Thread 373" [_thread_blocked, id=132, stack(0x0000000023bd0000,0x0000000023cd0000)]
  0x000000001eaa3000 JavaThread "jar transforms Thread 372" [_thread_blocked, id=10640, stack(0x0000000023ad0000,0x0000000023bd0000)]
  0x000000001ea9b800 JavaThread "jar transforms Thread 371" [_thread_blocked, id=6968, stack(0x00000000239d0000,0x0000000023ad0000)]
  0x000000001eaa2800 JavaThread "jar transforms Thread 370" [_thread_blocked, id=6196, stack(0x00000000237d0000,0x00000000238d0000)]
  0x000000001eaa1800 JavaThread "jar transforms Thread 369" [_thread_blocked, id=6428, stack(0x00000000236d0000,0x00000000237d0000)]
  0x000000002bb16000 JavaThread "Build operations Thread 8" [_thread_blocked, id=10688, stack(0x00000000235d0000,0x00000000236d0000)]
  0x000000002bb18800 JavaThread "Build operations Thread 7" [_thread_blocked, id=14400, stack(0x00000000234d0000,0x00000000235d0000)]
  0x000000002bb17800 JavaThread "Build operations Thread 6" [_thread_blocked, id=14260, stack(0x00000000233d0000,0x00000000234d0000)]
  0x000000002bb15800 JavaThread "Build operations Thread 5" [_thread_blocked, id=8712, stack(0x00000000232d0000,0x00000000233d0000)]
  0x000000002bb17000 JavaThread "Build operations Thread 4" [_thread_blocked, id=15188, stack(0x00000000231d0000,0x00000000232d0000)]
  0x000000002bb14800 JavaThread "Build operations Thread 3" [_thread_blocked, id=4316, stack(0x00000000230d0000,0x00000000231d0000)]
  0x000000002bb14000 JavaThread "Build operations Thread 2" [_thread_blocked, id=9080, stack(0x00000000228d0000,0x00000000229d0000)]
  0x000000002bb0d000 JavaThread "Build operations" [_thread_blocked, id=12844, stack(0x00000000220d0000,0x00000000221d0000)]
  0x000000002bb0c800 JavaThread "Cache worker for cache directory md-rule (C:\Users\lmsiu\.gradle\caches\6.5\md-rule)" [_thread_blocked, id=5148, stack(0x0000000021fd0000,0x00000000220d0000)]
  0x000000002bb13000 JavaThread "Cache worker for cache directory md-supplier (C:\Users\lmsiu\.gradle\caches\6.5\md-supplier)" [_thread_blocked, id=5020, stack(0x0000000020c10000,0x0000000020d10000)]
  0x000000002bb0b800 JavaThread "Cache worker for checksums cache (C:\Users\lmsiu\AndroidStudioProjects\Wings\.gradle\checksums)" [_thread_blocked, id=4352, stack(0x000000001fa80000,0x000000001fb80000)]
  0x000000002bb12800 JavaThread "Cache worker for file hash cache (C:\Users\lmsiu\AndroidStudioProjects\Wings\.gradle\6.5\fileHashes)" [_thread_blocked, id=3088, stack(0x000000001e0b0000,0x000000001e1b0000)]
  0x000000002bb11000 JavaThread "Thread-520" [_thread_blocked, id=11880, stack(0x000000001dfb0000,0x000000001e0b0000)]
  0x000000002bb11800 JavaThread "Stdin handler" [_thread_blocked, id=5764, stack(0x000000001deb0000,0x000000001dfb0000)]
  0x000000002bb0b000 JavaThread "Asynchronous log dispatcher for DefaultDaemonConnection: socket connection from /127.0.0.1:50175 to /127.0.0.1:50900" [_thread_blocked, id=4508, stack(0x000000001ddb0000,0x000000001deb0000)]
  0x000000002bb09800 JavaThread "Daemon worker Thread 5" [_thread_blocked, id=2064, stack(0x000000001dab0000,0x000000001dbb0000)]
  0x000000002bb0e800 JavaThread "Cancel handler" [_thread_blocked, id=12232, stack(0x000000001d470000,0x000000001d570000)]
  0x000000002bb0a000 JavaThread "Handler for socket connection from /127.0.0.1:50175 to /127.0.0.1:50900" [_thread_in_native, id=15160, stack(0x000000001d370000,0x000000001d470000)]
  0x000000002bb10000 JavaThread "Daemon Thread 5" [_thread_blocked, id=8000, stack(0x0000000000930000,0x0000000000a30000)]
  0x000000001ff7d000 JavaThread "Cache worker for Java compile cache (C:\Users\lmsiu\.gradle\caches\6.5\javaCompile)" [_thread_blocked, id=4440, stack(0x000000002ca20000,0x000000002cb20000)]
  0x000000001a725800 JavaThread "Memory manager" [_thread_blocked, id=2060, stack(0x0000000029dd0000,0x0000000029ed0000)]
  0x000000001a6e1000 JavaThread "Cache worker for file content cache (C:\Users\lmsiu\.gradle\caches\6.5\fileContent)" [_thread_blocked, id=3784, stack(0x00000000229d0000,0x0000000022ad0000)]
  0x000000001a6dc800 JavaThread "Cache worker for execution history cache (C:\Users\lmsiu\.gradle\caches\6.5\executionHistory)" [_thread_blocked, id=1364, stack(0x00000000221d0000,0x00000000222d0000)]
  0x000000001a6e0000 JavaThread "Cache worker for file hash cache (C:\Users\lmsiu\.gradle\caches\6.5\fileHashes)" [_thread_blocked, id=13616, stack(0x000000001e5b0000,0x000000001e6b0000)]
  0x000000001a6e1800 JavaThread "File lock request listener" [_thread_in_native, id=5320, stack(0x000000001e4b0000,0x000000001e5b0000)]
  0x000000001a65a000 JavaThread "Cache worker for journal cache (C:\Users\lmsiu\.gradle\caches\journal-1)" [_thread_blocked, id=14016, stack(0x000000001e3b0000,0x000000001e4b0000)]
  0x000000001c0e4000 JavaThread "Daemon periodic checks" [_thread_blocked, id=10924, stack(0x000000001d7b0000,0x000000001d8b0000)]
  0x000000001c0e3000 JavaThread "Incoming local TCP Connector on port 50175" [_thread_in_native, id=13416, stack(0x000000001d570000,0x000000001d670000)]
  0x000000001c0a2800 JavaThread "Daemon health stats" [_thread_blocked, id=10588, stack(0x000000001cf30000,0x000000001d030000)]
  0x000000001975e800 JavaThread "Service Thread" daemon [_thread_blocked, id=7244, stack(0x000000001a390000,0x000000001a490000)]
  0x00000000196d1000 JavaThread "C1 CompilerThread3" daemon [_thread_blocked, id=8284, stack(0x000000001a290000,0x000000001a390000)]
  0x00000000196ca000 JavaThread "C2 CompilerThread2" daemon [_thread_blocked, id=12048, stack(0x000000001a190000,0x000000001a290000)]
  0x00000000178cc800 JavaThread "C2 CompilerThread1" daemon [_thread_blocked, id=7288, stack(0x000000001a090000,0x000000001a190000)]
=>0x00000000196c3800 JavaThread "C2 CompilerThread0" daemon [_thread_in_vm, id=9124, stack(0x0000000019f90000,0x000000001a090000)]
  0x00000000196c3000 JavaThread "Attach Listener" daemon [_thread_blocked, id=3536, stack(0x0000000019e90000,0x0000000019f90000)]
  0x00000000196c6000 JavaThread "Signal Dispatcher" daemon [_thread_blocked, id=5100, stack(0x0000000019d90000,0x0000000019e90000)]
  0x00000000196b0800 JavaThread "Finalizer" daemon [_thread_blocked, id=13808, stack(0x0000000019b90000,0x0000000019c90000)]
  0x00000000178bc000 JavaThread "Reference Handler" daemon [_thread_blocked, id=1180, stack(0x0000000019a90000,0x0000000019b90000)]
  0x000000000264e800 JavaThread "main" [_thread_blocked, id=10960, stack(0x0000000002650000,0x0000000002750000)]

Other Threads:
  0x00000000178b7800 VMThread [stack: 0x0000000019590000,0x0000000019690000] [id=2112]
  0x000000001975f000 WatcherThread [stack: 0x000000001a490000,0x000000001a590000] [id=9480]

VM state:not at safepoint (normal execution)

VM Mutex/Monitor currently owned by a thread:  ([mutex/lock_event])
[0x0000000002751d50] Compile_lock - owner thread: 0x00000000196c3800
[0x0000000002750dd0] MethodCompileQueue_lock - owner thread: 0x00000000196d1000

heap address: 0x0000000080000000, size: 2048 MB, Compressed Oops mode: 32-bit
Narrow klass base: 0x0000000000000000, Narrow klass shift: 3
Compressed class space size: 1073741824 Address: 0x0000000100000000

Heap:
 PSYoungGen      total 245760K, used 87994K [0x00000000d5580000, 0x00000000e8b80000, 0x0000000100000000)
  eden space 225280K, 30% used [0x00000000d5580000,0x00000000d97a7c90,0x00000000e3180000)
  from space 20480K, 98% used [0x00000000e5900000,0x00000000e6cc6c10,0x00000000e6d00000)
  to   space 31232K, 0% used [0x00000000e6d00000,0x00000000e6d00000,0x00000000e8b80000)
 ParOldGen       total 220160K, used 72907K [0x0000000080000000, 0x000000008d700000, 0x00000000d5580000)
  object space 220160K, 33% used [0x0000000080000000,0x0000000084732c28,0x000000008d700000)
 Metaspace       used 89933K, capacity 95056K, committed 95272K, reserved 1132544K
  class space    used 11929K, capacity 12846K, committed 12848K, reserved 1048576K

Card table byte_map: [0x0000000011c10000,0x0000000012020000] byte_map_base: 0x0000000011810000

Marking Bits: (ParMarkBitMap*) 0x000000007496f030
 Begin Bits: [0x0000000012ad0000, 0x0000000014ad0000)
 End Bits:   [0x0000000014ad0000, 0x0000000016ad0000)

Polling page: 0x00000000024d0000

CodeCache: size=245760Kb used=44187Kb max_used=44208Kb free=201572Kb
 bounds [0x0000000002850000, 0x00000000053c0000, 0x0000000011850000]
 total_blobs=14117 nmethods=13262 adapters=766
 compilation: enabled

Compilation events (10 events):
Event: 2441.727 Thread 0x00000000196d1000 nmethod 15718 0x000000000539f4d0 code [0x000000000539f960, 0x00000000053a22a8]
Event: 2441.727 Thread 0x00000000196d1000 15726   !   3       com.sun.tools.javac.parser.JavacParser::literal (680 bytes)
Event: 2441.727 Thread 0x00000000196c3800 nmethod 15720 0x0000000005383e90 code [0x0000000005383fe0, 0x0000000005384078]
Event: 2441.727 Thread 0x00000000196c3800 15714       4       com.sun.tools.javac.parser.JavacParser::ident (313 bytes)
Event: 2441.730 Thread 0x00000000178cc800 nmethod 15719 0x00000000053996d0 code [0x0000000005399840, 0x0000000005399e18]
Event: 2441.730 Thread 0x00000000196d1000 nmethod 15726 0x00000000053a5250 code [0x00000000053a5b80, 0x00000000053ac0c8]
Event: 2441.730 Thread 0x00000000178cc800 15729       4       com.sun.tools.javac.parser.JavacParser::accept (56 bytes)
Event: 2441.730 Thread 0x00000000196d1000 15727       3       com.sun.tools.javac.parser.JavacParser::parseType (11 bytes)
Event: 2441.731 Thread 0x00000000196c3800 nmethod 15714 0x0000000005396250 code [0x00000000053963e0, 0x0000000005396808]
Event: 2441.731 Thread 0x00000000196c3800 15712       4       com.sun.tools.javac.code.Symbol$TypeSymbol::formFullName (81 bytes)

GC Heap History (10 events):
Event: 23.119 GC heap before
{Heap before GC invocations=14 (full 3):
 PSYoungGen      total 219136K, used 201216K [0x00000000d5580000, 0x00000000e5f00000, 0x0000000100000000)
  eden space 201216K, 100% used [0x00000000d5580000,0x00000000e1a00000,0x00000000e1a00000)
  from space 17920K, 0% used [0x00000000e2d00000,0x00000000e2d00000,0x00000000e3e80000)
  to   space 19456K, 0% used [0x00000000e1a00000,0x00000000e1a00000,0x00000000e2d00000)
 ParOldGen       total 220160K, used 32244K [0x0000000080000000, 0x000000008d700000, 0x00000000d5580000)
  object space 220160K, 14% used [0x0000000080000000,0x0000000081f7d1f0,0x000000008d700000)
 Metaspace       used 63753K, capacity 66898K, committed 67112K, reserved 1107968K
  class space    used 8788K, capacity 9422K, committed 9520K, reserved 1048576K
Event: 23.139 GC heap after
Heap after GC invocations=14 (full 3):
 PSYoungGen      total 220672K, used 16851K [0x00000000d5580000, 0x00000000e6e00000, 0x0000000100000000)
  eden space 201216K, 0% used [0x00000000d5580000,0x00000000d5580000,0x00000000e1a00000)
  from space 19456K, 86% used [0x00000000e1a00000,0x00000000e2a74c48,0x00000000e2d00000)
  to   space 20992K, 0% used [0x00000000e5980000,0x00000000e5980000,0x00000000e6e00000)
 ParOldGen       total 220160K, used 32252K [0x0000000080000000, 0x000000008d700000, 0x00000000d5580000)
  object space 220160K, 14% used [0x0000000080000000,0x0000000081f7f1f0,0x000000008d700000)
 Metaspace       used 63753K, capacity 66898K, committed 67112K, reserved 1107968K
  class space    used 8788K, capacity 9422K, committed 9520K, reserved 1048576K
}
Event: 27.029 GC heap before
{Heap before GC invocations=15 (full 3):
 PSYoungGen      total 220672K, used 218067K [0x00000000d5580000, 0x00000000e6e00000, 0x0000000100000000)
  eden space 201216K, 100% used [0x00000000d5580000,0x00000000e1a00000,0x00000000e1a00000)
  from space 19456K, 86% used [0x00000000e1a00000,0x00000000e2a74c48,0x00000000e2d00000)
  to   space 20992K, 0% used [0x00000000e5980000,0x00000000e5980000,0x00000000e6e00000)
 ParOldGen       total 220160K, used 32252K [0x0000000080000000, 0x000000008d700000, 0x00000000d5580000)
  object space 220160K, 14% used [0x0000000080000000,0x0000000081f7f1f0,0x000000008d700000)
 Metaspace       used 78990K, capacity 83388K, committed 83496K, reserved 1120256K
  class space    used 10900K, capacity 11718K, committed 11824K, reserved 1048576K
Event: 27.070 GC heap after
Heap after GC invocations=15 (full 3):
 PSYoungGen      total 259072K, used 20982K [0x00000000d5580000, 0x00000000e7b80000, 0x0000000100000000)
  eden space 238080K, 0% used [0x00000000d5580000,0x00000000d5580000,0x00000000e3e00000)
  from space 20992K, 99% used [0x00000000e5980000,0x00000000e6dfd848,0x00000000e6e00000)
  to   space 28160K, 0% used [0x00000000e3e00000,0x00000000e3e00000,0x00000000e5980000)
 ParOldGen       total 220160K, used 45042K [0x0000000080000000, 0x000000008d700000, 0x00000000d5580000)
  object space 220160K, 20% used [0x0000000080000000,0x0000000082bfca98,0x000000008d700000)
 Metaspace       used 78990K, capacity 83388K, committed 83496K, reserved 1120256K
  class space    used 10900K, capacity 11718K, committed 11824K, reserved 1048576K
}
Event: 169.682 GC heap before
{Heap before GC invocations=16 (full 3):
 PSYoungGen      total 259072K, used 259062K [0x00000000d5580000, 0x00000000e7b80000, 0x0000000100000000)
  eden space 238080K, 100% used [0x00000000d5580000,0x00000000e3e00000,0x00000000e3e00000)
  from space 20992K, 99% used [0x00000000e5980000,0x00000000e6dfd848,0x00000000e6e00000)
  to   space 28160K, 0% used [0x00000000e3e00000,0x00000000e3e00000,0x00000000e5980000)
 ParOldGen       total 220160K, used 45042K [0x0000000080000000, 0x000000008d700000, 0x00000000d5580000)
  object space 220160K, 20% used [0x0000000080000000,0x0000000082bfca98,0x000000008d700000)
 Metaspace       used 87508K, capacity 92286K, committed 92456K, reserved 1128448K
  class space    used 11829K, capacity 12727K, committed 12848K, reserved 1048576K
Event: 169.716 GC heap after
Heap after GC invocations=16 (full 3):
 PSYoungGen      total 266240K, used 28154K [0x00000000d5580000, 0x00000000eae80000, 0x0000000100000000)
  eden space 238080K, 0% used [0x00000000d5580000,0x00000000d5580000,0x00000000e3e00000)
  from space 28160K, 99% used [0x00000000e3e00000,0x00000000e597eb48,0x00000000e5980000)
  to   space 36352K, 0% used [0x00000000e8b00000,0x00000000e8b00000,0x00000000eae80000)
 ParOldGen       total 220160K, used 56329K [0x0000000080000000, 0x000000008d700000, 0x00000000d5580000)
  object space 220160K, 25% used [0x0000000080000000,0x0000000083702438,0x000000008d700000)
 Metaspace       used 87508K, capacity 92286K, committed 92456K, reserved 1128448K
  class space    used 11829K, capacity 12727K, committed 12848K, reserved 1048576K
}
Event: 425.233 GC heap before
{Heap before GC invocations=17 (full 3):
 PSYoungGen      total 266240K, used 266234K [0x00000000d5580000, 0x00000000eae80000, 0x0000000100000000)
  eden space 238080K, 100% used [0x00000000d5580000,0x00000000e3e00000,0x00000000e3e00000)
  from space 28160K, 99% used [0x00000000e3e00000,0x00000000e597eb48,0x00000000e5980000)
  to   space 36352K, 0% used [0x00000000e8b00000,0x00000000e8b00000,0x00000000eae80000)
 ParOldGen       total 220160K, used 56329K [0x0000000080000000, 0x000000008d700000, 0x00000000d5580000)
  object space 220160K, 25% used [0x0000000080000000,0x0000000083702438,0x000000008d700000)
 Metaspace       used 88985K, capacity 93850K, committed 93992K, reserved 1130496K
  class space    used 11896K, capacity 12791K, committed 12848K, reserved 1048576K
Event: 425.275 GC heap after
Heap after GC invocations=17 (full 3):
 PSYoungGen      total 250880K, used 19213K [0x00000000d5580000, 0x00000000e9e00000, 0x0000000100000000)
  eden space 231424K, 0% used [0x00000000d5580000,0x00000000d5580000,0x00000000e3780000)
  from space 19456K, 98% used [0x00000000e8b00000,0x00000000e9dc3500,0x00000000e9e00000)
  to   space 35328K, 0% used [0x00000000e5900000,0x00000000e5900000,0x00000000e7b80000)
 ParOldGen       total 220160K, used 72899K [0x0000000080000000, 0x000000008d700000, 0x00000000d5580000)
  object space 220160K, 33% used [0x0000000080000000,0x0000000084730c28,0x000000008d700000)
 Metaspace       used 88985K, capacity 93850K, committed 93992K, reserved 1130496K
  class space    used 11896K, capacity 12791K, committed 12848K, reserved 1048576K
}
Event: 2441.279 GC heap before
{Heap before GC invocations=18 (full 3):
 PSYoungGen      total 250880K, used 250637K [0x00000000d5580000, 0x00000000e9e00000, 0x0000000100000000)
  eden space 231424K, 100% used [0x00000000d5580000,0x00000000e3780000,0x00000000e3780000)
  from space 19456K, 98% used [0x00000000e8b00000,0x00000000e9dc3500,0x00000000e9e00000)
  to   space 35328K, 0% used [0x00000000e5900000,0x00000000e5900000,0x00000000e7b80000)
 ParOldGen       total 220160K, used 72899K [0x0000000080000000, 0x000000008d700000, 0x00000000d5580000)
  object space 220160K, 33% used [0x0000000080000000,0x0000000084730c28,0x000000008d700000)
 Metaspace       used 89835K, capacity 94988K, committed 95016K, reserved 1132544K
  class space    used 11928K, capacity 12846K, committed 12848K, reserved 1048576K
Event: 2441.300 GC heap after
Heap after GC invocations=18 (full 3):
 PSYoungGen      total 245760K, used 20251K [0x00000000d5580000, 0x00000000e8b80000, 0x0000000100000000)
  eden space 225280K, 0% used [0x00000000d5580000,0x00000000d5580000,0x00000000e3180000)
  from space 20480K, 98% used [0x00000000e5900000,0x00000000e6cc6c10,0x00000000e6d00000)
  to   space 31232K, 0% used [0x00000000e6d00000,0x00000000e6d00000,0x00000000e8b80000)
 ParOldGen       total 220160K, used 72907K [0x0000000080000000, 0x000000008d700000, 0x00000000d5580000)
  object space 220160K, 33% used [0x0000000080000000,0x0000000084732c28,0x000000008d700000)
 Metaspace       used 89835K, capacity 94988K, committed 95016K, reserved 1132544K
  class space    used 11928K, capacity 12846K, committed 12848K, reserved 1048576K
}

Deoptimization events (10 events):
Event: 274.389 Thread 0x000000001ae77800 Uncommon trap: reason=unstable_if action=reinterpret pc=0x0000000003a0f908 method=com.esotericsoftware.kryo.io.Input.require(I)I @ 180
Event: 425.137 Thread 0x000000001ae74800 Uncommon trap: reason=unstable_if action=reinterpret pc=0x0000000002dbc550 method=org.gradle.internal.logging.sink.OutputEventRenderer.onOutput(Lorg/gradle/internal/logging/events/OutputEvent;)V @ 24
Event: 425.299 Thread 0x000000001eaaa800 Uncommon trap: reason=unstable_if action=reinterpret pc=0x0000000004a1e9ec method=java.util.concurrent.SynchronousQueue$TransferStack.awaitFulfill(Ljava/util/concurrent/SynchronousQueue$TransferStack$SNode;ZJ)Ljava/util/concurrent/SynchronousQueue$Transfe
Event: 425.300 Thread 0x000000001a71d800 Uncommon trap: reason=unstable_if action=reinterpret pc=0x000000000343511c method=java.util.concurrent.SynchronousQueue$TransferStack.shouldSpin(Ljava/util/concurrent/SynchronousQueue$TransferStack$SNode;)Z @ 7
Event: 425.307 Thread 0x000000001ae73800 Uncommon trap: reason=class_check action=maybe_recompile pc=0x000000000468778c method=com.google.common.collect.ImmutableMultimap$Builder.put(Ljava/lang/Object;Ljava/lang/Object;)Lcom/google/common/collect/ImmutableMultimap$Builder; @ 29
Event: 425.496 Thread 0x000000001ae7f000 Uncommon trap: reason=unstable_if action=reinterpret pc=0x0000000004b6db40 method=org.gradle.internal.snapshot.VfsRelativePath.lengthOfCommonPrefix(Ljava/lang/String;Lorg/gradle/internal/snapshot/CaseSensitivity;)I @ 165
Event: 426.140 Thread 0x000000001ff80000 Uncommon trap: reason=predicate action=maybe_recompile pc=0x000000000500aab4 method=java.util.ComparableTimSort.reverseRange([Ljava/lang/Object;II)V @ 8
Event: 2441.249 Thread 0x000000002bb09800 Uncommon trap: reason=class_check action=maybe_recompile pc=0x000000000468778c method=com.google.common.collect.ImmutableMultimap$Builder.put(Ljava/lang/Object;Ljava/lang/Object;)Lcom/google/common/collect/ImmutableMultimap$Builder; @ 29
Event: 2441.543 Thread 0x000000002bb14000 Uncommon trap: reason=unstable_if action=reinterpret pc=0x0000000003be0660 method=java.util.concurrent.ConcurrentHashMap.replaceNode(Ljava/lang/Object;Ljava/lang/Object;Ljava/lang/Object;)Ljava/lang/Object; @ 62
Event: 2441.719 Thread 0x000000001a720800 Uncommon trap: reason=array_check action=maybe_recompile pc=0x0000000005166f6c method=java.util.ComparableTimSort.reverseRange([Ljava/lang/Object;II)V @ 20

Classes redefined (0 events):
No events

Internal exceptions (10 events):
Event: 426.175 Thread 0x000000002bb0e800 Exception <a 'sun/nio/fs/WindowsException'> (0x00000000de9340b8) thrown at [C:\src\AOSP-openjdk-git\hotspot\src\share\vm\prims\jni.cpp, line 710]
Event: 426.215 Thread 0x000000002bb0f800 Exception <a 'sun/nio/fs/WindowsException'> (0x00000000df13ac40) thrown at [C:\src\AOSP-openjdk-git\hotspot\src\share\vm\prims\jni.cpp, line 710]
Event: 426.351 Thread 0x000000002bb18800 Exception <a 'sun/nio/fs/WindowsException'> (0x00000000e085ca08) thrown at [C:\src\AOSP-openjdk-git\hotspot\src\share\vm\prims\jni.cpp, line 710]
Event: 2441.318 Thread 0x000000002bb09800 Exception <a 'sun/nio/fs/WindowsException'> (0x00000000d592f948) thrown at [C:\src\AOSP-openjdk-git\hotspot\src\share\vm\prims\jni.cpp, line 710]
Event: 2441.672 Thread 0x000000001a720800 Exception <a 'sun/nio/fs/WindowsException'> (0x00000000d93b5400) thrown at [C:\src\AOSP-openjdk-git\hotspot\src\share\vm\prims\jni.cpp, line 710]
Event: 2441.672 Thread 0x000000001a720800 Exception <a 'sun/nio/fs/WindowsException'> (0x00000000d93b60f0) thrown at [C:\src\AOSP-openjdk-git\hotspot\src\share\vm\prims\jni.cpp, line 710]
Event: 2441.672 Thread 0x000000001a720800 Exception <a 'sun/nio/fs/WindowsException'> (0x00000000d93b9dc0) thrown at [C:\src\AOSP-openjdk-git\hotspot\src\share\vm\prims\jni.cpp, line 710]
Event: 2441.672 Thread 0x000000001a720800 Exception <a 'sun/nio/fs/WindowsException'> (0x00000000d93c5898) thrown at [C:\src\AOSP-openjdk-git\hotspot\src\share\vm\prims\jni.cpp, line 710]
Event: 2441.673 Thread 0x000000001a720800 Exception <a 'sun/nio/fs/WindowsException'> (0x00000000d93c7758) thrown at [C:\src\AOSP-openjdk-git\hotspot\src\share\vm\prims\jni.cpp, line 710]
Event: 2441.673 Thread 0x000000001a720800 Exception <a 'sun/nio/fs/WindowsException'> (0x00000000d93c8498) thrown at [C:\src\AOSP-openjdk-git\hotspot\src\share\vm\prims\jni.cpp, line 710]

Events (10 events):
Event: 2441.723 Thread 0x000000001a720800 DEOPT PACKING pc=0x0000000004702fba sp=0x000000002ac1a550
Event: 2441.723 Thread 0x000000001a720800 DEOPT UNPACKING pc=0x00000000028975d0 sp=0x000000002ac1a280 mode 0
Event: 2441.725 Thread 0x000000001a720800 DEOPT PACKING pc=0x0000000004702fba sp=0x000000002ac1a550
Event: 2441.725 Thread 0x000000001a720800 DEOPT UNPACKING pc=0x00000000028975d0 sp=0x000000002ac1a280 mode 0
Event: 2441.726 Thread 0x000000001a720800 DEOPT PACKING pc=0x0000000004702fba sp=0x000000002ac1a550
Event: 2441.727 Thread 0x000000001a720800 DEOPT UNPACKING pc=0x00000000028975d0 sp=0x000000002ac1a280 mode 0
Event: 2441.728 Thread 0x000000001a720800 DEOPT PACKING pc=0x0000000004702fba sp=0x000000002ac1a550
Event: 2441.728 Thread 0x000000001a720800 DEOPT UNPACKING pc=0x00000000028975d0 sp=0x000000002ac1a280 mode 0
Event: 2441.730 Thread 0x000000001a720800 DEOPT PACKING pc=0x0000000004702fba sp=0x000000002ac1a550
Event: 2441.730 Thread 0x000000001a720800 DEOPT UNPACKING pc=0x00000000028975d0 sp=0x000000002ac1a280 mode 0


Dynamic libraries:
0x00007ff640f60000 - 0x00007ff640f91000 	C:\Program Files\Android\Android Studio\jre\bin\java.exe
0x00007ffa5d810000 - 0x00007ffa5da05000 	C:\WINDOWS\SYSTEM32\ntdll.dll
0x00007ffa5d0d0000 - 0x00007ffa5d18d000 	C:\WINDOWS\System32\KERNEL32.DLL
0x00007ffa5b150000 - 0x00007ffa5b418000 	C:\WINDOWS\System32\KERNELBASE.dll
0x00007ffa5ccb0000 - 0x00007ffa5cd5c000 	C:\WINDOWS\System32\ADVAPI32.dll
0x00007ffa5bcc0000 - 0x00007ffa5bd5e000 	C:\WINDOWS\System32\msvcrt.dll
0x00007ffa5bc20000 - 0x00007ffa5bcbb000 	C:\WINDOWS\System32\sechost.dll
0x00007ffa5d5d0000 - 0x00007ffa5d6fb000 	C:\WINDOWS\System32\RPCRT4.dll
0x00007ffa5d430000 - 0x00007ffa5d5d0000 	C:\WINDOWS\System32\USER32.dll
0x00007ffa5b120000 - 0x00007ffa5b142000 	C:\WINDOWS\System32\win32u.dll
0x00007ffa5b9e0000 - 0x00007ffa5ba0a000 	C:\WINDOWS\System32\GDI32.dll
0x00007ffa5b420000 - 0x00007ffa5b52b000 	C:\WINDOWS\System32\gdi32full.dll
0x00007ffa5af50000 - 0x00007ffa5afed000 	C:\WINDOWS\System32\msvcp_win.dll
0x00007ffa5b530000 - 0x00007ffa5b630000 	C:\WINDOWS\System32\ucrtbase.dll
0x00007ffa41d80000 - 0x00007ffa4201a000 	C:\WINDOWS\WinSxS\amd64_microsoft.windows.common-controls_6595b64144ccf1df_6.0.19041.844_none_ca00b6081b84eb1d\COMCTL32.dll
0x00007ffa5d2e0000 - 0x00007ffa5d310000 	C:\WINDOWS\System32\IMM32.DLL
0x0000000073fe0000 - 0x00000000740b2000 	C:\Program Files\Android\Android Studio\jre\jre\bin\msvcr100.dll
0x00000000741a0000 - 0x00000000749eb000 	C:\Program Files\Android\Android Studio\jre\jre\bin\server\jvm.dll
0x00007ffa5d0c0000 - 0x00007ffa5d0c8000 	C:\WINDOWS\System32\PSAPI.DLL
0x00007ffa44950000 - 0x00007ffa44959000 	C:\WINDOWS\SYSTEM32\WSOCK32.dll
0x00007ffa527a0000 - 0x00007ffa527aa000 	C:\WINDOWS\SYSTEM32\VERSION.dll
0x00007ffa45d20000 - 0x00007ffa45d47000 	C:\WINDOWS\SYSTEM32\WINMM.dll
0x00007ffa5ca90000 - 0x00007ffa5cafb000 	C:\WINDOWS\System32\WS2_32.dll
0x00007ffa556c0000 - 0x00007ffa556cf000 	C:\Program Files\Android\Android Studio\jre\jre\bin\verify.dll
0x00007ffa540f0000 - 0x00007ffa54119000 	C:\Program Files\Android\Android Studio\jre\jre\bin\java.dll
0x00007ffa4e630000 - 0x00007ffa4e646000 	C:\Program Files\Android\Android Studio\jre\jre\bin\zip.dll
0x00007ffa5c2b0000 - 0x00007ffa5c9f2000 	C:\WINDOWS\System32\SHELL32.dll
0x00007ffa58cc0000 - 0x00007ffa59451000 	C:\WINDOWS\SYSTEM32\windows.storage.dll
0x00007ffa5cd60000 - 0x00007ffa5d0b5000 	C:\WINDOWS\System32\combase.dll
0x00007ffa5a9c0000 - 0x00007ffa5a9ec000 	C:\WINDOWS\SYSTEM32\Wldp.dll
0x00007ffa5b930000 - 0x00007ffa5b9de000 	C:\WINDOWS\System32\SHCORE.dll
0x00007ffa5bb40000 - 0x00007ffa5bb95000 	C:\WINDOWS\System32\shlwapi.dll
0x00007ffa5ae90000 - 0x00007ffa5aeaf000 	C:\WINDOWS\SYSTEM32\profapi.dll
0x00007ffa49110000 - 0x00007ffa4912a000 	C:\Program Files\Android\Android Studio\jre\jre\bin\net.dll
0x00007ffa5a730000 - 0x00007ffa5a79a000 	C:\WINDOWS\system32\mswsock.dll
0x00007ffa48e70000 - 0x00007ffa48e83000 	C:\Program Files\Android\Android Studio\jre\jre\bin\nio.dll
0x00007ffa48590000 - 0x00007ffa485b7000 	C:\Users\lmsiu\.gradle\native\f6784746aeab05261644944871eae4fe03e0ef1612fff0a4a95f87b438bc6780\windows-amd64\native-platform.dll
0x00007ffa50510000 - 0x00007ffa5051d000 	C:\Program Files\Android\Android Studio\jre\jre\bin\management.dll
0x00007ffa5a900000 - 0x00007ffa5a918000 	C:\WINDOWS\SYSTEM32\CRYPTSP.dll
0x00007ffa5a060000 - 0x00007ffa5a094000 	C:\WINDOWS\system32\rsaenh.dll
0x00007ffa5aff0000 - 0x00007ffa5b017000 	C:\WINDOWS\System32\bcrypt.dll
0x00007ffa5ae10000 - 0x00007ffa5ae3e000 	C:\WINDOWS\SYSTEM32\USERENV.dll
0x00007ffa5b630000 - 0x00007ffa5b6b0000 	C:\WINDOWS\System32\bcryptprimitives.dll
0x00007ffa5a920000 - 0x00007ffa5a92c000 	C:\WINDOWS\SYSTEM32\CRYPTBASE.dll
0x00007ffa5a3d0000 - 0x00007ffa5a40b000 	C:\WINDOWS\SYSTEM32\IPHLPAPI.DLL
0x00007ffa5d700000 - 0x00007ffa5d708000 	C:\WINDOWS\System32\NSI.dll
0x00007ffa526e0000 - 0x00007ffa526f7000 	C:\WINDOWS\SYSTEM32\dhcpcsvc6.DLL
0x00007ffa52260000 - 0x00007ffa5227d000 	C:\WINDOWS\SYSTEM32\dhcpcsvc.DLL
0x00007ffa5a410000 - 0x00007ffa5a4dc000 	C:\WINDOWS\SYSTEM32\DNSAPI.dll
0x00007ffa53400000 - 0x00007ffa5340b000 	C:\WINDOWS\SYSTEM32\WINNSI.DLL
0x00007ffa59530000 - 0x00007ffa59714000 	C:\WINDOWS\SYSTEM32\dbghelp.dll

VM Arguments:
jvm_args: -Xmx2048m -Dfile.encoding=UTF-8 -Duser.country=US -Duser.language=en -Duser.variant 
java_command: org.gradle.launcher.daemon.bootstrap.GradleDaemon 6.5
java_class_path (initial): C:\Users\lmsiu\.gradle\wrapper\dists\gradle-6.5-bin\6nifqtx7604sqp1q6g8wikw7p\gradle-6.5\lib\gradle-launcher-6.5.jar
Launcher Type: SUN_STANDARD

Environment Variables:
PATH=C:\Python39\Scripts\;C:\Python39\;C:\Program Files (x86)\Intel\Intel(R) Management Engine Components\iCLS\;C:\Program Files\Intel\Intel(R) Management Engine Components\iCLS\;C:\WINDOWS\system32;C:\WINDOWS;C:\WINDOWS\System32\Wbem;C:\WINDOWS\System32\WindowsPowerShell\v1.0\;C:\WINDOWS\System32\OpenSSH\;C:\Program Files (x86)\Intel\Intel(R) Management Engine Components\DAL;C:\Program Files\Intel\Intel(R) Management Engine Components\DAL;C:\Program Files (x86)\Intel\Intel(R) Management Engine Components\IPT;C:\Program Files\Intel\Intel(R) Management Engine Components\IPT;C:\Program Files\Intel\WiFi\bin\;C:\Program Files\Common Files\Intel\WirelessCommon\;C:\Program Files (x86)\PuTTY\;C:\Program Files\Git\cmd;C:\Program Files\nodejs\;C:\ProgramData\chocolatey\bin;C:\Users\lmsiu\AppData\Local\Microsoft\WindowsApps;;C:\Users\lmsiu\AppData\Local\Programs\Microsoft VS Code\bin;C:\Users\lmsiu\AppData\Roaming\npm
USERNAME=lmsiu
OS=Windows_NT
PROCESSOR_IDENTIFIER=Intel64 Family 6 Model 142 Stepping 10, GenuineIntel



---------------  S Y S T E M  ---------------

OS: Windows 10.0 , 64 bit Build 19041 (10.0.19041.928)

CPU:total 8 (initial active 8) (4 cores per cpu, 2 threads per core) family 6 model 142 stepping 10, cmov, cx8, fxsr, mmx, sse, sse2, sse3, ssse3, sse4.1, sse4.2, popcnt, avx, avx2, aes, clmul, erms, 3dnowpref, lzcnt, ht, tsc, tscinvbit, bmi1, bmi2, adx

Memory: 4k page, physical 16607352k(6920380k free), swap 19097720k(7090876k free)

vm_info: OpenJDK 64-Bit Server VM (25.242-b01) for windows-amd64 JRE (1.8.0_242-release-1644-b01), built by "builder" with MS VC++ 10.0 (VS2010)

time: Fri Apr 16 15:16:22 2021
timezone: Pacific Daylight Time
elapsed time: 2441 seconds (0d 0h 40m 41s)

