#
# A fatal error has been detected by the Java Runtime Environment:
#
#  EXCEPTION_ACCESS_VIOLATION (0xc0000005) at pc=0x0000000076edb7b0, pid=11716, tid=0x0000000000000aa4
#
# JRE version: OpenJDK Runtime Environment (8.0_242-b01) (build 1.8.0_242-release-1644-b01)
# Java VM: OpenJDK 64-Bit Server VM (25.242-b01 mixed mode windows-amd64 compressed oops)
# Problematic frame:
# V  [jvm.dll+0x8b7b0]
#
# Failed to write core dump. Minidumps are not enabled by default on client versions of Windows
#
# If you would like to submit a bug report, please visit:
#   
#

---------------  T H R E A D  ---------------

Current thread (0x000000000274e800):  GCTaskThread [stack: 0x00000000126b0000,0x00000000127b0000] [id=2724]

siginfo: ExceptionCode=0xc0000005, reading address 0x00000001023559d8

Registers:
RAX=0x0000000012ab0000, RBX=0x0000000080c77258, RCX=0x0000000080c77258, RDX=0x00000001023559d0
RSP=0x00000000127af5b8, RBP=0x00000000028238a0, RSI=0x0000000080c75928, RDI=0x0000000080c77258
R8 =0x00000000000063b9, R9 =0x0000000000000000, R10=0x000000000000000c, R11=0x0000000000000000
R12=0x0000000080c75948, R13=0x000000000000000a, R14=0x0000000080c75910, R15=0x000000000000000a
RIP=0x0000000076edb7b0, EFLAGS=0x0000000000010202

Top of Stack: (sp=0x00000000127af5b8)
0x00000000127af5b8:   0000000076f37837 00000000028238a0
0x00000000127af5c8:   0000000076f3f85a 0000036a000008a4
0x00000000127af5d8:   0000000000000000 0000000080c77258
0x00000000127af5e8:   0000000076f65aca 00000000028238a0
0x00000000127af5f8:   000000000274ea70 000000000273e640
0x00000000127af608:   0000036a000008a4 00000000028238a0
0x00000000127af618:   0000000076f65bd3 000000000274ea80
0x00000000127af628:   000000000274ea70 000000000273e640
0x00000000127af638:   0000000000000000 00000000028238a0
0x00000000127af648:   00000000772173e7 000000001f91fc50
0x00000000127af658:   0000000000000004 000000007746c4d8
0x00000000127af668:   00000000028238a0 00000000801e3270
0x00000000127af678:   0000000000000600 000000001f91fc50
0x00000000127af688:   000000007721482e 0000000063cd6e79
0x00000000127af698:   000000000274e800 0000000000000000
0x00000000127af6a8:   0000000080c75910 000000000274e800 

Instructions: (pc=0x0000000076edb7b0)
0x0000000076edb790:   1c 8f 1d 00 48 8b 9c 24 c0 00 00 00 48 81 c4 b0
0x0000000076edb7a0:   00 00 00 5d c3 cc cc cc cc cc cc cc cc cc cc cc
0x0000000076edb7b0:   44 8b 42 08 4c 8b ca 45 85 c0 7e 0e 41 f6 c0 01
0x0000000076edb7c0:   75 57 41 c1 f8 03 41 8b c0 c3 79 4d 80 3d 7e 97 


Register to memory mapping:

RAX=0x0000000012ab0000 is an unknown value
RBX=
[error occurred during error reporting (printing register info), id 0xc0000005]

Stack: [0x00000000126b0000,0x00000000127b0000],  sp=0x00000000127af5b8,  free space=1021k
Native frames: (J=compiled Java code, j=interpreted, Vv=VM code, C=native code)
V  [jvm.dll+0x8b7b0]


---------------  P R O C E S S  ---------------

Java Threads: ( => current thread )
  0x000000001fa3c000 JavaThread "Cache worker for file content cache (C:\Users\lmsiu\AndroidStudioProjects\Wings\.gradle\6.5\fileContent)" [_thread_blocked, id=12604, stack(0x000000002c8e0000,0x000000002c9e0000)]
  0x000000001fa3b800 JavaThread "Memory manager" [_thread_blocked, id=9328, stack(0x000000002a350000,0x000000002a450000)]
  0x000000001f791000 JavaThread "Cache worker for Build Output Cleanup Cache (C:\Users\lmsiu\AndroidStudioProjects\Wings\.gradle\buildOutputCleanup)" [_thread_blocked, id=13300, stack(0x000000002a4c0000,0x000000002a5c0000)]
  0x000000001f78f800 JavaThread "jar transforms Thread 92" [_thread_blocked, id=11720, stack(0x000000002a250000,0x000000002a350000)]
  0x000000001f792000 JavaThread "jar transforms Thread 91" [_thread_blocked, id=7644, stack(0x000000002a150000,0x000000002a250000)]
  0x000000001f78f000 JavaThread "jar transforms Thread 90" [_thread_blocked, id=9056, stack(0x000000002a050000,0x000000002a150000)]
  0x000000001f787800 JavaThread "jar transforms Thread 89" [_thread_blocked, id=15284, stack(0x0000000029f50000,0x000000002a050000)]
  0x000000001f78e000 JavaThread "jar transforms Thread 88" [_thread_blocked, id=11196, stack(0x0000000029e50000,0x0000000029f50000)]
  0x000000001f786800 JavaThread "jar transforms Thread 87" [_thread_blocked, id=10452, stack(0x0000000029d50000,0x0000000029e50000)]
  0x000000001f78d800 JavaThread "jar transforms Thread 86" [_thread_blocked, id=10724, stack(0x0000000029c50000,0x0000000029d50000)]
  0x000000001f78c800 JavaThread "jar transforms Thread 85" [_thread_blocked, id=12024, stack(0x0000000029b50000,0x0000000029c50000)]
  0x000000001f78c000 JavaThread "jar transforms Thread 84" [_thread_blocked, id=14484, stack(0x0000000029a50000,0x0000000029b50000)]
  0x000000001f784800 JavaThread "jar transforms Thread 83" [_thread_blocked, id=9768, stack(0x0000000029950000,0x0000000029a50000)]
  0x000000001f78b000 JavaThread "jar transforms Thread 82" [_thread_blocked, id=7944, stack(0x0000000029850000,0x0000000029950000)]
  0x000000001f786000 JavaThread "jar transforms Thread 81" [_thread_blocked, id=1624, stack(0x0000000029750000,0x0000000029850000)]
  0x000000001f783800 JavaThread "jar transforms Thread 80" [_thread_blocked, id=14028, stack(0x0000000029650000,0x0000000029750000)]
  0x000000001f789800 JavaThread "jar transforms Thread 79" [_thread_blocked, id=8248, stack(0x0000000029550000,0x0000000029650000)]
  0x000000001f789000 JavaThread "jar transforms Thread 78" [_thread_blocked, id=2568, stack(0x0000000029450000,0x0000000029550000)]
  0x000000001f78a800 JavaThread "jar transforms Thread 77" [_thread_blocked, id=9720, stack(0x0000000029350000,0x0000000029450000)]
  0x000000001f785000 JavaThread "jar transforms Thread 76" [_thread_blocked, id=14128, stack(0x0000000029250000,0x0000000029350000)]
  0x000000001f788000 JavaThread "jar transforms Thread 75" [_thread_blocked, id=11060, stack(0x0000000029150000,0x0000000029250000)]
  0x000000001fc38000 JavaThread "jar transforms Thread 74" [_thread_blocked, id=15268, stack(0x0000000029050000,0x0000000029150000)]
  0x000000001fc3b800 JavaThread "jar transforms Thread 73" [_thread_blocked, id=8448, stack(0x0000000028f50000,0x0000000029050000)]
  0x000000001fc39800 JavaThread "jar transforms Thread 72" [_thread_blocked, id=5484, stack(0x0000000028e50000,0x0000000028f50000)]
  0x000000001fc3a000 JavaThread "jar transforms Thread 71" [_thread_blocked, id=11556, stack(0x0000000028d50000,0x0000000028e50000)]
  0x000000001fc38800 JavaThread "jar transforms Thread 70" [_thread_blocked, id=11712, stack(0x0000000028c50000,0x0000000028d50000)]
  0x000000001fc3b000 JavaThread "jar transforms Thread 69" [_thread_blocked, id=10992, stack(0x0000000028b50000,0x0000000028c50000)]
  0x000000001fc37000 JavaThread "jar transforms Thread 68" [_thread_blocked, id=3084, stack(0x0000000028a50000,0x0000000028b50000)]
  0x000000001fc2f800 JavaThread "jar transforms Thread 67" [_thread_blocked, id=5508, stack(0x0000000028950000,0x0000000028a50000)]
  0x000000001fc36800 JavaThread "jar transforms Thread 66" [_thread_blocked, id=2588, stack(0x0000000028850000,0x0000000028950000)]
  0x000000001fc35800 JavaThread "jar transforms Thread 65" [_thread_blocked, id=6784, stack(0x0000000028750000,0x0000000028850000)]
  0x000000001fc2f000 JavaThread "jar transforms Thread 64" [_thread_blocked, id=14132, stack(0x0000000028650000,0x0000000028750000)]
  0x000000001fc2e000 JavaThread "jar transforms Thread 63" [_thread_blocked, id=14688, stack(0x0000000028550000,0x0000000028650000)]
  0x000000001fc35000 JavaThread "jar transforms Thread 62" [_thread_blocked, id=9180, stack(0x0000000028450000,0x0000000028550000)]
  0x000000001fc2d800 JavaThread "jar transforms Thread 61" [_thread_blocked, id=4932, stack(0x0000000028350000,0x0000000028450000)]
  0x000000001fc34000 JavaThread "jar transforms Thread 60" [_thread_blocked, id=5480, stack(0x0000000028250000,0x0000000028350000)]
  0x000000001fc2c800 JavaThread "jar transforms Thread 59" [_thread_blocked, id=14348, stack(0x0000000028150000,0x0000000028250000)]
  0x000000001fc33800 JavaThread "jar transforms Thread 58" [_thread_blocked, id=9108, stack(0x0000000028050000,0x0000000028150000)]
  0x000000001fc31000 JavaThread "jar transforms Thread 57" [_thread_blocked, id=3196, stack(0x0000000027f50000,0x0000000028050000)]
  0x000000001fc30800 JavaThread "jar transforms Thread 56" [_thread_blocked, id=2856, stack(0x0000000027e50000,0x0000000027f50000)]
  0x000000001fc32800 JavaThread "jar transforms Thread 55" [_thread_blocked, id=2464, stack(0x0000000027d50000,0x0000000027e50000)]
  0x000000001fc32000 JavaThread "jar transforms Thread 54" [_thread_blocked, id=10436, stack(0x0000000027c50000,0x0000000027d50000)]
  0x0000000021414000 JavaThread "jar transforms Thread 53" [_thread_blocked, id=10156, stack(0x0000000027b50000,0x0000000027c50000)]
  0x000000002140e800 JavaThread "jar transforms Thread 52" [_thread_blocked, id=4188, stack(0x0000000027a50000,0x0000000027b50000)]
  0x000000002140f800 JavaThread "jar transforms Thread 51" [_thread_blocked, id=14320, stack(0x0000000027950000,0x0000000027a50000)]
  0x0000000021415800 JavaThread "jar transforms Thread 50" [_thread_blocked, id=4896, stack(0x0000000027850000,0x0000000027950000)]
  0x0000000021413000 JavaThread "jar transforms Thread 49" [_thread_blocked, id=12392, stack(0x0000000027750000,0x0000000027850000)]
  0x0000000021412800 JavaThread "jar transforms Thread 48" [_thread_blocked, id=14108, stack(0x0000000027650000,0x0000000027750000)]
  0x000000002140e000 JavaThread "jar transforms Thread 47" [_thread_blocked, id=7300, stack(0x0000000027550000,0x0000000027650000)]
  0x0000000021411000 JavaThread "jar transforms Thread 46" [_thread_blocked, id=5568, stack(0x0000000027450000,0x0000000027550000)]
  0x0000000021410000 JavaThread "jar transforms Thread 45" [_thread_blocked, id=3972, stack(0x0000000027350000,0x0000000027450000)]
  0x0000000021411800 JavaThread "jar transforms Thread 44" [_thread_blocked, id=2864, stack(0x0000000027250000,0x0000000027350000)]
  0x0000000021414800 JavaThread "jar transforms Thread 43" [_thread_blocked, id=7128, stack(0x0000000027150000,0x0000000027250000)]
  0x0000000021409800 JavaThread "jar transforms Thread 42" [_thread_blocked, id=3164, stack(0x0000000027050000,0x0000000027150000)]
  0x0000000021406800 JavaThread "jar transforms Thread 41" [_thread_blocked, id=5112, stack(0x0000000026f50000,0x0000000027050000)]
  0x000000002140d000 JavaThread "jar transforms Thread 40" [_thread_blocked, id=10968, stack(0x0000000026e50000,0x0000000026f50000)]
  0x000000002140b800 JavaThread "jar transforms Thread 39" [_thread_blocked, id=3844, stack(0x0000000026d50000,0x0000000026e50000)]
  0x0000000021408800 JavaThread "jar transforms Thread 38" [_thread_blocked, id=9324, stack(0x0000000026c50000,0x0000000026d50000)]
  0x000000002140b000 JavaThread "jar transforms Thread 37" [_thread_blocked, id=12028, stack(0x0000000026b50000,0x0000000026c50000)]
  0x0000000021408000 JavaThread "jar transforms Thread 36" [_thread_blocked, id=5412, stack(0x0000000026a50000,0x0000000026b50000)]
  0x000000002140c800 JavaThread "jar transforms Thread 35" [_thread_blocked, id=8140, stack(0x0000000026950000,0x0000000026a50000)]
  0x000000002140a000 JavaThread "jar transforms Thread 34" [_thread_blocked, id=11112, stack(0x0000000026850000,0x0000000026950000)]
  0x0000000021407000 JavaThread "jar transforms Thread 33" [_thread_blocked, id=8436, stack(0x0000000026750000,0x0000000026850000)]
  0x000000001c7af000 JavaThread "jar transforms Thread 32" [_thread_blocked, id=13096, stack(0x0000000026650000,0x0000000026750000)]
  0x000000001c7ac800 JavaThread "jar transforms Thread 31" [_thread_blocked, id=1612, stack(0x0000000026550000,0x0000000026650000)]
  0x000000001c7ae000 JavaThread "jar transforms Thread 30" [_thread_blocked, id=13772, stack(0x0000000026450000,0x0000000026550000)]
  0x000000001c7b0800 JavaThread "jar transforms Thread 29" [_thread_blocked, id=12880, stack(0x0000000026350000,0x0000000026450000)]
  0x000000001c7b1000 JavaThread "jar transforms Thread 28" [_thread_blocked, id=3776, stack(0x0000000026250000,0x0000000026350000)]
  0x000000001c7af800 JavaThread "jar transforms Thread 27" [_thread_blocked, id=5100, stack(0x0000000026150000,0x0000000026250000)]
  0x000000001c7ad800 JavaThread "jar transforms Thread 26" [_thread_blocked, id=8136, stack(0x0000000026050000,0x0000000026150000)]
  0x000000001c7a5000 JavaThread "jar transforms Thread 25" [_thread_blocked, id=11048, stack(0x0000000025f50000,0x0000000026050000)]
  0x000000001c7ac000 JavaThread "jar transforms Thread 24" [_thread_blocked, id=9548, stack(0x0000000025e50000,0x0000000025f50000)]
  0x000000001c7a4800 JavaThread "jar transforms Thread 23" [_thread_blocked, id=2212, stack(0x0000000025d50000,0x0000000025e50000)]
  0x000000001c7ab000 JavaThread "jar transforms Thread 22" [_thread_blocked, id=10928, stack(0x0000000025c50000,0x0000000025d50000)]
  0x000000001c7a3800 JavaThread "jar transforms Thread 21" [_thread_blocked, id=3612, stack(0x0000000025b50000,0x0000000025c50000)]
  0x000000001c7aa800 JavaThread "jar transforms Thread 20" [_thread_blocked, id=14200, stack(0x0000000025a50000,0x0000000025b50000)]
  0x000000001c7a3000 JavaThread "jar transforms Thread 19" [_thread_blocked, id=12848, stack(0x0000000025950000,0x0000000025a50000)]
  0x000000001c7a9800 JavaThread "jar transforms Thread 18" [_thread_blocked, id=14552, stack(0x0000000025850000,0x0000000025950000)]
  0x000000001c7a6800 JavaThread "jar transforms Thread 17" [_thread_blocked, id=10072, stack(0x0000000025750000,0x0000000025850000)]
  0x000000001c7a9000 JavaThread "jar transforms Thread 16" [_thread_blocked, id=3272, stack(0x0000000025650000,0x0000000025750000)]
  0x000000001c7a8000 JavaThread "jar transforms Thread 15" [_thread_blocked, id=6392, stack(0x0000000025550000,0x0000000025650000)]
  0x000000001c7a7800 JavaThread "jar transforms Thread 14" [_thread_blocked, id=11300, stack(0x0000000025450000,0x0000000025550000)]
  0x000000001c7a6000 JavaThread "jar transforms Thread 13" [_thread_blocked, id=8792, stack(0x0000000025350000,0x0000000025450000)]
  0x000000001c7a2000 JavaThread "jar transforms Thread 12" [_thread_blocked, id=1860, stack(0x0000000025250000,0x0000000025350000)]
  0x000000001cc32000 JavaThread "jar transforms Thread 11" [_thread_blocked, id=2652, stack(0x0000000025150000,0x0000000025250000)]
  0x000000001cc33000 JavaThread "jar transforms Thread 10" [_thread_blocked, id=8284, stack(0x0000000025050000,0x0000000025150000)]
  0x000000001cc31800 JavaThread "jar transforms Thread 9" [_thread_blocked, id=2184, stack(0x0000000024f50000,0x0000000025050000)]
  0x000000001cc2f000 JavaThread "jar transforms Thread 8" [_thread_blocked, id=9788, stack(0x0000000024e50000,0x0000000024f50000)]
  0x000000001cc30800 JavaThread "jar transforms Thread 7" [_thread_blocked, id=10080, stack(0x0000000024d50000,0x0000000024e50000)]
  0x000000001cc2d800 JavaThread "jar transforms Thread 6" [_thread_blocked, id=13780, stack(0x0000000024c50000,0x0000000024d50000)]
  0x000000001cc30000 JavaThread "jar transforms Thread 5" [_thread_blocked, id=1600, stack(0x0000000024b50000,0x0000000024c50000)]
  0x000000001cc2e800 JavaThread "jar transforms Thread 4" [_thread_blocked, id=2704, stack(0x0000000024a50000,0x0000000024b50000)]
  0x000000001cc26000 JavaThread "jar transforms Thread 3" [_thread_blocked, id=11448, stack(0x0000000024950000,0x0000000024a50000)]
  0x000000001cc2d000 JavaThread "jar transforms Thread 2" [_thread_blocked, id=3340, stack(0x0000000024850000,0x0000000024950000)]
  0x000000001cc2c000 JavaThread "Build operations Thread 8" [_thread_blocked, id=2516, stack(0x0000000024650000,0x0000000024750000)]
  0x000000001cc29000 JavaThread "Build operations Thread 7" [_thread_blocked, id=10468, stack(0x0000000024550000,0x0000000024650000)]
  0x000000001cc24800 JavaThread "Build operations Thread 6" [_thread_blocked, id=11156, stack(0x0000000024450000,0x0000000024550000)]
  0x000000001cc27800 JavaThread "Build operations Thread 5" [_thread_blocked, id=2436, stack(0x0000000024350000,0x0000000024450000)]
  0x000000001cc2b800 JavaThread "Build operations Thread 4" [_thread_blocked, id=5328, stack(0x0000000024250000,0x0000000024350000)]
  0x000000001cc2a000 JavaThread "Build operations Thread 3" [_thread_blocked, id=9472, stack(0x0000000024150000,0x0000000024250000)]
  0x000000001cc25800 JavaThread "Build operations Thread 2" [_thread_blocked, id=12212, stack(0x0000000024050000,0x0000000024150000)]
  0x000000001cc28800 JavaThread "Build operations" [_thread_blocked, id=7236, stack(0x0000000023f50000,0x0000000024050000)]
  0x000000001c325000 JavaThread "Cache worker for file content cache (C:\Users\lmsiu\.gradle\caches\6.5\fileContent)" [_thread_blocked, id=1484, stack(0x0000000022880000,0x0000000022980000)]
  0x000000001c325800 JavaThread "jar transforms" [_thread_blocked, id=12636, stack(0x0000000022780000,0x0000000022880000)]
  0x000000001c324000 JavaThread "Cache worker for execution history cache (C:\Users\lmsiu\.gradle\caches\6.5\executionHistory)" [_thread_blocked, id=3344, stack(0x0000000021f80000,0x0000000022080000)]
  0x000000001c321000 JavaThread "Cache worker for cache directory md-rule (C:\Users\lmsiu\.gradle\caches\6.5\md-rule)" [_thread_blocked, id=10524, stack(0x0000000021e80000,0x0000000021f80000)]
  0x000000001c323000 JavaThread "Cache worker for cache directory md-supplier (C:\Users\lmsiu\.gradle\caches\6.5\md-supplier)" [_thread_blocked, id=11768, stack(0x0000000020b40000,0x0000000020c40000)]
  0x000000001c31f800 JavaThread "Cache worker for checksums cache (C:\Users\lmsiu\AndroidStudioProjects\Wings\.gradle\checksums)" [_thread_blocked, id=12116, stack(0x0000000020a40000,0x0000000020b40000)]
  0x000000001c321800 JavaThread "Cache worker for file hash cache (C:\Users\lmsiu\AndroidStudioProjects\Wings\.gradle\6.5\fileHashes)" [_thread_blocked, id=5684, stack(0x0000000022280000,0x0000000022380000)]
  0x000000001c322800 JavaThread "Cache worker for file hash cache (C:\Users\lmsiu\.gradle\caches\6.5\fileHashes)" [_thread_blocked, id=820, stack(0x000000001e5a0000,0x000000001e6a0000)]
  0x000000001c326800 JavaThread "File lock request listener" [_thread_in_native, id=14220, stack(0x000000001e4a0000,0x000000001e5a0000)]
  0x000000001a656800 JavaThread "Cache worker for journal cache (C:\Users\lmsiu\.gradle\caches\journal-1)" [_thread_blocked, id=6036, stack(0x000000001e3a0000,0x000000001e4a0000)]
  0x000000001c161000 JavaThread "Thread-9" [_thread_blocked, id=8716, stack(0x000000001e0a0000,0x000000001e1a0000)]
  0x000000001c14f800 JavaThread "Stdin handler" [_thread_blocked, id=12168, stack(0x000000001dfa0000,0x000000001e0a0000)]
  0x000000001c14d000 JavaThread "Asynchronous log dispatcher for DefaultDaemonConnection: socket connection from /127.0.0.1:50543 to /127.0.0.1:50544" [_thread_blocked, id=12228, stack(0x000000001dea0000,0x000000001dfa0000)]
  0x000000001c17b800 JavaThread "Daemon worker" [_thread_blocked, id=10160, stack(0x000000001dda0000,0x000000001dea0000)]
  0x000000001c14e800 JavaThread "Cancel handler" [_thread_blocked, id=4236, stack(0x000000001dca0000,0x000000001dda0000)]
  0x000000001c118000 JavaThread "Handler for socket connection from /127.0.0.1:50543 to /127.0.0.1:50544" [_thread_in_native, id=1916, stack(0x000000001dba0000,0x000000001dca0000)]
  0x000000001c112800 JavaThread "Daemon" [_thread_blocked, id=12188, stack(0x000000001daa0000,0x000000001dba0000)]
  0x000000001c0b4000 JavaThread "Daemon periodic checks" [_thread_blocked, id=3556, stack(0x000000001d7a0000,0x000000001d8a0000)]
  0x000000001c0b2000 JavaThread "Incoming local TCP Connector on port 50543" [_thread_in_native, id=6856, stack(0x000000001d560000,0x000000001d660000)]
  0x000000001bfd9800 JavaThread "Daemon health stats" [_thread_blocked, id=13672, stack(0x000000001cf20000,0x000000001d020000)]
  0x000000001974f800 JavaThread "Service Thread" daemon [_thread_blocked, id=1364, stack(0x000000001a380000,0x000000001a480000)]
  0x00000000196ca800 JavaThread "C1 CompilerThread3" daemon [_thread_blocked, id=10592, stack(0x000000001a280000,0x000000001a380000)]
  0x00000000196b9000 JavaThread "C2 CompilerThread2" daemon [_thread_in_native, id=14456, stack(0x000000001a180000,0x000000001a280000)]
  0x00000000196b6800 JavaThread "C2 CompilerThread1" daemon [_thread_in_native, id=632, stack(0x000000001a080000,0x000000001a180000)]
  0x00000000196af800 JavaThread "C2 CompilerThread0" daemon [_thread_blocked, id=9852, stack(0x0000000019f80000,0x000000001a080000)]
  0x00000000196af000 JavaThread "Attach Listener" daemon [_thread_blocked, id=9600, stack(0x0000000019e80000,0x0000000019f80000)]
  0x00000000196ae000 JavaThread "Signal Dispatcher" daemon [_thread_blocked, id=8904, stack(0x0000000019d80000,0x0000000019e80000)]
  0x00000000196a1000 JavaThread "Finalizer" daemon [_thread_blocked, id=2896, stack(0x0000000019b80000,0x0000000019c80000)]
  0x00000000196a0800 JavaThread "Reference Handler" daemon [_thread_blocked, id=2876, stack(0x0000000019a80000,0x0000000019b80000)]
  0x000000000262e800 JavaThread "main" [_thread_blocked, id=8172, stack(0x0000000002630000,0x0000000002730000)]

Other Threads:
  0x0000000017898000 VMThread [stack: 0x0000000019580000,0x0000000019680000] [id=11076]
  0x0000000019750800 WatcherThread [stack: 0x000000001a480000,0x000000001a580000] [id=732]

=>0x000000000274e800 (exited) GCTaskThread [stack: 0x00000000126b0000,0x00000000127b0000] [id=2724]

VM state:at safepoint (normal execution)

VM Mutex/Monitor currently owned by a thread:  ([mutex/lock_event])
[0x000000000262ceb0] Threads_lock - owner thread: 0x0000000017898000
[0x000000000262ce30] Heap_lock - owner thread: 0x000000001c17b800

heap address: 0x0000000080000000, size: 2048 MB, Compressed Oops mode: 32-bit
Narrow klass base: 0x0000000000000000, Narrow klass shift: 3
Compressed class space size: 1073741824 Address: 0x0000000100000000

Heap:
 PSYoungGen      total 338432K, used 18418K [0x00000000d5580000, 0x00000000ebf80000, 0x0000000100000000)
  eden space 320000K, 0% used [0x00000000d5580000,0x00000000d5580000,0x00000000e8e00000)
  from space 18432K, 99% used [0x00000000ea580000,0x00000000eb77ca50,0x00000000eb780000)
  to   space 24064K, 0% used [0x00000000e8e00000,0x00000000e8e00000,0x00000000ea580000)
 ParOldGen       total 142336K, used 23866K [0x0000000080000000, 0x0000000088b00000, 0x00000000d5580000)
  object space 142336K, 16% used [0x0000000080000000,0x000000008174e9c0,0x0000000088b00000)
 Metaspace       used 56710K, capacity 59022K, committed 59160K, reserved 1099776K
  class space    used 7774K, capacity 8252K, committed 8368K, reserved 1048576K

Card table byte_map: [0x0000000011bf0000,0x0000000012000000] byte_map_base: 0x00000000117f0000

Marking Bits: (ParMarkBitMap*) 0x000000007761f030
 Begin Bits: [0x0000000012ab0000, 0x0000000014ab0000)
 End Bits:   [0x0000000014ab0000, 0x0000000016ab0000)

Polling page: 0x0000000002540000

CodeCache: size=245760Kb used=17780Kb max_used=17802Kb free=227979Kb
 bounds [0x0000000002830000, 0x00000000039a0000, 0x0000000011830000]
 total_blobs=5829 nmethods=5058 adapters=684
 compilation: enabled

Compilation events (10 events):
Event: 5.428 Thread 0x00000000196af800 nmethod 5091 0x000000000398dd90 code [0x000000000398dee0, 0x000000000398df68]
Event: 5.428 Thread 0x00000000196ca800 nmethod 5095 0x0000000003986d90 code [0x0000000003986ee0, 0x0000000003986ff0]
Event: 5.429 Thread 0x00000000196ca800 5096       3       java.io.ObjectStreamField::setOffset (6 bytes)
Event: 5.429 Thread 0x00000000196ca800 nmethod 5096 0x0000000003986a90 code [0x0000000003986be0, 0x0000000003986d30]
Event: 5.444 Thread 0x00000000196ca800 5097       3       org.gradle.internal.classloader.FilteringClassLoader::getPackage (22 bytes)
Event: 5.444 Thread 0x00000000196ca800 nmethod 5097 0x0000000003986610 code [0x0000000003986780, 0x00000000039869d8]
Event: 5.445 Thread 0x00000000196af800 5098       4       java.util.Properties$LineReader::readLine (468 bytes)
Event: 5.447 Thread 0x00000000196ca800 5099       3       sun.reflect.annotation.AnnotationInvocationHandler::cloneArray (170 bytes)
Event: 5.448 Thread 0x00000000196ca800 nmethod 5099 0x000000000398c350 code [0x000000000398c5e0, 0x000000000398d948]
Event: 5.454 Thread 0x00000000196af800 nmethod 5098 0x00000000039893d0 code [0x0000000003989560, 0x0000000003989d48]

GC Heap History (10 events):
Event: 3.080 GC heap after
Heap after GC invocations=6 (full 1):
 PSYoungGen      total 140800K, used 10728K [0x00000000d5580000, 0x00000000e4700000, 0x0000000100000000)
  eden space 130048K, 0% used [0x00000000d5580000,0x00000000d5580000,0x00000000dd480000)
  from space 10752K, 99% used [0x00000000dd480000,0x00000000ddefa300,0x00000000ddf00000)
  to   space 15872K, 0% used [0x00000000e3780000,0x00000000e3780000,0x00000000e4700000)
 ParOldGen       total 93696K, used 10596K [0x0000000080000000, 0x0000000085b80000, 0x00000000d5580000)
  object space 93696K, 11% used [0x0000000080000000,0x0000000080a59128,0x0000000085b80000)
 Metaspace       used 32739K, capacity 33780K, committed 33968K, reserved 1079296K
  class space    used 4477K, capacity 4750K, committed 4784K, reserved 1048576K
}
Event: 3.239 GC heap before
{Heap before GC invocations=7 (full 1):
 PSYoungGen      total 140800K, used 42121K [0x00000000d5580000, 0x00000000e4700000, 0x0000000100000000)
  eden space 130048K, 24% used [0x00000000d5580000,0x00000000d74282f0,0x00000000dd480000)
  from space 10752K, 99% used [0x00000000dd480000,0x00000000ddefa300,0x00000000ddf00000)
  to   space 15872K, 0% used [0x00000000e3780000,0x00000000e3780000,0x00000000e4700000)
 ParOldGen       total 93696K, used 10596K [0x0000000080000000, 0x0000000085b80000, 0x00000000d5580000)
  object space 93696K, 11% used [0x0000000080000000,0x0000000080a59128,0x0000000085b80000)
 Metaspace       used 34278K, capacity 35398K, committed 35496K, reserved 1079296K
  class space    used 4720K, capacity 5002K, committed 5040K, reserved 1048576K
Event: 3.247 GC heap after
Heap after GC invocations=7 (full 1):
 PSYoungGen      total 232448K, used 8250K [0x00000000d5580000, 0x00000000e4c00000, 0x0000000100000000)
  eden space 216576K, 0% used [0x00000000d5580000,0x00000000d5580000,0x00000000e2900000)
  from space 15872K, 51% used [0x00000000e3780000,0x00000000e3f8ebc8,0x00000000e4700000)
  to   space 14848K, 0% used [0x00000000e2900000,0x00000000e2900000,0x00000000e3780000)
 ParOldGen       total 93696K, used 10604K [0x0000000080000000, 0x0000000085b80000, 0x00000000d5580000)
  object space 93696K, 11% used [0x0000000080000000,0x0000000080a5b128,0x0000000085b80000)
 Metaspace       used 34278K, capacity 35398K, committed 35496K, reserved 1079296K
  class space    used 4720K, capacity 5002K, committed 5040K, reserved 1048576K
}
Event: 3.247 GC heap before
{Heap before GC invocations=8 (full 2):
 PSYoungGen      total 232448K, used 8250K [0x00000000d5580000, 0x00000000e4c00000, 0x0000000100000000)
  eden space 216576K, 0% used [0x00000000d5580000,0x00000000d5580000,0x00000000e2900000)
  from space 15872K, 51% used [0x00000000e3780000,0x00000000e3f8ebc8,0x00000000e4700000)
  to   space 14848K, 0% used [0x00000000e2900000,0x00000000e2900000,0x00000000e3780000)
 ParOldGen       total 93696K, used 10604K [0x0000000080000000, 0x0000000085b80000, 0x00000000d5580000)
  object space 93696K, 11% used [0x0000000080000000,0x0000000080a5b128,0x0000000085b80000)
 Metaspace       used 34278K, capacity 35398K, committed 35496K, reserved 1079296K
  class space    used 4720K, capacity 5002K, committed 5040K, reserved 1048576K
Event: 3.286 GC heap after
Heap after GC invocations=8 (full 2):
 PSYoungGen      total 232448K, used 0K [0x00000000d5580000, 0x00000000e4c00000, 0x0000000100000000)
  eden space 216576K, 0% used [0x00000000d5580000,0x00000000d5580000,0x00000000e2900000)
  from space 15872K, 0% used [0x00000000e3780000,0x00000000e3780000,0x00000000e4700000)
  to   space 14848K, 0% used [0x00000000e2900000,0x00000000e2900000,0x00000000e3780000)
 ParOldGen       total 142336K, used 14642K [0x0000000080000000, 0x0000000088b00000, 0x00000000d5580000)
  object space 142336K, 10% used [0x0000000080000000,0x0000000080e4c9f0,0x0000000088b00000)
 Metaspace       used 34278K, capacity 35398K, committed 35496K, reserved 1079296K
  class space    used 4720K, capacity 5002K, committed 5040K, reserved 1048576K
}
Event: 4.372 GC heap before
{Heap before GC invocations=9 (full 2):
 PSYoungGen      total 232448K, used 216576K [0x00000000d5580000, 0x00000000e4c00000, 0x0000000100000000)
  eden space 216576K, 100% used [0x00000000d5580000,0x00000000e2900000,0x00000000e2900000)
  from space 15872K, 0% used [0x00000000e3780000,0x00000000e3780000,0x00000000e4700000)
  to   space 14848K, 0% used [0x00000000e2900000,0x00000000e2900000,0x00000000e3780000)
 ParOldGen       total 142336K, used 14642K [0x0000000080000000, 0x0000000088b00000, 0x00000000d5580000)
  object space 142336K, 10% used [0x0000000080000000,0x0000000080e4c9f0,0x0000000088b00000)
 Metaspace       used 45479K, capacity 47348K, committed 47528K, reserved 1089536K
  class space    used 6166K, capacity 6560K, committed 6576K, reserved 1048576K
Event: 4.385 GC heap after
Heap after GC invocations=9 (full 2):
 PSYoungGen      total 231424K, used 14833K [0x00000000d5580000, 0x00000000eb780000, 0x0000000100000000)
  eden space 216576K, 0% used [0x00000000d5580000,0x00000000d5580000,0x00000000e2900000)
  from space 14848K, 99% used [0x00000000e2900000,0x00000000e377c6d0,0x00000000e3780000)
  to   space 18432K, 0% used [0x00000000ea580000,0x00000000ea580000,0x00000000eb780000)
 ParOldGen       total 142336K, used 17115K [0x0000000080000000, 0x0000000088b00000, 0x00000000d5580000)
  object space 142336K, 12% used [0x0000000080000000,0x00000000810b6d18,0x0000000088b00000)
 Metaspace       used 45479K, capacity 47348K, committed 47528K, reserved 1089536K
  class space    used 6166K, capacity 6560K, committed 6576K, reserved 1048576K
}
Event: 5.463 GC heap before
{Heap before GC invocations=10 (full 2):
 PSYoungGen      total 231424K, used 154298K [0x00000000d5580000, 0x00000000eb780000, 0x0000000100000000)
  eden space 216576K, 64% used [0x00000000d5580000,0x00000000dddb2258,0x00000000e2900000)
  from space 14848K, 99% used [0x00000000e2900000,0x00000000e377c6d0,0x00000000e3780000)
  to   space 18432K, 0% used [0x00000000ea580000,0x00000000ea580000,0x00000000eb780000)
 ParOldGen       total 142336K, used 17115K [0x0000000080000000, 0x0000000088b00000, 0x00000000d5580000)
  object space 142336K, 12% used [0x0000000080000000,0x00000000810b6d18,0x0000000088b00000)
 Metaspace       used 56710K, capacity 59022K, committed 59160K, reserved 1099776K
  class space    used 7774K, capacity 8252K, committed 8368K, reserved 1048576K
Event: 5.482 GC heap after
Heap after GC invocations=10 (full 2):
 PSYoungGen      total 338432K, used 18418K [0x00000000d5580000, 0x00000000ebf80000, 0x0000000100000000)
  eden space 320000K, 0% used [0x00000000d5580000,0x00000000d5580000,0x00000000e8e00000)
  from space 18432K, 99% used [0x00000000ea580000,0x00000000eb77ca50,0x00000000eb780000)
  to   space 24064K, 0% used [0x00000000e8e00000,0x00000000e8e00000,0x00000000ea580000)
 ParOldGen       total 142336K, used 23866K [0x0000000080000000, 0x0000000088b00000, 0x00000000d5580000)
  object space 142336K, 16% used [0x0000000080000000,0x000000008174e9c0,0x0000000088b00000)
 Metaspace       used 56710K, capacity 59022K, committed 59160K, reserved 1099776K
  class space    used 7774K, capacity 8252K, committed 8368K, reserved 1048576K
}
Event: 5.482 GC heap before
{Heap before GC invocations=11 (full 3):
 PSYoungGen      total 338432K, used 18418K [0x00000000d5580000, 0x00000000ebf80000, 0x0000000100000000)
  eden space 320000K, 0% used [0x00000000d5580000,0x00000000d5580000,0x00000000e8e00000)
  from space 18432K, 99% used [0x00000000ea580000,0x00000000eb77ca50,0x00000000eb780000)
  to   space 24064K, 0% used [0x00000000e8e00000,0x00000000e8e00000,0x00000000ea580000)
 ParOldGen       total 142336K, used 23866K [0x0000000080000000, 0x0000000088b00000, 0x00000000d5580000)
  object space 142336K, 16% used [0x0000000080000000,0x000000008174e9c0,0x0000000088b00000)
 Metaspace       used 56710K, capacity 59022K, committed 59160K, reserved 1099776K
  class space    used 7774K, capacity 8252K, committed 8368K, reserved 1048576K

Deoptimization events (10 events):
Event: 4.797 Thread 0x000000001c17b800 Uncommon trap: reason=null_check action=make_not_entrant pc=0x0000000002fd5550 method=java.lang.Class.searchMethods([Ljava/lang/reflect/Method;Ljava/lang/String;[Ljava/lang/Class;)Ljava/lang/reflect/Method; @ 59
Event: 5.165 Thread 0x000000001c17b800 Uncommon trap: reason=unstable_if action=reinterpret pc=0x00000000035d3768 method=sun.misc.MetaIndex.mayContain(Ljava/lang/String;)Z @ 38
Event: 5.166 Thread 0x000000001c17b800 Uncommon trap: reason=unstable_if action=reinterpret pc=0x00000000036a4560 method=java.security.CodeSource.hashCode()I @ 4
Event: 5.320 Thread 0x000000001c17b800 Uncommon trap: reason=unstable_if action=reinterpret pc=0x000000000360e7e0 method=org.objectweb.asm.ByteVector.putInt(I)Lorg/objectweb/asm/ByteVector; @ 13
Event: 5.335 Thread 0x000000001c17b800 Uncommon trap: reason=unstable_if action=reinterpret pc=0x0000000002b411b4 method=java.util.HashMap.resize()[Ljava/util/HashMap$Node; @ 206
Event: 5.335 Thread 0x000000001c17b800 Uncommon trap: reason=unstable_if action=reinterpret pc=0x0000000003583a68 method=java.util.HashMap.getNode(ILjava/lang/Object;)Ljava/util/HashMap$Node; @ 84
Event: 5.335 Thread 0x000000001c17b800 Uncommon trap: reason=unstable_if action=reinterpret pc=0x0000000003887cac method=java.util.HashMap.getNode(ILjava/lang/Object;)Ljava/util/HashMap$Node; @ 84
Event: 5.336 Thread 0x000000001c17b800 Uncommon trap: reason=unstable_if action=reinterpret pc=0x00000000036a8e20 method=java.util.HashMap.getNode(ILjava/lang/Object;)Ljava/util/HashMap$Node; @ 84
Event: 5.351 Thread 0x000000001c17b800 Uncommon trap: reason=unstable_if action=reinterpret pc=0x00000000032c5980 method=java.io.WinNTFileSystem.normalize(Ljava/lang/String;)Ljava/lang/String; @ 74
Event: 5.351 Thread 0x000000001c17b800 Uncommon trap: reason=unstable_if action=reinterpret pc=0x0000000002e1b4ec method=java.io.WinNTFileSystem.normalize(Ljava/lang/String;II)Ljava/lang/String; @ 103

Classes redefined (0 events):
No events

Internal exceptions (10 events):
Event: 4.853 Thread 0x000000001c17b800 Exception <a 'java/lang/ClassNotFoundException': org/codehaus/groovy/runtime/GStringImplCustomizer> (0x00000000d9d9d368) thrown at [C:\src\AOSP-openjdk-git\hotspot\src\share\vm\classfile\systemDictionary.cpp, line 210]
Event: 5.166 Thread 0x000000001c17b800 Implicit null exception at 0x00000000036a33ba to 0x00000000036a4535
Event: 5.270 Thread 0x000000001c17b800 Exception <a 'java/lang/ClassNotFoundException': com/android/build/gradle/internal/api/ApkVariantOutputImpl_DecoratedBeanInfo> (0x00000000dc5ca5e0) thrown at [C:\src\AOSP-openjdk-git\hotspot\src\share\vm\classfile\systemDictionary.cpp, line 210]
Event: 5.271 Thread 0x000000001c17b800 Exception <a 'java/lang/ClassNotFoundException': com/android/build/gradle/internal/api/ApkVariantOutputImplBeanInfo> (0x00000000dc5e7810) thrown at [C:\src\AOSP-openjdk-git\hotspot\src\share\vm\classfile\systemDictionary.cpp, line 210]
Event: 5.271 Thread 0x000000001c17b800 Exception <a 'java/lang/ClassNotFoundException': com/android/build/gradle/internal/api/BaseVariantOutputImplBeanInfo> (0x00000000dc605c48) thrown at [C:\src\AOSP-openjdk-git\hotspot\src\share\vm\classfile\systemDictionary.cpp, line 210]
Event: 5.272 Thread 0x000000001c17b800 Exception <a 'java/lang/ClassNotFoundException': com/android/build/gradle/internal/api/BaseVariantOutputImplCustomizer> (0x00000000dc6245e0) thrown at [C:\src\AOSP-openjdk-git\hotspot\src\share\vm\classfile\systemDictionary.cpp, line 210]
Event: 5.273 Thread 0x000000001c17b800 Exception <a 'java/lang/ClassNotFoundException': com/android/build/gradle/internal/api/ApkVariantOutputImplCustomizer> (0x00000000dc65cd88) thrown at [C:\src\AOSP-openjdk-git\hotspot\src\share\vm\classfile\systemDictionary.cpp, line 210]
Event: 5.273 Thread 0x000000001c17b800 Exception <a 'java/lang/ClassNotFoundException': com/android/build/gradle/internal/api/ApkVariantOutputImpl_DecoratedCustomizer> (0x00000000dc690b28) thrown at [C:\src\AOSP-openjdk-git\hotspot\src\share\vm\classfile\systemDictionary.cpp, line 210]
Event: 5.372 Thread 0x000000001c17b800 Exception <a 'java/lang/NoSuchMethodError': java.lang.Object.lambda$static$0(Lorg/gradle/api/internal/tasks/TaskDependencyResolveContext;)V> (0x00000000dd14ae70) thrown at [C:\src\AOSP-openjdk-git\hotspot\src\share\vm\interpreter\linkResolver.cpp, line 62
Event: 5.458 Thread 0x000000001c17b800 Exception <a 'sun/nio/fs/WindowsException'> (0x00000000ddaded30) thrown at [C:\src\AOSP-openjdk-git\hotspot\src\share\vm\prims\jni.cpp, line 710]

Events (10 events):
Event: 5.461 loading class com/android/build/gradle/internal/PlatformToolsComponents done
Event: 5.461 loading class com/android/build/gradle/internal/PlatformToolsComponents$Companion
Event: 5.462 loading class com/android/build/gradle/internal/PlatformToolsComponents$Companion done
Event: 5.462 loading class kotlin/io/FilesKt
Event: 5.462 loading class kotlin/io/FilesKt done
Event: 5.462 loading class kotlin/io/FilesKt
Event: 5.462 loading class kotlin/io/FilesKt done
Event: 5.462 loading class kotlin/io/FilesKt__UtilsKt
Event: 5.462 loading class kotlin/io/FilesKt__UtilsKt done
Event: 5.462 Executing VM operation: CollectForMetadataAllocation


Dynamic libraries:
0x00007ff6cc100000 - 0x00007ff6cc131000 	C:\Program Files\Android\Android Studio\jre\bin\java.exe
0x00007ffb758d0000 - 0x00007ffb75ac5000 	C:\WINDOWS\SYSTEM32\ntdll.dll
0x00007ffb75690000 - 0x00007ffb7574d000 	C:\WINDOWS\System32\KERNEL32.DLL
0x00007ffb732a0000 - 0x00007ffb73568000 	C:\WINDOWS\System32\KERNELBASE.dll
0x00007ffb75400000 - 0x00007ffb754ac000 	C:\WINDOWS\System32\ADVAPI32.dll
0x00007ffb75240000 - 0x00007ffb752de000 	C:\WINDOWS\System32\msvcrt.dll
0x00007ffb757f0000 - 0x00007ffb7588b000 	C:\WINDOWS\System32\sechost.dll
0x00007ffb75110000 - 0x00007ffb7523b000 	C:\WINDOWS\System32\RPCRT4.dll
0x00007ffb74660000 - 0x00007ffb74800000 	C:\WINDOWS\System32\USER32.dll
0x00007ffb73900000 - 0x00007ffb73922000 	C:\WINDOWS\System32\win32u.dll
0x00007ffb757c0000 - 0x00007ffb757ea000 	C:\WINDOWS\System32\GDI32.dll
0x00007ffb73010000 - 0x00007ffb7311b000 	C:\WINDOWS\System32\gdi32full.dll
0x00007ffb735a0000 - 0x00007ffb7363d000 	C:\WINDOWS\System32\msvcp_win.dll
0x00007ffb731a0000 - 0x00007ffb732a0000 	C:\WINDOWS\System32\ucrtbase.dll
0x00007ffb72430000 - 0x00007ffb726ca000 	C:\WINDOWS\WinSxS\amd64_microsoft.windows.common-controls_6595b64144ccf1df_6.0.19041.844_none_ca00b6081b84eb1d\COMCTL32.dll
0x00007ffb73d10000 - 0x00007ffb73d40000 	C:\WINDOWS\System32\IMM32.DLL
0x0000000076c90000 - 0x0000000076d62000 	C:\Program Files\Android\Android Studio\jre\jre\bin\msvcr100.dll
0x0000000076e50000 - 0x000000007769b000 	C:\Program Files\Android\Android Studio\jre\jre\bin\server\jvm.dll
0x00007ffb74590000 - 0x00007ffb74598000 	C:\WINDOWS\System32\PSAPI.DLL
0x00007ffb64e80000 - 0x00007ffb64e89000 	C:\WINDOWS\SYSTEM32\WSOCK32.dll
0x00007ffb65090000 - 0x00007ffb650b7000 	C:\WINDOWS\SYSTEM32\WINMM.dll
0x00007ffb75750000 - 0x00007ffb757bb000 	C:\WINDOWS\System32\WS2_32.dll
0x00007ffb6fc40000 - 0x00007ffb6fc4a000 	C:\WINDOWS\SYSTEM32\VERSION.dll
0x00007ffb6ffe0000 - 0x00007ffb6ffef000 	C:\Program Files\Android\Android Studio\jre\jre\bin\verify.dll
0x00007ffb69570000 - 0x00007ffb69599000 	C:\Program Files\Android\Android Studio\jre\jre\bin\java.dll
0x00007ffb69d60000 - 0x00007ffb69d76000 	C:\Program Files\Android\Android Studio\jre\jre\bin\zip.dll
0x00007ffb73e40000 - 0x00007ffb74582000 	C:\WINDOWS\System32\SHELL32.dll
0x00007ffb70ae0000 - 0x00007ffb71271000 	C:\WINDOWS\SYSTEM32\windows.storage.dll
0x00007ffb739b0000 - 0x00007ffb73d05000 	C:\WINDOWS\System32\combase.dll
0x00007ffb72390000 - 0x00007ffb723bc000 	C:\WINDOWS\SYSTEM32\Wldp.dll
0x00007ffb754b0000 - 0x00007ffb7555e000 	C:\WINDOWS\System32\SHCORE.dll
0x00007ffb749b0000 - 0x00007ffb74a05000 	C:\WINDOWS\System32\shlwapi.dll
0x00007ffb72f50000 - 0x00007ffb72f6f000 	C:\WINDOWS\SYSTEM32\profapi.dll
0x00007ffb69550000 - 0x00007ffb6956a000 	C:\Program Files\Android\Android Studio\jre\jre\bin\net.dll
0x00007ffb72270000 - 0x00007ffb722da000 	C:\WINDOWS\system32\mswsock.dll
0x00007ffb685f0000 - 0x00007ffb68603000 	C:\Program Files\Android\Android Studio\jre\jre\bin\nio.dll
0x00007ffb6ecf0000 - 0x00007ffb6ed17000 	C:\Users\lmsiu\.gradle\native\f6784746aeab05261644944871eae4fe03e0ef1612fff0a4a95f87b438bc6780\windows-amd64\native-platform.dll
0x00007ffb685e0000 - 0x00007ffb685ed000 	C:\Program Files\Android\Android Studio\jre\jre\bin\management.dll
0x00007ffb72da0000 - 0x00007ffb72db8000 	C:\WINDOWS\SYSTEM32\CRYPTSP.dll
0x00007ffb71ac0000 - 0x00007ffb71af4000 	C:\WINDOWS\system32\rsaenh.dll
0x00007ffb73570000 - 0x00007ffb73597000 	C:\WINDOWS\System32\bcrypt.dll
0x00007ffb72f10000 - 0x00007ffb72f3e000 	C:\WINDOWS\SYSTEM32\USERENV.dll
0x00007ffb73120000 - 0x00007ffb731a0000 	C:\WINDOWS\System32\bcryptprimitives.dll
0x00007ffb72350000 - 0x00007ffb7235c000 	C:\WINDOWS\SYSTEM32\CRYPTBASE.dll
0x00007ffb71df0000 - 0x00007ffb71e2b000 	C:\WINDOWS\SYSTEM32\IPHLPAPI.DLL
0x00007ffb75340000 - 0x00007ffb75348000 	C:\WINDOWS\System32\NSI.dll
0x00007ffb69d80000 - 0x00007ffb69d97000 	C:\WINDOWS\SYSTEM32\dhcpcsvc6.DLL
0x00007ffb6a7b0000 - 0x00007ffb6a7cd000 	C:\WINDOWS\SYSTEM32\dhcpcsvc.DLL
0x00007ffb71e30000 - 0x00007ffb71efc000 	C:\WINDOWS\SYSTEM32\DNSAPI.dll
0x00007ffb6aae0000 - 0x00007ffb6aaeb000 	C:\WINDOWS\SYSTEM32\WINNSI.DLL
0x00007ffb728a0000 - 0x00007ffb72a84000 	C:\WINDOWS\SYSTEM32\dbghelp.dll

VM Arguments:
jvm_args: -Xmx2048m -Dfile.encoding=UTF-8 -Duser.country=US -Duser.language=en -Duser.variant 
java_command: org.gradle.launcher.daemon.bootstrap.GradleDaemon 6.5
java_class_path (initial): C:\Users\lmsiu\.gradle\wrapper\dists\gradle-6.5-bin\6nifqtx7604sqp1q6g8wikw7p\gradle-6.5\lib\gradle-launcher-6.5.jar
Launcher Type: SUN_STANDARD

Environment Variables:
PATH=C:\Python39\Scripts\;C:\Python39\;C:\Program Files (x86)\Intel\Intel(R) Management Engine Components\iCLS\;C:\Program Files\Intel\Intel(R) Management Engine Components\iCLS\;C:\WINDOWS\system32;C:\WINDOWS;C:\WINDOWS\System32\Wbem;C:\WINDOWS\System32\WindowsPowerShell\v1.0\;C:\WINDOWS\System32\OpenSSH\;C:\Program Files (x86)\Intel\Intel(R) Management Engine Components\DAL;C:\Program Files\Intel\Intel(R) Management Engine Components\DAL;C:\Program Files (x86)\Intel\Intel(R) Management Engine Components\IPT;C:\Program Files\Intel\Intel(R) Management Engine Components\IPT;C:\Program Files\Intel\WiFi\bin\;C:\Program Files\Common Files\Intel\WirelessCommon\;C:\Program Files (x86)\PuTTY\;C:\Program Files\Git\cmd;C:\Program Files\nodejs\;C:\ProgramData\chocolatey\bin;C:\Users\lmsiu\AppData\Local\Microsoft\WindowsApps;;C:\Users\lmsiu\AppData\Local\Programs\Microsoft VS Code\bin;C:\Users\lmsiu\AppData\Roaming\npm
USERNAME=lmsiu
OS=Windows_NT
PROCESSOR_IDENTIFIER=Intel64 Family 6 Model 142 Stepping 10, GenuineIntel



---------------  S Y S T E M  ---------------

OS: Windows 10.0 , 64 bit Build 19041 (10.0.19041.928)

CPU:total 8 (initial active 8) (4 cores per cpu, 2 threads per core) family 6 model 142 stepping 10, cmov, cx8, fxsr, mmx, sse, sse2, sse3, ssse3, sse4.1, sse4.2, popcnt, avx, avx2, aes, clmul, erms, 3dnowpref, lzcnt, ht, tsc, tscinvbit, bmi1, bmi2, adx

Memory: 4k page, physical 16607352k(7526836k free), swap 19097720k(8561680k free)

vm_info: OpenJDK 64-Bit Server VM (25.242-b01) for windows-amd64 JRE (1.8.0_242-release-1644-b01), built by "builder" with MS VC++ 10.0 (VS2010)

time: Thu Apr 29 18:55:28 2021
timezone: Pacific Daylight Time
elapsed time: 5 seconds (0d 0h 0m 5s)

